This is pdfTeX, Version 3.14159265-2.6-1.40.18 (TeX Live 2017) (preloaded format=pdflatex 2017.5.23)  19 FEB 2018 19:13
entering extended mode
 restricted \write18 enabled.
 file:line:error style messages enabled.
 %&-line parsing enabled.
**main.tex
(./main.tex
LaTeX2e <2017-04-15>
Babel <3.10> and hyphenation patterns for 84 language(s) loaded.
(/usr/local/texlive/2017/texmf-dist/tex/latex/base/article.cls
Document Class: article 2014/09/29 v1.4h Standard LaTeX document class
(/usr/local/texlive/2017/texmf-dist/tex/latex/base/size10.clo
File: size10.clo 2014/09/29 v1.4h Standard LaTeX file (size option)
)
\c@part=\count79
\c@section=\count80
\c@subsection=\count81
\c@subsubsection=\count82
\c@paragraph=\count83
\c@subparagraph=\count84
\c@figure=\count85
\c@table=\count86
\abovecaptionskip=\skip41
\belowcaptionskip=\skip42
\bibindent=\dimen102
)
(/usr/local/texlive/2017/texmf-dist/tex/latex/geometry/geometry.sty
Package: geometry 2010/09/12 v5.6 Page Geometry

(/usr/local/texlive/2017/texmf-dist/tex/latex/graphics/keyval.sty
Package: keyval 2014/10/28 v1.15 key=value parser (DPC)
\KV@toks@=\toks14
)
(/usr/local/texlive/2017/texmf-dist/tex/generic/oberdiek/ifpdf.sty
Package: ifpdf 2017/03/15 v3.2 Provides the ifpdf switch
)
(/usr/local/texlive/2017/texmf-dist/tex/generic/oberdiek/ifvtex.sty
Package: ifvtex 2016/05/16 v1.6 Detect VTeX and its facilities (HO)
Package ifvtex Info: VTeX not detected.
)
(/usr/local/texlive/2017/texmf-dist/tex/generic/ifxetex/ifxetex.sty
Package: ifxetex 2010/09/12 v0.6 Provides ifxetex conditional
)
\Gm@cnth=\count87
\Gm@cntv=\count88
\c@Gm@tempcnt=\count89
\Gm@bindingoffset=\dimen103
\Gm@wd@mp=\dimen104
\Gm@odd@mp=\dimen105
\Gm@even@mp=\dimen106
\Gm@layoutwidth=\dimen107
\Gm@layoutheight=\dimen108
\Gm@layouthoffset=\dimen109
\Gm@layoutvoffset=\dimen110
\Gm@dimlist=\toks15
)
(/usr/local/texlive/2017/texmf-dist/tex/latex/changepage/changepage.sty
Package: changepage 2009/10/20 v1.0c check page and change page layout
\c@cp@cntr=\count90
\cp@tempcnt=\count91
)
(/usr/local/texlive/2017/texmf-dist/tex/latex/graphics/lscape.sty
Package: lscape 2000/10/22 v3.01 Landscape Pages (DPC)

(/usr/local/texlive/2017/texmf-dist/tex/latex/graphics/graphics.sty
Package: graphics 2017/04/14 v1.1b Standard LaTeX Graphics (DPC,SPQR)

(/usr/local/texlive/2017/texmf-dist/tex/latex/graphics/trig.sty
Package: trig 2016/01/03 v1.10 sin cos tan (DPC)
)
(/usr/local/texlive/2017/texmf-dist/tex/latex/graphics-cfg/graphics.cfg
File: graphics.cfg 2016/06/04 v1.11 sample graphics configuration
)
Package graphics Info: Driver file: pdftex.def on input line 99.

(/usr/local/texlive/2017/texmf-dist/tex/latex/graphics-def/pdftex.def
File: pdftex.def 2017/01/12 v0.06k Graphics/color for pdfTeX

(/usr/local/texlive/2017/texmf-dist/tex/generic/oberdiek/infwarerr.sty
Package: infwarerr 2016/05/16 v1.4 Providing info/warning/error messages (HO)
)
(/usr/local/texlive/2017/texmf-dist/tex/generic/oberdiek/ltxcmds.sty
Package: ltxcmds 2016/05/16 v1.23 LaTeX kernel commands for general use (HO)
)
\Gread@gobject=\count92
)))
(/usr/local/texlive/2017/texmf-dist/tex/latex/xcolor/xcolor.sty
Package: xcolor 2016/05/11 v2.12 LaTeX color extensions (UK)

(/usr/local/texlive/2017/texmf-dist/tex/latex/graphics-cfg/color.cfg
File: color.cfg 2016/01/02 v1.6 sample color configuration
)
Package xcolor Info: Driver file: pdftex.def on input line 225.

(/usr/local/texlive/2017/texmf-dist/tex/latex/colortbl/colortbl.sty
Package: colortbl 2012/02/13 v1.0a Color table columns (DPC)

(/usr/local/texlive/2017/texmf-dist/tex/latex/tools/array.sty
Package: array 2016/10/06 v2.4d Tabular extension package (FMi)
\col@sep=\dimen111
\extrarowheight=\dimen112
\NC@list=\toks16
\extratabsurround=\skip43
\backup@length=\skip44
)
\everycr=\toks17
\minrowclearance=\skip45
)
\rownum=\count93
Package xcolor Info: Model `cmy' substituted by `cmy0' on input line 1348.
Package xcolor Info: Model `hsb' substituted by `rgb' on input line 1352.
Package xcolor Info: Model `RGB' extended on input line 1364.
Package xcolor Info: Model `HTML' substituted by `rgb' on input line 1366.
Package xcolor Info: Model `Hsb' substituted by `hsb' on input line 1367.
Package xcolor Info: Model `tHsb' substituted by `hsb' on input line 1368.
Package xcolor Info: Model `HSB' substituted by `hsb' on input line 1369.
Package xcolor Info: Model `Gray' substituted by `gray' on input line 1370.
Package xcolor Info: Model `wave' substituted by `hsb' on input line 1371.
)
(/usr/local/texlive/2017/texmf-dist/tex/latex/soul/soul.sty
Package: soul 2003/11/17 v2.4 letterspacing/underlining (mf)
\SOUL@word=\toks18
\SOUL@lasttoken=\toks19
\SOUL@cmds=\toks20
\SOUL@buffer=\toks21
\SOUL@token=\toks22
\SOUL@spaceskip=\skip46
\SOUL@ttwidth=\dimen113
\SOUL@uldp=\dimen114
\SOUL@ulht=\dimen115
)
(/usr/local/texlive/2017/texmf-dist/tex/latex/float/float.sty
Package: float 2001/11/08 v1.3d Float enhancements (AL)
\c@float@type=\count94
\float@exts=\toks23
\float@box=\box26
\@float@everytoks=\toks24
\@floatcapt=\box27
)
(/usr/local/texlive/2017/texmf-dist/tex/latex/wrapfig/wrapfig.sty
\wrapoverhang=\dimen116
\WF@size=\dimen117
\c@WF@wrappedlines=\count95
\WF@box=\box28
\WF@everypar=\toks25
Package: wrapfig 2003/01/31  v 3.6
)
(/usr/local/texlive/2017/texmf-dist/tex/latex/sidecap/sidecap.sty
Package: sidecap 2003/06/06 v1.6f SideCap Package (RN/HjG)

(/usr/local/texlive/2017/texmf-dist/tex/latex/base/ifthen.sty
Package: ifthen 2014/09/29 v1.1c Standard LaTeX ifthen package (DPC)
)
\SC@BOXWD=\dimen118
\SC@CAPWD=\dimen119
\SC@tempdima=\dimen120
\SC@tempdimb=\dimen121
\c@SC@C=\count96
\SC@BOX=\box29
)
(/usr/local/texlive/2017/texmf-dist/tex/latex/subfigure/subfigure.sty
Package: subfigure 2002/03/15 v2.1.5 subfigure package
\subfigtopskip=\skip47
\subfigcapskip=\skip48
\subfigcaptopadj=\dimen122
\subfigbottomskip=\skip49
\subfigcapmargin=\dimen123
\subfiglabelskip=\skip50
\c@subfigure=\count97
\c@lofdepth=\count98
\c@subtable=\count99
\c@lotdepth=\count100

****************************************
* Local config file subfigure.cfg used *
****************************************
(/usr/local/texlive/2017/texmf-dist/tex/latex/subfigure/subfigure.cfg)
\subfig@top=\skip51
\subfig@bottom=\skip52
)
(/usr/local/texlive/2017/texmf-dist/tex/latex/caption/caption.sty
Package: caption 2016/02/21 v3.3-144 Customizing captions (AR)

(/usr/local/texlive/2017/texmf-dist/tex/latex/caption/caption3.sty
Package: caption3 2016/05/22 v1.7-166 caption3 kernel (AR)
Package caption3 Info: TeX engine: e-TeX on input line 67.
\captionmargin=\dimen124
\captionmargin@=\dimen125
\captionwidth=\dimen126
\caption@tempdima=\dimen127
\caption@indent=\dimen128
\caption@parindent=\dimen129
\caption@hangindent=\dimen130
)
\c@ContinuedFloat=\count101
Package caption Info: float package is loaded.
Package caption Info: sidecap package is loaded.
Package caption Info: subfigure package is loaded.
Package caption Info: wrapfig package is loaded.
)
(/usr/local/texlive/2017/texmf-dist/tex/latex/cabin/cabin.sty
Package: cabin 2016/02/26 (Bob Tennent) Supports Cabin fonts for all LaTeX engi
nes.

(/usr/local/texlive/2017/texmf-dist/tex/generic/oberdiek/ifluatex.sty
Package: ifluatex 2016/05/16 v1.4 Provides the ifluatex switch (HO)
Package ifluatex Info: LuaTeX not detected.
)
(/usr/local/texlive/2017/texmf-dist/tex/latex/xkeyval/xkeyval.sty
Package: xkeyval 2014/12/03 v2.7a package option processing (HA)

(/usr/local/texlive/2017/texmf-dist/tex/generic/xkeyval/xkeyval.tex
(/usr/local/texlive/2017/texmf-dist/tex/generic/xkeyval/xkvutils.tex
\XKV@toks=\toks26
\XKV@tempa@toks=\toks27
)
\XKV@depth=\count102
File: xkeyval.tex 2014/12/03 v2.7a key=value parser (HA)
))
(/usr/local/texlive/2017/texmf-dist/tex/latex/base/textcomp.sty
Package: textcomp 2017/04/05 v2.0i Standard LaTeX package
Package textcomp Info: Sub-encoding information:
(textcomp)               5 = only ISO-Adobe without \textcurrency
(textcomp)               4 = 5 + \texteuro
(textcomp)               3 = 4 + \textohm
(textcomp)               2 = 3 + \textestimated + \textcurrency
(textcomp)               1 = TS1 - \textcircled - \t
(textcomp)               0 = TS1 (full)
(textcomp)             Font families with sub-encoding setting implement
(textcomp)             only a restricted character set as indicated.
(textcomp)             Family '?' is the default used for unknown fonts.
(textcomp)             See the documentation for details.
Package textcomp Info: Setting ? sub-encoding to TS1/1 on input line 79.

(/usr/local/texlive/2017/texmf-dist/tex/latex/base/ts1enc.def
File: ts1enc.def 2001/06/05 v3.0e (jk/car/fm) Standard LaTeX file
)
LaTeX Info: Redefining \oldstylenums on input line 334.
Package textcomp Info: Setting cmr sub-encoding to TS1/0 on input line 349.
Package textcomp Info: Setting cmss sub-encoding to TS1/0 on input line 350.
Package textcomp Info: Setting cmtt sub-encoding to TS1/0 on input line 351.
Package textcomp Info: Setting cmvtt sub-encoding to TS1/0 on input line 352.
Package textcomp Info: Setting cmbr sub-encoding to TS1/0 on input line 353.
Package textcomp Info: Setting cmtl sub-encoding to TS1/0 on input line 354.
Package textcomp Info: Setting ccr sub-encoding to TS1/0 on input line 355.
Package textcomp Info: Setting ptm sub-encoding to TS1/4 on input line 356.
Package textcomp Info: Setting pcr sub-encoding to TS1/4 on input line 357.
Package textcomp Info: Setting phv sub-encoding to TS1/4 on input line 358.
Package textcomp Info: Setting ppl sub-encoding to TS1/3 on input line 359.
Package textcomp Info: Setting pag sub-encoding to TS1/4 on input line 360.
Package textcomp Info: Setting pbk sub-encoding to TS1/4 on input line 361.
Package textcomp Info: Setting pnc sub-encoding to TS1/4 on input line 362.
Package textcomp Info: Setting pzc sub-encoding to TS1/4 on input line 363.
Package textcomp Info: Setting bch sub-encoding to TS1/4 on input line 364.
Package textcomp Info: Setting put sub-encoding to TS1/5 on input line 365.
Package textcomp Info: Setting uag sub-encoding to TS1/5 on input line 366.
Package textcomp Info: Setting ugq sub-encoding to TS1/5 on input line 367.
Package textcomp Info: Setting ul8 sub-encoding to TS1/4 on input line 368.
Package textcomp Info: Setting ul9 sub-encoding to TS1/4 on input line 369.
Package textcomp Info: Setting augie sub-encoding to TS1/5 on input line 370.
Package textcomp Info: Setting dayrom sub-encoding to TS1/3 on input line 371.
Package textcomp Info: Setting dayroms sub-encoding to TS1/3 on input line 372.

Package textcomp Info: Setting pxr sub-encoding to TS1/0 on input line 373.
Package textcomp Info: Setting pxss sub-encoding to TS1/0 on input line 374.
Package textcomp Info: Setting pxtt sub-encoding to TS1/0 on input line 375.
Package textcomp Info: Setting txr sub-encoding to TS1/0 on input line 376.
Package textcomp Info: Setting txss sub-encoding to TS1/0 on input line 377.
Package textcomp Info: Setting txtt sub-encoding to TS1/0 on input line 378.
Package textcomp Info: Setting lmr sub-encoding to TS1/0 on input line 379.
Package textcomp Info: Setting lmdh sub-encoding to TS1/0 on input line 380.
Package textcomp Info: Setting lmss sub-encoding to TS1/0 on input line 381.
Package textcomp Info: Setting lmssq sub-encoding to TS1/0 on input line 382.
Package textcomp Info: Setting lmvtt sub-encoding to TS1/0 on input line 383.
Package textcomp Info: Setting lmtt sub-encoding to TS1/0 on input line 384.
Package textcomp Info: Setting qhv sub-encoding to TS1/0 on input line 385.
Package textcomp Info: Setting qag sub-encoding to TS1/0 on input line 386.
Package textcomp Info: Setting qbk sub-encoding to TS1/0 on input line 387.
Package textcomp Info: Setting qcr sub-encoding to TS1/0 on input line 388.
Package textcomp Info: Setting qcs sub-encoding to TS1/0 on input line 389.
Package textcomp Info: Setting qpl sub-encoding to TS1/0 on input line 390.
Package textcomp Info: Setting qtm sub-encoding to TS1/0 on input line 391.
Package textcomp Info: Setting qzc sub-encoding to TS1/0 on input line 392.
Package textcomp Info: Setting qhvc sub-encoding to TS1/0 on input line 393.
Package textcomp Info: Setting futs sub-encoding to TS1/4 on input line 394.
Package textcomp Info: Setting futx sub-encoding to TS1/4 on input line 395.
Package textcomp Info: Setting futj sub-encoding to TS1/4 on input line 396.
Package textcomp Info: Setting hlh sub-encoding to TS1/3 on input line 397.
Package textcomp Info: Setting hls sub-encoding to TS1/3 on input line 398.
Package textcomp Info: Setting hlst sub-encoding to TS1/3 on input line 399.
Package textcomp Info: Setting hlct sub-encoding to TS1/5 on input line 400.
Package textcomp Info: Setting hlx sub-encoding to TS1/5 on input line 401.
Package textcomp Info: Setting hlce sub-encoding to TS1/5 on input line 402.
Package textcomp Info: Setting hlcn sub-encoding to TS1/5 on input line 403.
Package textcomp Info: Setting hlcw sub-encoding to TS1/5 on input line 404.
Package textcomp Info: Setting hlcf sub-encoding to TS1/5 on input line 405.
Package textcomp Info: Setting pplx sub-encoding to TS1/3 on input line 406.
Package textcomp Info: Setting pplj sub-encoding to TS1/3 on input line 407.
Package textcomp Info: Setting ptmx sub-encoding to TS1/4 on input line 408.
Package textcomp Info: Setting ptmj sub-encoding to TS1/4 on input line 409.
)
(/usr/local/texlive/2017/texmf-dist/tex/latex/base/fontenc.sty
Package: fontenc 2017/04/05 v2.0i Standard LaTeX package
)
(/usr/local/texlive/2017/texmf-dist/tex/latex/fontaxes/fontaxes.sty
Package: fontaxes 2014/03/23 v1.0d Font selection axes
LaTeX Info: Redefining \upshape on input line 29.
LaTeX Info: Redefining \itshape on input line 31.
LaTeX Info: Redefining \slshape on input line 33.
LaTeX Info: Redefining \scshape on input line 37.
)
(/usr/local/texlive/2017/texmf-dist/tex/latex/mweights/mweights.sty
Package: mweights 2017/03/30 (Bob Tennent) Support package for multiple-weight 
font packages. 
LaTeX Info: Redefining \bfseries on input line 22.
LaTeX Info: Redefining \mdseries on input line 30.
LaTeX Info: Redefining \rmfamily on input line 38.
LaTeX Info: Redefining \sffamily on input line 66.
LaTeX Info: Redefining \ttfamily on input line 94.
))
(/usr/local/texlive/2017/texmf-dist/tex/latex/base/fontenc.sty
Package: fontenc 2017/04/05 v2.0i Standard LaTeX package

(/usr/local/texlive/2017/texmf-dist/tex/latex/base/t1enc.def
File: t1enc.def 2017/04/05 v2.0i Standard LaTeX file
LaTeX Font Info:    Redeclaring font encoding T1 on input line 48.
))
(/usr/local/texlive/2017/texmf-dist/tex/latex/psnfss/helvet.sty
Package: helvet 2005/04/12 PSNFSS-v9.2a (WaS) 
)
(/usr/local/texlive/2017/texmf-dist/tex/latex/titlesec/titlesec.sty
Package: titlesec 2016/03/21 v2.10.2 Sectioning titles
\ttl@box=\box30
\beforetitleunit=\skip53
\aftertitleunit=\skip54
\ttl@plus=\dimen131
\ttl@minus=\dimen132
\ttl@toksa=\toks28
\titlewidth=\dimen133
\titlewidthlast=\dimen134
\titlewidthfirst=\dimen135
)
(/usr/local/texlive/2017/texmf-dist/tex/latex/titlesec/titletoc.sty
Package: titletoc 2011/12/15 v1.6 TOC entries
\ttl@leftsep=\dimen136
)
(/usr/local/texlive/2017/texmf-dist/tex/latex/graphics/graphicx.sty
Package: graphicx 2014/10/28 v1.0g Enhanced LaTeX Graphics (DPC,SPQR)
\Gin@req@height=\dimen137
\Gin@req@width=\dimen138
)
(/usr/local/texlive/2017/texmf-dist/tex/latex/tools/longtable.sty
Package: longtable 2014/10/28 v4.11 Multi-page Table package (DPC)
\LTleft=\skip55
\LTright=\skip56
\LTpre=\skip57
\LTpost=\skip58
\LTchunksize=\count103
\LTcapwidth=\dimen139
\LT@head=\box31
\LT@firsthead=\box32
\LT@foot=\box33
\LT@lastfoot=\box34
\LT@cols=\count104
\LT@rows=\count105
\c@LT@tables=\count106
\c@LT@chunks=\count107
\LT@p@ftn=\toks29
)
(/usr/local/texlive/2017/texmf-dist/tex/latex/multirow/multirow.sty
Package: multirow 2016/11/25 v2.2 Span multiple rows of a table
\multirow@colwidth=\skip59
\multirow@cntb=\count108
\multirow@dima=\skip60
\bigstrutjot=\dimen140
)
(/usr/local/texlive/2017/texmf-dist/tex/latex/tools/multicol.sty
Package: multicol 2017/04/11 v1.8q multicolumn formatting (FMi)
\c@tracingmulticols=\count109
\mult@box=\box35
\multicol@leftmargin=\dimen141
\c@unbalance=\count110
\c@collectmore=\count111
\doublecol@number=\count112
\multicoltolerance=\count113
\multicolpretolerance=\count114
\full@width=\dimen142
\page@free=\dimen143
\premulticols=\dimen144
\postmulticols=\dimen145
\multicolsep=\skip61
\multicolbaselineskip=\skip62
\partial@page=\box36
\last@line=\box37
\maxbalancingoverflow=\dimen146
\mult@rightbox=\box38
\mult@grightbox=\box39
\mult@gfirstbox=\box40
\mult@firstbox=\box41
\@tempa=\box42
\@tempa=\box43
\@tempa=\box44
\@tempa=\box45
\@tempa=\box46
\@tempa=\box47
\@tempa=\box48
\@tempa=\box49
\@tempa=\box50
\@tempa=\box51
\@tempa=\box52
\@tempa=\box53
\@tempa=\box54
\@tempa=\box55
\@tempa=\box56
\@tempa=\box57
\@tempa=\box58
\c@columnbadness=\count115
\c@finalcolumnbadness=\count116
\last@try=\dimen147
\multicolovershoot=\dimen148
\multicolundershoot=\dimen149
\mult@nat@firstbox=\box59
\colbreak@box=\box60
\mc@col@check@num=\count117
)
(/usr/local/texlive/2017/texmf-dist/tex/latex/tools/tabularx.sty
Package: tabularx 2016/02/03 v2.11 `tabularx' package (DPC)
\TX@col@width=\dimen150
\TX@old@table=\dimen151
\TX@old@col=\dimen152
\TX@target=\dimen153
\TX@delta=\dimen154
\TX@cols=\count118
\TX@ftn=\toks30
)
(/usr/local/texlive/2017/texmf-dist/tex/latex/listings/listings.sty
\lst@mode=\count119
\lst@gtempboxa=\box61
\lst@token=\toks31
\lst@length=\count120
\lst@currlwidth=\dimen155
\lst@column=\count121
\lst@pos=\count122
\lst@lostspace=\dimen156
\lst@width=\dimen157
\lst@newlines=\count123
\lst@lineno=\count124
\lst@maxwidth=\dimen158

(/usr/local/texlive/2017/texmf-dist/tex/latex/listings/lstmisc.sty
File: lstmisc.sty 2015/06/04 1.6 (Carsten Heinz)
\c@lstnumber=\count125
\lst@skipnumbers=\count126
\lst@framebox=\box62
)
(/usr/local/texlive/2017/texmf-dist/tex/latex/listings/listings.cfg
File: listings.cfg 2015/06/04 1.6 listings configuration
))
Package: listings 2015/06/04 1.6 (Carsten Heinz)

(/usr/local/texlive/2017/texmf-dist/tex/latex/enumitem/enumitem.sty
Package: enumitem 2011/09/28 v3.5.2 Customized lists
\labelindent=\skip63
\enit@outerparindent=\dimen159
\enit@toks=\toks32
\enit@inbox=\box63
\enitdp@description=\count127
)
(/usr/local/texlive/2017/texmf-dist/tex/latex/hyperref/hyperref.sty
Package: hyperref 2017/03/14 v6.85a Hypertext links for LaTeX

(/usr/local/texlive/2017/texmf-dist/tex/generic/oberdiek/hobsub-hyperref.sty
Package: hobsub-hyperref 2016/05/16 v1.14 Bundle oberdiek, subset hyperref (HO)


(/usr/local/texlive/2017/texmf-dist/tex/generic/oberdiek/hobsub-generic.sty
Package: hobsub-generic 2016/05/16 v1.14 Bundle oberdiek, subset generic (HO)
Package: hobsub 2016/05/16 v1.14 Construct package bundles (HO)
Package hobsub Info: Skipping package `infwarerr' (already loaded).
Package hobsub Info: Skipping package `ltxcmds' (already loaded).
Package hobsub Info: Skipping package `ifluatex' (already loaded).
Package hobsub Info: Skipping package `ifvtex' (already loaded).
Package: intcalc 2016/05/16 v1.2 Expandable calculations with integers (HO)
Package hobsub Info: Skipping package `ifpdf' (already loaded).
Package: etexcmds 2016/05/16 v1.6 Avoid name clashes with e-TeX commands (HO)
Package etexcmds Info: Could not find \expanded.
(etexcmds)             That can mean that you are not using pdfTeX 1.50 or
(etexcmds)             that some package has redefined \expanded.
(etexcmds)             In the latter case, load this package earlier.
Package: kvsetkeys 2016/05/16 v1.17 Key value parser (HO)
Package: kvdefinekeys 2016/05/16 v1.4 Define keys (HO)
Package: pdftexcmds 2017/03/19 v0.25 Utility functions of pdfTeX for LuaTeX (HO
)
Package pdftexcmds Info: LuaTeX not detected.
Package pdftexcmds Info: \pdf@primitive is available.
Package pdftexcmds Info: \pdf@ifprimitive is available.
Package pdftexcmds Info: \pdfdraftmode found.
Package: pdfescape 2016/05/16 v1.14 Implements pdfTeX's escape features (HO)
Package: bigintcalc 2016/05/16 v1.4 Expandable calculations on big integers (HO
)
Package: bitset 2016/05/16 v1.2 Handle bit-vector datatype (HO)
Package: uniquecounter 2016/05/16 v1.3 Provide unlimited unique counter (HO)
)
Package hobsub Info: Skipping package `hobsub' (already loaded).
Package: letltxmacro 2016/05/16 v1.5 Let assignment for LaTeX macros (HO)
Package: hopatch 2016/05/16 v1.3 Wrapper for package hooks (HO)
Package: xcolor-patch 2016/05/16 xcolor patch
Package: atveryend 2016/05/16 v1.9 Hooks at the very end of document (HO)
Package atveryend Info: \enddocument detected (standard20110627).
Package: atbegshi 2016/06/09 v1.18 At begin shipout hook (HO)
Package: refcount 2016/05/16 v3.5 Data extraction from label references (HO)
Package: hycolor 2016/05/16 v1.8 Color options for hyperref/bookmark (HO)
)
(/usr/local/texlive/2017/texmf-dist/tex/latex/oberdiek/auxhook.sty
Package: auxhook 2016/05/16 v1.4 Hooks for auxiliary files (HO)
)
(/usr/local/texlive/2017/texmf-dist/tex/latex/oberdiek/kvoptions.sty
Package: kvoptions 2016/05/16 v3.12 Key value format for package options (HO)
)
\@linkdim=\dimen160
\Hy@linkcounter=\count128
\Hy@pagecounter=\count129

(/usr/local/texlive/2017/texmf-dist/tex/latex/hyperref/pd1enc.def
File: pd1enc.def 2017/03/14 v6.85a Hyperref: PDFDocEncoding definition (HO)
)
\Hy@SavedSpaceFactor=\count130

(/usr/local/texlive/2017/texmf-dist/tex/latex/latexconfig/hyperref.cfg
File: hyperref.cfg 2002/06/06 v1.2 hyperref configuration of TeXLive
)
Package hyperref Info: Hyper figures OFF on input line 4498.
Package hyperref Info: Link nesting OFF on input line 4503.
Package hyperref Info: Hyper index ON on input line 4506.
Package hyperref Info: Plain pages OFF on input line 4513.
Package hyperref Info: Backreferencing OFF on input line 4518.
Package hyperref Info: Implicit mode ON; LaTeX internals redefined.
Package hyperref Info: Bookmarks ON on input line 4751.
\c@Hy@tempcnt=\count131

(/usr/local/texlive/2017/texmf-dist/tex/latex/url/url.sty
\Urlmuskip=\muskip10
Package: url 2013/09/16  ver 3.4  Verb mode for urls, etc.
)
LaTeX Info: Redefining \url on input line 5104.
\XeTeXLinkMargin=\dimen161
\Fld@menulength=\count132
\Field@Width=\dimen162
\Fld@charsize=\dimen163
Package hyperref Info: Hyper figures OFF on input line 6358.
Package hyperref Info: Link nesting OFF on input line 6363.
Package hyperref Info: Hyper index ON on input line 6366.
Package hyperref Info: backreferencing OFF on input line 6373.
Package hyperref Info: Link coloring OFF on input line 6378.
Package hyperref Info: Link coloring with OCG OFF on input line 6383.
Package hyperref Info: PDF/A mode OFF on input line 6388.
LaTeX Info: Redefining \ref on input line 6428.
LaTeX Info: Redefining \pageref on input line 6432.
\Hy@abspage=\count133
\c@Item=\count134
\c@Hfootnote=\count135
)

Package hyperref Message: Driver (autodetected): hpdftex.

(/usr/local/texlive/2017/texmf-dist/tex/latex/hyperref/hpdftex.def
File: hpdftex.def 2017/03/14 v6.85a Hyperref driver for pdfTeX
\Fld@listcount=\count136
\c@bookmark@seq@number=\count137

(/usr/local/texlive/2017/texmf-dist/tex/latex/oberdiek/rerunfilecheck.sty
Package: rerunfilecheck 2016/05/16 v1.8 Rerun checks for auxiliary files (HO)
Package uniquecounter Info: New unique counter `rerunfilecheck' on input line 2
82.
)
\Hy@SectionHShift=\skip64
)
Package hyperref Info: Option `colorlinks' set `true' on input line 110.

(/usr/local/texlive/2017/texmf-dist/tex/latex/fancyhdr/fancyhdr.sty
Package: fancyhdr 2016/09/06 3.8 Extensive control of page headers and footers
\fancy@headwidth=\skip65
\f@ncyO@elh=\skip66
\f@ncyO@erh=\skip67
\f@ncyO@olh=\skip68
\f@ncyO@orh=\skip69
\f@ncyO@elf=\skip70
\f@ncyO@erf=\skip71
\f@ncyO@olf=\skip72
\f@ncyO@orf=\skip73
)
(/usr/local/texlive/2017/texmf-dist/tex/latex/lastpage/lastpage.sty
Package: lastpage 2015/03/29 v1.2m Refers to last page's name (HMM; JPG)
)

Package Fancyhdr Warning: \fancyhead's `E' option without twoside option is use
less on input line 129.

(/usr/local/texlive/2017/texmf-dist/tex/latex/everypage/everypage.sty
Package: everypage 2007/06/20 1.1 Hooks to run on every page
)
(/usr/local/texlive/2017/texmf-dist/tex/latex/lipsum/lipsum.sty
Package: lipsum 2014/07/27 v1.3 150 paragraphs of Lorem Ipsum dummy text
\c@lips@count=\count138
) (./main.aux)
\openout1 = `main.aux'.

LaTeX Font Info:    Checking defaults for OML/cmm/m/it on input line 219.
LaTeX Font Info:    ... okay on input line 219.
LaTeX Font Info:    Checking defaults for T1/cmr/m/n on input line 219.
LaTeX Font Info:    ... okay on input line 219.
LaTeX Font Info:    Checking defaults for OT1/cmr/m/n on input line 219.
LaTeX Font Info:    ... okay on input line 219.
LaTeX Font Info:    Checking defaults for OMS/cmsy/m/n on input line 219.
LaTeX Font Info:    ... okay on input line 219.
LaTeX Font Info:    Checking defaults for OMX/cmex/m/n on input line 219.
LaTeX Font Info:    ... okay on input line 219.
LaTeX Font Info:    Checking defaults for U/cmr/m/n on input line 219.
LaTeX Font Info:    ... okay on input line 219.
LaTeX Font Info:    Checking defaults for TS1/cmr/m/n on input line 219.
LaTeX Font Info:    Try loading font information for TS1+cmr on input line 219.


(/usr/local/texlive/2017/texmf-dist/tex/latex/base/ts1cmr.fd
File: ts1cmr.fd 2014/09/29 v2.5h Standard LaTeX font definitions
)
LaTeX Font Info:    ... okay on input line 219.
LaTeX Font Info:    Checking defaults for PD1/pdf/m/n on input line 219.
LaTeX Font Info:    ... okay on input line 219.

*geometry* driver: auto-detecting
*geometry* detected driver: pdftex
*geometry* verbose mode - [ preamble ] result:
* driver: pdftex
* paper: <default>
* layout: <same size as paper>
* layoutoffset:(h,v)=(0.0pt,0.0pt)
* modes: 
* h-part:(L,W,R)=(72.26999pt, 469.75502pt, 72.26999pt)
* v-part:(T,H,B)=(72.26999pt, 650.43001pt, 72.26999pt)
* \paperwidth=614.295pt
* \paperheight=794.96999pt
* \textwidth=469.75502pt
* \textheight=650.43001pt
* \oddsidemargin=0.0pt
* \evensidemargin=0.0pt
* \topmargin=-37.0pt
* \headheight=12.0pt
* \headsep=14.45377pt
* \topskip=10.0pt
* \footskip=30.0pt
* \marginparwidth=65.0pt
* \marginparsep=11.0pt
* \columnsep=10.0pt
* \skip\footins=9.0pt plus 4.0pt minus 2.0pt
* \hoffset=0.0pt
* \voffset=0.0pt
* \mag=1000
* \@twocolumnfalse
* \@twosidefalse
* \@mparswitchfalse
* \@reversemarginfalse
* (1in=72.27pt=25.4mm, 1cm=28.453pt)

(/usr/local/texlive/2017/texmf-dist/tex/context/base/mkii/supp-pdf.mkii
[Loading MPS to PDF converter (version 2006.09.02).]
\scratchcounter=\count139
\scratchdimen=\dimen164
\scratchbox=\box64
\nofMPsegments=\count140
\nofMParguments=\count141
\everyMPshowfont=\toks33
\MPscratchCnt=\count142
\MPscratchDim=\dimen165
\MPnumerator=\count143
\makeMPintoPDFobject=\count144
\everyMPtoPDFconversion=\toks34
) (/usr/local/texlive/2017/texmf-dist/tex/latex/oberdiek/epstopdf-base.sty
Package: epstopdf-base 2016/05/15 v2.6 Base part for package epstopdf

(/usr/local/texlive/2017/texmf-dist/tex/latex/oberdiek/grfext.sty
Package: grfext 2016/05/16 v1.2 Manage graphics extensions (HO)
)
Package epstopdf-base Info: Redefining graphics rule for `.eps' on input line 4
38.
Package grfext Info: Graphics extension search list:
(grfext)             [.png,.pdf,.jpg,.mps,.jpeg,.jbig2,.jb2,.PNG,.PDF,.JPG,.JPE
G,.JBIG2,.JB2,.eps]
(grfext)             \AppendGraphicsExtensions on input line 456.

(/usr/local/texlive/2017/texmf-dist/tex/latex/latexconfig/epstopdf-sys.cfg
File: epstopdf-sys.cfg 2010/07/13 v1.3 Configuration of (r)epstopdf for TeX Liv
e
))
(/usr/local/texlive/2017/texmf-dist/tex/latex/ms/ragged2e.sty
Package: ragged2e 2009/05/21 v2.1 ragged2e Package (MS)

(/usr/local/texlive/2017/texmf-dist/tex/latex/ms/everysel.sty
Package: everysel 2011/10/28 v1.2 EverySelectfont Package (MS)

ABD: EverySelectfont initializing macros
LaTeX Info: Redefining \selectfont on input line 126.
)
\CenteringLeftskip=\skip74
\RaggedLeftLeftskip=\skip75
\RaggedRightLeftskip=\skip76
\CenteringRightskip=\skip77
\RaggedLeftRightskip=\skip78
\RaggedRightRightskip=\skip79
\CenteringParfillskip=\skip80
\RaggedLeftParfillskip=\skip81
\RaggedRightParfillskip=\skip82
\JustifyingParfillskip=\skip83
\CenteringParindent=\skip84
\RaggedLeftParindent=\skip85
\RaggedRightParindent=\skip86
\JustifyingParindent=\skip87
)
Package caption Info: Begin \AtBeginDocument code.
Package caption Info: hyperref package is loaded.
Package caption Info: listings package is loaded.
Package caption Info: longtable package is loaded.

(/usr/local/texlive/2017/texmf-dist/tex/latex/caption/ltcaption.sty
Package: ltcaption 2013/06/09 v1.4-94 longtable captions (AR)
)
Package caption Info: End \AtBeginDocument code.
\c@mv@tabular=\count145
\c@mv@boldtabular=\count146
\c@lstlisting=\count147
\AtBeginShipoutBox=\box65
Package hyperref Info: Link coloring ON on input line 219.

(/usr/local/texlive/2017/texmf-dist/tex/latex/hyperref/nameref.sty
Package: nameref 2016/05/21 v2.44 Cross-referencing by name of section

(/usr/local/texlive/2017/texmf-dist/tex/generic/oberdiek/gettitlestring.sty
Package: gettitlestring 2016/05/16 v1.5 Cleanup title references (HO)
)
\c@section@level=\count148
)
LaTeX Info: Redefining \ref on input line 219.
LaTeX Info: Redefining \pageref on input line 219.
LaTeX Info: Redefining \nameref on input line 219.

(./main.out) (./main.out)
\@outlinefile=\write3
\openout3 = `main.out'.

Package lastpage Info: Please have a look at the pageslts package at
(lastpage)             https://www.ctan.org/pkg/pageslts
(lastpage)             ! on input line 219.
 <figures/alfred.png, id=76, 501.875pt x 501.875pt>
File: figures/alfred.png Graphic file (type png)

<use figures/alfred.png>
Package pdftex.def Info: figures/alfred.png used on input line 230.
(pdftex.def)             Requested size: 140.32062pt x 150.56366pt.
LaTeX Font Info:    External font `cmex10' loaded for size
(Font)              <7> on input line 242.
LaTeX Font Info:    External font `cmex10' loaded for size
(Font)              <5> on input line 242.
 [1

{/usr/local/texlive/2017/texmf-var/fonts/map/pdftex/updmap/pdftex.map} <./figur
es/alfred.png>]
LaTeX Font Info:    Calculating math sizes for size <14> on input line 262.
LaTeX Font Info:    External font `cmex10' loaded for size
(Font)              <14> on input line 262.
LaTeX Font Info:    External font `cmex10' loaded for size
(Font)              <9.79996> on input line 262.

Overfull \hbox (3.0pt too wide) in paragraph at lines 262--262
|[][][][][][]| 
 []

(./main.toc)
\tf@toc=\write4
\openout4 = `main.toc'.


Overfull \hbox (3.0pt too wide) in paragraph at lines 263--263
|[][][][][][]| 
 []

(./main.lot)
\tf@lot=\write5
\openout5 = `main.lot'.


Overfull \hbox (3.0pt too wide) in paragraph at lines 264--264
|[][][][][][]| 
 []

(./main.lof)
\tf@lof=\write6
\openout6 = `main.lof'.

 [2]
Overfull \hbox (3.0pt too wide) in paragraph at lines 274--274
|[][][][][][][]| 
 []


Overfull \hbox (1.31947pt too wide) in alignment at lines 275--298
 [] [] [] [] 
 []

[3]
Overfull \hbox (3.0pt too wide) in paragraph at lines 308--308
|[][][][][][][]| 
 []


Overfull \hbox (3.0pt too wide) in paragraph at lines 313--313
|[][][][][][][]| 
 []


Overfull \hbox (3.0pt too wide) in paragraph at lines 316--316
|[][][][][][][]| 
 []


Underfull \hbox (badness 10000) in paragraph at lines 318--319

 []


Underfull \hbox (badness 10000) in paragraph at lines 320--321

 []


Overfull \hbox (3.0pt too wide) in paragraph at lines 324--324
|[][][][][][][]| 
 []

LaTeX Font Info:    External font `cmex10' loaded for size
(Font)              <12> on input line 326.
LaTeX Font Info:    External font `cmex10' loaded for size
(Font)              <8> on input line 326.
LaTeX Font Info:    External font `cmex10' loaded for size
(Font)              <6> on input line 326.

Overfull \hbox (3.0pt too wide) in paragraph at lines 326--326
|[][][][][][][]| 
 []


Underfull \hbox (badness 10000) in paragraph at lines 327--328

 []


Underfull \hbox (badness 1194) in paragraph at lines 331--331
[]|\T1/cmr/m/n/10 Client Ap-pli-ca-
 []


Underfull \hbox (badness 10000) in paragraph at lines 334--334
[]|\T1/cmr/m/n/10 Alfred Drive-
 []


Underfull \hbox (badness 10000) in paragraph at lines 335--335
[]|\T1/cmr/m/n/10 Alfred Im-age
 []


Overfull \hbox (3.51079pt too wide) in alignment at lines 329--337
 [] [] 
 []


Underfull \vbox (badness 10000) detected at line 337
 []

[4]
Overfull \hbox (3.0pt too wide) in paragraph at lines 338--338
|[][][][][][][]| 
 []


Underfull \hbox (badness 10000) in paragraph at lines 341--341
[]|\T1/cmr/bx/n/10 Test
 []


Overfull \hbox (1.5212pt too wide) in paragraph at lines 341--341
[]|\T1/cmr/bx/n/10 Requirement
 []


Underfull \hbox (badness 10000) in paragraph at lines 341--341
[]|\T1/cmr/bx/n/10 Expected
 []


Underfull \hbox (badness 10000) in paragraph at lines 341--341
[]|\T1/cmr/bx/n/10 Actual
 []


Underfull \hbox (badness 10000) in paragraph at lines 343--343
[]|\T1/cmr/m/n/10 Testing Lo-gin with
 []


Overfull \hbox (20.22745pt too wide) in paragraph at lines 343--343
[]|\T1/cmr/m/n/10 "admin:admin"
 []


Underfull \hbox (badness 10000) in paragraph at lines 343--343
[]|\T1/cmr/m/n/10 "Could
 []


Underfull \hbox (badness 10000) in paragraph at lines 343--343
\T1/cmr/m/n/10 not con-
 []


Underfull \hbox (badness 10000) in paragraph at lines 343--343
\T1/cmr/m/n/10 nect to
 []


Underfull \hbox (badness 10000) in paragraph at lines 343--343
\T1/cmr/m/n/10 server"
 []


Underfull \hbox (badness 10000) in paragraph at lines 343--343
[]|\T1/cmr/m/n/10 "Could
 []


Underfull \hbox (badness 10000) in paragraph at lines 343--343
\T1/cmr/m/n/10 not con-
 []


Underfull \hbox (badness 10000) in paragraph at lines 343--343
\T1/cmr/m/n/10 nect to
 []


Underfull \hbox (badness 10000) in paragraph at lines 343--343
\T1/cmr/m/n/10 server"
 []


Underfull \hbox (badness 10000) in paragraph at lines 345--345
[]|\T1/cmr/m/n/10 Testing Lo-gin with
 []


Overfull \hbox (7.28616pt too wide) in paragraph at lines 345--345
[]|\T1/cmr/m/n/10 "wrongUser:
 []


Underfull \hbox (badness 10000) in paragraph at lines 345--345
\T1/cmr/m/n/10 wrong-
 []


Underfull \hbox (badness 10000) in paragraph at lines 345--345
\T1/cmr/m/n/10 Pass" as
 []


Underfull \hbox (badness 10000) in paragraph at lines 345--345
[]|\T1/cmr/m/n/10 "invalid
 []


Underfull \hbox (badness 10000) in paragraph at lines 345--345
\T1/cmr/m/n/10 cre-den-
 []


Underfull \hbox (badness 1259) in paragraph at lines 345--345
\T1/cmr/m/n/10 tials" pop
 []


Underfull \hbox (badness 10000) in paragraph at lines 345--345
[]|\T1/cmr/m/n/10 "invalid
 []


Underfull \hbox (badness 10000) in paragraph at lines 345--345
\T1/cmr/m/n/10 cre-den-
 []


Underfull \hbox (badness 1259) in paragraph at lines 345--345
\T1/cmr/m/n/10 tials" pop
 []


Underfull \hbox (badness 10000) in paragraph at lines 347--347
[]|\T1/cmr/m/n/10 Testing Lo-gin with
 []


Underfull \hbox (badness 10000) in paragraph at lines 347--347
[]|\T1/cmr/m/n/10 "admin:
 []


Underfull \hbox (badness 10000) in paragraph at lines 347--347
[]|\T1/cmr/m/n/10 settings
 []


Underfull \hbox (badness 10000) in paragraph at lines 347--347
\T1/cmr/m/n/10 page is
 []


Underfull \hbox (badness 10000) in paragraph at lines 347--347
[]|\T1/cmr/m/n/10 settings
 []


Underfull \hbox (badness 10000) in paragraph at lines 347--347
\T1/cmr/m/n/10 page is
 []


Underfull \hbox (badness 10000) in paragraph at lines 349--349
[]|\T1/cmr/m/n/10 Testing device-table
 []


Underfull \hbox (badness 10000) in paragraph at lines 349--349
[]|\T1/cmr/m/n/10 Select
 []


Underfull \hbox (badness 10000) in paragraph at lines 349--349
\T1/cmr/m/n/10 dif-fer-
 []


Underfull \hbox (badness 10000) in paragraph at lines 349--349
\T1/cmr/m/n/10 ent ta-ble
 []


Underfull \hbox (badness 10000) in paragraph at lines 349--349
\T1/cmr/m/n/10 num-ber
 []


Underfull \hbox (badness 10000) in paragraph at lines 349--349
\T1/cmr/m/n/10 and click
 []


Underfull \hbox (badness 10000) in paragraph at lines 349--349
[]|\T1/cmr/m/n/10 "Table
 []


Underfull \hbox (badness 10000) in paragraph at lines 349--349
\T1/cmr/m/n/10 change
 []


Underfull \hbox (badness 10000) in paragraph at lines 349--349
\T1/cmr/m/n/10 un-suc-
 []


Underfull \hbox (badness 10000) in paragraph at lines 349--349
\T1/cmr/m/n/10 cess-ful"
 []


Underfull \hbox (badness 10000) in paragraph at lines 349--349
\T1/cmr/m/n/10 pop up
 []


Underfull \hbox (badness 4378) in paragraph at lines 349--349
\T1/cmr/m/n/10 and ta-ble
 []


Underfull \hbox (badness 10000) in paragraph at lines 349--349
\T1/cmr/m/n/10 num-ber
 []


Underfull \hbox (badness 3049) in paragraph at lines 349--349
\T1/cmr/m/n/10 re-verts to
 []


Underfull \hbox (badness 10000) in paragraph at lines 349--349
[]|\T1/cmr/m/n/10 "Table
 []


Underfull \hbox (badness 10000) in paragraph at lines 349--349
\T1/cmr/m/n/10 change
 []


Underfull \hbox (badness 10000) in paragraph at lines 349--349
\T1/cmr/m/n/10 un-suc-
 []


Underfull \hbox (badness 10000) in paragraph at lines 349--349
\T1/cmr/m/n/10 cess-ful"
 []


Underfull \hbox (badness 10000) in paragraph at lines 349--349
\T1/cmr/m/n/10 pop up
 []


Underfull \hbox (badness 4378) in paragraph at lines 349--349
\T1/cmr/m/n/10 and ta-ble
 []


Underfull \hbox (badness 10000) in paragraph at lines 349--349
\T1/cmr/m/n/10 num-ber
 []


Underfull \hbox (badness 10000) in paragraph at lines 349--349
\T1/cmr/m/n/10 does not
 []


Underfull \hbox (badness 10000) in paragraph at lines 349--349
\T1/cmr/m/n/10 re-vert to
 []


Underfull \hbox (badness 10000) in paragraph at lines 351--351
[]|\T1/cmr/m/n/10 Testing device-table
 []


Underfull \hbox (badness 10000) in paragraph at lines 351--351
[]|\T1/cmr/m/n/10 Select
 []


Underfull \hbox (badness 10000) in paragraph at lines 351--351
\T1/cmr/m/n/10 dif-fer-
 []


Underfull \hbox (badness 10000) in paragraph at lines 351--351
\T1/cmr/m/n/10 ent ta-ble
 []


Underfull \hbox (badness 10000) in paragraph at lines 351--351
\T1/cmr/m/n/10 num-ber
 []


Underfull \hbox (badness 10000) in paragraph at lines 351--351
\T1/cmr/m/n/10 and click
 []


Underfull \hbox (badness 10000) in paragraph at lines 351--351
\T1/cmr/m/n/10 page is
 []


Underfull \hbox (badness 10000) in paragraph at lines 351--351
[]|\T1/cmr/m/n/10 Drinks
 []


Underfull \hbox (badness 10000) in paragraph at lines 351--351
\T1/cmr/m/n/10 page is
 []


Underfull \hbox (badness 1755) in paragraph at lines 353--353
[]|\T1/cmr/m/n/10 Testing ac-cess to set-
 []


Underfull \hbox (badness 10000) in paragraph at lines 353--353
[]|\T1/cmr/m/n/10 Press
 []


Underfull \hbox (badness 10000) in paragraph at lines 353--353
\T1/cmr/m/n/10 drinks
 []


Underfull \hbox (badness 10000) in paragraph at lines 353--353
\T1/cmr/m/n/10 page is
 []


Underfull \hbox (badness 10000) in paragraph at lines 353--353
[]|\T1/cmr/m/n/10 No ob-
 []


Underfull \hbox (badness 10000) in paragraph at lines 353--353
\T1/cmr/m/n/10 served
 []


Underfull \hbox (badness 10000) in paragraph at lines 353--353
[]|\T1/cmr/m/n/10 no ob-
 []


Underfull \hbox (badness 10000) in paragraph at lines 353--353
\T1/cmr/m/n/10 served
 []


Underfull \hbox (badness 3503) in paragraph at lines 355--355
[]|\T1/cmr/m/n/10 Testing drink amount
 []


Underfull \hbox (badness 10000) in paragraph at lines 355--355
[]|\T1/cmr/m/n/10 Change
 []


Underfull \hbox (badness 10000) in paragraph at lines 355--355
\T1/cmr/m/n/10 the
 []


Underfull \hbox (badness 10000) in paragraph at lines 355--355
\T1/cmr/m/n/10 amount
 []


Underfull \hbox (badness 10000) in paragraph at lines 355--355
\T1/cmr/m/n/10 of sprite
 []


Underfull \hbox (badness 10000) in paragraph at lines 355--355
[]|\T1/cmr/m/n/10 the num-
 []


Underfull \hbox (badness 1005) in paragraph at lines 355--355
\T1/cmr/m/n/10 ber picker
 []


Underfull \hbox (badness 3792) in paragraph at lines 355--355
\T1/cmr/m/n/10 value will
 []


Underfull \hbox (badness 10000) in paragraph at lines 355--355
[]|\T1/cmr/m/n/10 the num-
 []


Underfull \hbox (badness 1005) in paragraph at lines 355--355
\T1/cmr/m/n/10 ber picker
 []


Underfull \hbox (badness 10000) in paragraph at lines 355--355
\T1/cmr/m/n/10 value
 []


Underfull \hbox (badness 10000) in paragraph at lines 357--357
[]|\T1/cmr/m/n/10 On the
 []


Underfull \hbox (badness 10000) in paragraph at lines 357--357
\T1/cmr/m/n/10 drinks
 []


Underfull \hbox (badness 10000) in paragraph at lines 357--357
\T1/cmr/m/n/10 list page
 []


Underfull \hbox (badness 10000) in paragraph at lines 357--357
\T1/cmr/m/n/10 se-lect 1
 []


Underfull \hbox (badness 10000) in paragraph at lines 357--357
\T1/cmr/m/n/10 2 cokes
 []


Underfull \hbox (badness 10000) in paragraph at lines 357--357
\T1/cmr/m/n/10 and click
 []


Underfull \hbox (badness 10000) in paragraph at lines 357--357
[]|\T1/cmr/m/n/10 current
 []


Underfull \hbox (badness 10000) in paragraph at lines 357--357
\T1/cmr/m/n/10 cart
 []


Underfull \hbox (badness 10000) in paragraph at lines 357--357
\T1/cmr/m/n/10 page is
 []


Underfull \hbox (badness 10000) in paragraph at lines 357--357
\T1/cmr/m/n/10 launched
 []


Underfull \hbox (badness 10000) in paragraph at lines 357--357
\T1/cmr/m/n/10 and the
 []


Underfull \hbox (badness 10000) in paragraph at lines 357--357
\T1/cmr/m/n/10 sum-mary
 []


Underfull \hbox (badness 10000) in paragraph at lines 357--357
\T1/cmr/m/n/10 of items
 []


Underfull \hbox (badness 10000) in paragraph at lines 357--357
\T1/cmr/m/n/10 shows 1
 []


Underfull \hbox (badness 10000) in paragraph at lines 357--357
[]|\T1/cmr/m/n/10 current
 []


Underfull \hbox (badness 10000) in paragraph at lines 357--357
\T1/cmr/m/n/10 cart
 []


Underfull \hbox (badness 10000) in paragraph at lines 357--357
\T1/cmr/m/n/10 page is
 []


Underfull \hbox (badness 10000) in paragraph at lines 357--357
\T1/cmr/m/n/10 launched
 []


Underfull \hbox (badness 10000) in paragraph at lines 357--357
\T1/cmr/m/n/10 and the
 []


Underfull \hbox (badness 10000) in paragraph at lines 357--357
\T1/cmr/m/n/10 sum-mary
 []


Underfull \hbox (badness 10000) in paragraph at lines 357--357
\T1/cmr/m/n/10 of items
 []


Underfull \hbox (badness 10000) in paragraph at lines 357--357
\T1/cmr/m/n/10 shows 1
 []


Underfull \hbox (badness 2521) in paragraph at lines 358--358
\T1/cmr/m/n/10 server (server down ,
 []


Underfull \hbox (badness 10000) in paragraph at lines 358--358
[]|\T1/cmr/m/n/10 have 0
 []


Underfull \hbox (badness 2547) in paragraph at lines 358--358
\T1/cmr/m/n/10 drinks se-
 []


Underfull \hbox (badness 3148) in paragraph at lines 358--358
\T1/cmr/m/n/10 or-der" on
 []


Underfull \hbox (badness 10000) in paragraph at lines 358--358
\T1/cmr/m/n/10 the cart
 []


Underfull \hbox (badness 10000) in paragraph at lines 358--358
[]|\T1/cmr/m/n/10 "Empty
 []


Underfull \hbox (badness 10000) in paragraph at lines 358--358
[]|\T1/cmr/m/n/10 "Empty
 []


Underfull \hbox (badness 2521) in paragraph at lines 360--360
\T1/cmr/m/n/10 server (server down ,
 []


Underfull \hbox (badness 2547) in paragraph at lines 360--360
\T1/cmr/m/n/10 drinks se-
 []


Underfull \hbox (badness 3148) in paragraph at lines 360--360
\T1/cmr/m/n/10 or-der" on
 []


Underfull \hbox (badness 10000) in paragraph at lines 360--360
\T1/cmr/m/n/10 the cart
 []


Underfull \hbox (badness 10000) in paragraph at lines 360--360
[]|\T1/cmr/m/n/10 "Order
 []


Underfull \hbox (badness 10000) in paragraph at lines 360--360
\T1/cmr/m/n/10 place-ment
 []


Underfull \hbox (badness 10000) in paragraph at lines 360--360
\T1/cmr/m/n/10 un-suc-cess-
 []


Underfull \hbox (badness 10000) in paragraph at lines 360--360
\T1/cmr/m/n/10 ful" pop
 []


Underfull \hbox (badness 10000) in paragraph at lines 360--360
[]|\T1/cmr/m/n/10 "Order
 []


Underfull \hbox (badness 10000) in paragraph at lines 360--360
\T1/cmr/m/n/10 place-ment
 []


Underfull \hbox (badness 10000) in paragraph at lines 360--360
\T1/cmr/m/n/10 un-suc-cess-
 []


Underfull \hbox (badness 10000) in paragraph at lines 360--360
\T1/cmr/m/n/10 ful" pop
 []


Underfull \hbox (badness 10000) in paragraph at lines 362--362
[]|\T1/cmr/m/n/10 0 drinks
 []


Underfull \hbox (badness 10000) in paragraph at lines 362--362
\T1/cmr/m/n/10 se-lected
 []


Underfull \hbox (badness 10000) in paragraph at lines 362--362
\T1/cmr/m/n/10 and click
 []


Underfull \hbox (badness 10000) in paragraph at lines 362--362
\T1/cmr/m/n/10 "send
 []


Underfull \hbox (badness 3148) in paragraph at lines 362--362
\T1/cmr/m/n/10 or-der" on
 []


Underfull \hbox (badness 10000) in paragraph at lines 362--362
\T1/cmr/m/n/10 the cart
 []


Underfull \hbox (badness 10000) in paragraph at lines 362--362
[]|\T1/cmr/m/n/10 "Empty
 []


Underfull \hbox (badness 10000) in paragraph at lines 362--362
[]|\T1/cmr/m/n/10 "Empty
 []


Underfull \hbox (badness 2547) in paragraph at lines 364--364
\T1/cmr/m/n/10 drinks se-
 []


Underfull \hbox (badness 3148) in paragraph at lines 364--364
\T1/cmr/m/n/10 or-der" on
 []


Underfull \hbox (badness 10000) in paragraph at lines 364--364
\T1/cmr/m/n/10 the cart
 []


Underfull \hbox (badness 10000) in paragraph at lines 364--364
[]|\T1/cmr/m/n/10 "Order
 []


Underfull \hbox (badness 10000) in paragraph at lines 364--364
\T1/cmr/m/n/10 has been
 []


Underfull \hbox (badness 10000) in paragraph at lines 364--364
\T1/cmr/m/n/10 re-ceived
 []


Underfull \hbox (badness 10000) in paragraph at lines 364--364
\T1/cmr/m/n/10 pop up
 []


Underfull \hbox (badness 3250) in paragraph at lines 364--364
\T1/cmr/m/n/10 and place
 []


Underfull \hbox (badness 2469) in paragraph at lines 364--364
\T1/cmr/m/n/10 in line is
 []


Underfull \hbox (badness 10000) in paragraph at lines 364--364
[]|\T1/cmr/m/n/10 "Order
 []


Underfull \hbox (badness 10000) in paragraph at lines 364--364
\T1/cmr/m/n/10 has been
 []


Underfull \hbox (badness 10000) in paragraph at lines 364--364
\T1/cmr/m/n/10 re-ceived
 []


Underfull \hbox (badness 10000) in paragraph at lines 364--364
\T1/cmr/m/n/10 pop up
 []


Underfull \hbox (badness 3250) in paragraph at lines 364--364
\T1/cmr/m/n/10 and place
 []


Underfull \hbox (badness 2469) in paragraph at lines 364--364
\T1/cmr/m/n/10 in line is
 []


Underfull \hbox (badness 7012) in paragraph at lines 366--366
[]|\T1/cmr/m/n/10 send suc-
 []


Underfull \hbox (badness 10000) in paragraph at lines 366--366
\T1/cmr/m/n/10 cess-ful
 []


Underfull \hbox (badness 10000) in paragraph at lines 366--366
\T1/cmr/m/n/10 or-der
 []


Underfull \hbox (badness 4072) in paragraph at lines 366--366
\T1/cmr/m/n/10 and press
 []


Underfull \hbox (badness 10000) in paragraph at lines 366--366
\T1/cmr/m/n/10 "back"
 []


Underfull \hbox (badness 5316) in paragraph at lines 366--366
\T1/cmr/m/n/10 to go to
 []


Underfull \hbox (badness 10000) in paragraph at lines 366--366
\T1/cmr/m/n/10 drinks
 []


Underfull \hbox (badness 10000) in paragraph at lines 366--366
[]|\T1/cmr/m/n/10 all drink
 []


Underfull \hbox (badness 10000) in paragraph at lines 366--366
\T1/cmr/m/n/10 amounts
 []


Underfull \hbox (badness 10000) in paragraph at lines 366--366
[]|\T1/cmr/m/n/10 all drink
 []


Underfull \hbox (badness 10000) in paragraph at lines 366--366
\T1/cmr/m/n/10 amounts
 []


Underfull \hbox (badness 7012) in paragraph at lines 368--368
[]|\T1/cmr/m/n/10 send suc-
 []


Underfull \hbox (badness 10000) in paragraph at lines 368--368
\T1/cmr/m/n/10 cess-ful
 []


Underfull \hbox (badness 10000) in paragraph at lines 368--368
\T1/cmr/m/n/10 or-der
 []


Underfull \hbox (badness 4072) in paragraph at lines 368--368
\T1/cmr/m/n/10 and press
 []


Underfull \hbox (badness 10000) in paragraph at lines 368--368
\T1/cmr/m/n/10 "back"
 []


Underfull \hbox (badness 5316) in paragraph at lines 368--368
\T1/cmr/m/n/10 to go to
 []


Underfull \hbox (badness 10000) in paragraph at lines 368--368
\T1/cmr/m/n/10 drinks
 []


Underfull \hbox (badness 10000) in paragraph at lines 368--368
\T1/cmr/m/n/10 page and
 []


Underfull \hbox (badness 6927) in paragraph at lines 368--368
\T1/cmr/m/n/10 press "go
 []


Underfull \hbox (badness 10000) in paragraph at lines 368--368
[]|\T1/cmr/m/n/10 cart is
 []


Underfull \hbox (badness 10000) in paragraph at lines 368--368
[]|\T1/cmr/m/n/10 cart is
 []


Overfull \hbox (26.24887pt too wide) in alignment at lines 340--369
 [] [] [] [] [] [] [] 
 []


Underfull \vbox (badness 10000) detected at line 369
 []

[5] [6]
Overfull \hbox (3.0pt too wide) in paragraph at lines 371--371
|[][][][][][][]| 
 []


Underfull \hbox (badness 10000) in paragraph at lines 374--374
[]|\T1/cmr/bx/n/10 Test
 []


Overfull \hbox (1.5212pt too wide) in paragraph at lines 374--374
[]|\T1/cmr/bx/n/10 Requirement
 []


Underfull \hbox (badness 10000) in paragraph at lines 374--374
[]|\T1/cmr/bx/n/10 Expected
 []


Underfull \hbox (badness 10000) in paragraph at lines 374--374
[]|\T1/cmr/bx/n/10 Actual
 []


Underfull \hbox (badness 10000) in paragraph at lines 376--376
[]|\T1/cmr/m/n/10 res.body
 []


Underfull \hbox (badness 10000) in paragraph at lines 376--376
[]|\T1/cmr/m/n/10 res.body
 []


Underfull \hbox (badness 10000) in paragraph at lines 378--378
[]|\T1/cmr/m/n/10 Test GET /nu-mOf-
 []


Overfull \hbox (13.6735pt too wide) in paragraph at lines 378--378
[]|\T1/cmr/m/n/10 res.raw_body
 []


Overfull \hbox (13.6735pt too wide) in paragraph at lines 378--378
[]|\T1/cmr/m/n/10 res.raw_body
 []


Underfull \hbox (badness 8094) in paragraph at lines 380--380
[]|\T1/cmr/m/n/10 Test POST /up-date-
 []


Underfull \hbox (badness 10000) in paragraph at lines 380--380
[]|\T1/cmr/m/n/10 New ad-
 []


Underfull \hbox (badness 4193) in paragraph at lines 380--380
\T1/cmr/m/n/10 min user-
 []


Underfull \hbox (badness 10000) in paragraph at lines 380--380
\T1/cmr/m/n/10 name/-
 []


Underfull \hbox (badness 10000) in paragraph at lines 380--380
\T1/cmr/m/n/10 pass-word
 []


Underfull \hbox (badness 10000) in paragraph at lines 382--382
[]|\T1/cmr/m/n/10 Admin
 []


Underfull \hbox (badness 10000) in paragraph at lines 382--382
\T1/cmr/m/n/10 user-
 []


Underfull \hbox (badness 10000) in paragraph at lines 382--382
\T1/cmr/m/n/10 name/-
 []


Underfull \hbox (badness 10000) in paragraph at lines 382--382
\T1/cmr/m/n/10 pass-word
 []


Underfull \hbox (badness 10000) in paragraph at lines 384--384
[]|\T1/cmr/m/n/10 Text file
 []


Underfull \hbox (badness 10000) in paragraph at lines 384--384
\T1/cmr/m/n/10 con-tain-
 []


Underfull \hbox (badness 10000) in paragraph at lines 384--384
\T1/cmr/m/n/10 ing map
 []


Underfull \hbox (badness 1527) in paragraph at lines 386--386
[]|\T1/cmr/m/n/10 Test GET /map end-
 []


Underfull \hbox (badness 10000) in paragraph at lines 386--386
[]|\T1/cmr/m/n/10 File con-
 []


Underfull \hbox (badness 10000) in paragraph at lines 386--386
\T1/cmr/m/n/10 tents
 []


Underfull \hbox (badness 10000) in paragraph at lines 386--386
\T1/cmr/m/n/10 == Map
 []


Underfull \hbox (badness 10000) in paragraph at lines 386--386
[]|\T1/cmr/m/n/10 File con-
 []


Underfull \hbox (badness 10000) in paragraph at lines 386--386
\T1/cmr/m/n/10 tents
 []


Underfull \hbox (badness 10000) in paragraph at lines 386--386
\T1/cmr/m/n/10 == Map
 []


Underfull \hbox (badness 10000) in paragraph at lines 388--388
[]|\T1/cmr/m/n/10 Missing
 []


Underfull \hbox (badness 10000) in paragraph at lines 388--388
[]|\T1/cmr/m/n/10 Missing
 []


Underfull \hbox (badness 10000) in paragraph at lines 390--390
\T1/cmr/m/n/10 and tank
 []


Underfull \hbox (badness 4084) in paragraph at lines 390--390
[]|\T1/cmr/m/n/10 COKE in
 []


Underfull \hbox (badness 4084) in paragraph at lines 390--390
[]|\T1/cmr/m/n/10 COKE in
 []


Underfull \hbox (badness 10000) in paragraph at lines 392--392
[]|\T1/cmr/m/n/10 "token"
 []


Underfull \hbox (badness 10000) in paragraph at lines 392--392
\T1/cmr/m/n/10 and "to-
 []


Underfull \hbox (badness 10000) in paragraph at lines 392--392
\T1/cmr/m/n/10 ken_type"
 []


Underfull \hbox (badness 10000) in paragraph at lines 392--392
[]|\T1/cmr/m/n/10 "token"
 []


Underfull \hbox (badness 10000) in paragraph at lines 392--392
\T1/cmr/m/n/10 and "to-
 []


Underfull \hbox (badness 10000) in paragraph at lines 392--392
\T1/cmr/m/n/10 ken_type"
 []


Underfull \hbox (badness 10000) in paragraph at lines 394--394
[]|\T1/cmr/m/n/10 Table ID
 []


Underfull \hbox (badness 2253) in paragraph at lines 394--394
\T1/cmr/m/n/10 and or-der
 []


Underfull \hbox (badness 10000) in paragraph at lines 394--394
\T1/cmr/m/n/10 con-tents
 []


Underfull \hbox (badness 6758) in paragraph at lines 396--396
[]|\T1/cmr/m/n/10 Order ID
 []


Underfull \hbox (badness 4378) in paragraph at lines 396--396
\T1/cmr/m/n/10 and ta-ble
 []


Overfull \hbox (13.6735pt too wide) in paragraph at lines 396--396
[]|\T1/cmr/m/n/10 res.raw_body
 []


Overfull \hbox (13.6735pt too wide) in paragraph at lines 396--396
[]|\T1/cmr/m/n/10 res.raw_body
 []


Underfull \hbox (badness 10000) in paragraph at lines 398--398
[]|\T1/cmr/m/n/10 Test DELETE
 []


Underfull \hbox (badness 6758) in paragraph at lines 398--398
[]|\T1/cmr/m/n/10 Order ID
 []


Underfull \hbox (badness 4378) in paragraph at lines 398--398
\T1/cmr/m/n/10 and ta-ble
 []


Underfull \hbox (badness 10000) in paragraph at lines 400--400
[]|\T1/cmr/m/n/10 Table ID
 []


Underfull \hbox (badness 2253) in paragraph at lines 400--400
\T1/cmr/m/n/10 and or-der
 []


Underfull \hbox (badness 10000) in paragraph at lines 400--400
\T1/cmr/m/n/10 con-tents
 []


Underfull \hbox (badness 10000) in paragraph at lines 402--402
[]|\T1/cmr/m/n/10 Must
 []


Underfull \hbox (badness 10000) in paragraph at lines 402--402
\T1/cmr/m/n/10 re-turn
 []


Underfull \hbox (badness 10000) in paragraph at lines 402--402
[]|\T1/cmr/m/n/10 Includes
 []


Underfull \hbox (badness 1527) in paragraph at lines 404--404
[]|\T1/cmr/m/n/10 Test GET /map end-
 []


Underfull \hbox (badness 10000) in paragraph at lines 404--404
[]|\T1/cmr/m/n/10 File con-
 []


Underfull \hbox (badness 10000) in paragraph at lines 404--404
\T1/cmr/m/n/10 tents
 []


Underfull \hbox (badness 10000) in paragraph at lines 404--404
\T1/cmr/m/n/10 == Map
 []


Underfull \hbox (badness 10000) in paragraph at lines 404--404
[]|\T1/cmr/m/n/10 File con-
 []


Underfull \hbox (badness 10000) in paragraph at lines 404--404
\T1/cmr/m/n/10 tents
 []


Underfull \hbox (badness 10000) in paragraph at lines 404--404
\T1/cmr/m/n/10 == Map
 []


Underfull \hbox (badness 1796) in paragraph at lines 406--406
[]|\T1/cmr/m/n/10 Test GET /nex-tOrder
 []


Underfull \hbox (badness 10000) in paragraph at lines 406--406
[]|\T1/cmr/m/n/10 Order
 []


Underfull \hbox (badness 10000) in paragraph at lines 406--406
\T1/cmr/m/n/10 should
 []


Underfull \hbox (badness 10000) in paragraph at lines 406--406
\T1/cmr/m/n/10 have all
 []


Underfull \hbox (badness 10000) in paragraph at lines 406--406
\T1/cmr/m/n/10 re-quired
 []


Underfull \hbox (badness 10000) in paragraph at lines 406--406
[]|\T1/cmr/m/n/10 Order
 []


Underfull \hbox (badness 10000) in paragraph at lines 406--406
\T1/cmr/m/n/10 has all
 []


Underfull \hbox (badness 10000) in paragraph at lines 406--406
\T1/cmr/m/n/10 re-quired
 []


Overfull \hbox (26.24887pt too wide) in alignment at lines 373--407
 [] [] [] [] [] [] [] 
 []


Underfull \vbox (badness 10000) detected at line 407
 []

[7]
Overfull \hbox (3.0pt too wide) in paragraph at lines 409--409
|[][][][][][][]| 
 []


Underfull \hbox (badness 10000) in paragraph at lines 412--412
[]|\T1/cmr/bx/n/10 Test
 []


Overfull \hbox (1.5212pt too wide) in paragraph at lines 412--412
[]|\T1/cmr/bx/n/10 Requirement
 []


Underfull \hbox (badness 10000) in paragraph at lines 412--412
[]|\T1/cmr/bx/n/10 Expected
 []


Underfull \hbox (badness 10000) in paragraph at lines 412--412
[]|\T1/cmr/bx/n/10 Actual
 []


Underfull \hbox (badness 1824) in paragraph at lines 413--413
[]|\T1/cmr/m/n/10 Testing the abil-ity to
 []


Underfull \hbox (badness 10000) in paragraph at lines 413--413
\T1/cmr/m/n/10 avoid ob-sta-cles and
 []


Underfull \hbox (badness 10000) in paragraph at lines 413--413
\T1/cmr/m/n/10 reach 2 ta-bles 2x4
 []


Underfull \hbox (badness 10000) in paragraph at lines 413--413
[]|\T1/cmr/m/n/10 [[(0, 1)],
 []


Underfull \hbox (badness 10000) in paragraph at lines 413--413
[]|\T1/cmr/m/n/10 [[(0, 1)],
 []


Underfull \hbox (badness 10000) in paragraph at lines 415--415
[]|\T1/cmr/m/n/10 [(1, 2)]],
 []


Underfull \hbox (badness 10000) in paragraph at lines 415--415
\T1/cmr/m/n/10 2)], [(1,
 []


Underfull \hbox (badness 5431) in paragraph at lines 419--419
[]|\T1/cmr/m/n/10 Testing the or-der of
 []


Underfull \hbox (badness 1910) in paragraph at lines 419--419
\T1/cmr/m/n/10 reach-ing ta-bles Ta-bles
 []


Overfull \hbox (2.95389pt too wide) in paragraph at lines 421--421
[]|\T1/cmr/m/n/10 KeyError("
 []


Underfull \hbox (badness 4378) in paragraph at lines 421--421
\T1/cmr/m/n/10 could not
 []


Underfull \hbox (badness 10000) in paragraph at lines 421--421
\T1/cmr/m/n/10 reach
 []


Underfull \hbox (badness 6961) in paragraph at lines 423--423
[]|\T1/cmr/m/n/10 Testing com-plex flow
 []


Underfull \hbox (badness 1270) in paragraph at lines 423--423
\T1/cmr/m/n/10 and ta-bles in cor-ners.
 []


Underfull \hbox (badness 3536) in paragraph at lines 425--425
[]|\T1/cmr/m/n/10 Testing com-plex flow,
 []


Underfull \hbox (badness 10000) in paragraph at lines 425--425
\T1/cmr/m/n/10 9)], [(1,
 []


Underfull \hbox (badness 10000) in paragraph at lines 425--425
\T1/cmr/m/n/10 (0, 10)],
 []


Underfull \hbox (badness 10000) in paragraph at lines 426--426
[]|\T1/cmr/m/n/10 An or-der
 []


Underfull \hbox (badness 10000) in paragraph at lines 426--426
\T1/cmr/m/n/10 of Coke
 []


Underfull \hbox (badness 10000) in paragraph at lines 426--426
\T1/cmr/m/n/10 and Diet
 []


Underfull \hbox (badness 10000) in paragraph at lines 426--426
\T1/cmr/m/n/10 Coke on
 []


Underfull \hbox (badness 10000) in paragraph at lines 426--426
\T1/cmr/m/n/10 the User
 []


Underfull \hbox (badness 10000) in paragraph at lines 426--426
\T1/cmr/m/n/10 Ap-pli-ca-
 []


Underfull \hbox (badness 10000) in paragraph at lines 426--426
[]|\T1/cmr/m/n/10 Alfred
 []


Underfull \hbox (badness 10000) in paragraph at lines 426--426
\T1/cmr/m/n/10 re-ceives
 []


Underfull \hbox (badness 10000) in paragraph at lines 426--426
\T1/cmr/m/n/10 a drink
 []


Underfull \hbox (badness 2591) in paragraph at lines 426--426
\T1/cmr/m/n/10 sponds to
 []


Underfull \hbox (badness 10000) in paragraph at lines 426--426
[]|\T1/cmr/m/n/10 Alfred
 []


Underfull \hbox (badness 10000) in paragraph at lines 426--426
\T1/cmr/m/n/10 re-ceives
 []


Underfull \hbox (badness 10000) in paragraph at lines 426--426
\T1/cmr/m/n/10 a drink
 []


Underfull \hbox (badness 2591) in paragraph at lines 426--426
\T1/cmr/m/n/10 sponds to
 []


Overfull \hbox (26.24887pt too wide) in alignment at lines 411--427
 [] [] [] [] [] [] [] 
 []

[8]
Underfull \vbox (badness 10000) detected at line 427
 []

[9]
Overfull \hbox (3.0pt too wide) in paragraph at lines 429--429
|[][][][][][][]| 
 []


Underfull \hbox (badness 10000) in paragraph at lines 432--432
[]|\T1/cmr/bx/n/10 Test
 []


Overfull \hbox (1.5212pt too wide) in paragraph at lines 432--432
[]|\T1/cmr/bx/n/10 Requirement
 []


Underfull \hbox (badness 10000) in paragraph at lines 432--432
[]|\T1/cmr/bx/n/10 Expected
 []


Underfull \hbox (badness 10000) in paragraph at lines 432--432
[]|\T1/cmr/bx/n/10 Actual
 []


Underfull \hbox (badness 10000) in paragraph at lines 434--434
[]|\T1/cmr/m/n/10 movement
 []


Underfull \hbox (badness 10000) in paragraph at lines 435--435
[]|\T1/cmr/m/n/10 Testing Neg-a-tive
 []


Underfull \hbox (badness 8000) in paragraph at lines 435--435
\T1/cmr/m/n/10 Change of Left En-
 []


Underfull \hbox (badness 10000) in paragraph at lines 435--435
[]|\T1/cmr/m/n/10 movement
 []


Underfull \hbox (badness 10000) in paragraph at lines 437--437
[]|\T1/cmr/m/n/10 movement
 []


Underfull \hbox (badness 10000) in paragraph at lines 439--439
[]|\T1/cmr/m/n/10 Testing Neg-a-tive
 []


Underfull \hbox (badness 10000) in paragraph at lines 439--439
[]|\T1/cmr/m/n/10 movment
 []


Underfull \hbox (badness 10000) in paragraph at lines 441--441
[]|\T1/cmr/m/n/10 Open Loop Test of
 []


Underfull \hbox (badness 10000) in paragraph at lines 441--441
\T1/cmr/m/n/10 Move-ment go-ing for-
 []


Underfull \hbox (badness 3250) in paragraph at lines 441--441
[]|\T1/cmr/m/n/10 10% duty
 []


Underfull \hbox (badness 10000) in paragraph at lines 441--441
[]|\T1/cmr/m/n/10 Both
 []


Underfull \hbox (badness 10000) in paragraph at lines 441--441
\T1/cmr/m/n/10 wheels
 []


Underfull \hbox (badness 10000) in paragraph at lines 441--441
\T1/cmr/m/n/10 spin for-
 []


Underfull \hbox (badness 10000) in paragraph at lines 441--441
[]|\T1/cmr/m/n/10 Both
 []


Underfull \hbox (badness 10000) in paragraph at lines 441--441
\T1/cmr/m/n/10 wheels
 []


Underfull \hbox (badness 10000) in paragraph at lines 441--441
\T1/cmr/m/n/10 spin for-
 []


Underfull \hbox (badness 10000) in paragraph at lines 443--443
[]|\T1/cmr/m/n/10 Open Loop Test of
 []


Underfull \hbox (badness 3250) in paragraph at lines 443--443
[]|\T1/cmr/m/n/10 10% duty
 []


Underfull \hbox (badness 10000) in paragraph at lines 443--443
\T1/cmr/m/n/10 cy-cles
 []


Underfull \hbox (badness 10000) in paragraph at lines 443--443
\T1/cmr/m/n/10 with one
 []


Underfull \hbox (badness 10000) in paragraph at lines 443--443
\T1/cmr/m/n/10 spec-ify
 []


Underfull \hbox (badness 10000) in paragraph at lines 443--443
\T1/cmr/m/n/10 back-ward
 []


Underfull \hbox (badness 10000) in paragraph at lines 443--443
[]|\T1/cmr/m/n/10 Wheels
 []


Underfull \hbox (badness 1546) in paragraph at lines 443--443
\T1/cmr/m/n/10 spin-ing in
 []


Underfull \hbox (badness 10000) in paragraph at lines 443--443
\T1/cmr/m/n/10 dif-fer-ent
 []


Underfull \hbox (badness 10000) in paragraph at lines 443--443
[]|\T1/cmr/m/n/10 Wheels
 []


Underfull \hbox (badness 1546) in paragraph at lines 443--443
\T1/cmr/m/n/10 spin-ing in
 []


Underfull \hbox (badness 10000) in paragraph at lines 443--443
\T1/cmr/m/n/10 dif-fer-ent
 []


Underfull \hbox (badness 10000) in paragraph at lines 445--445
[]|\T1/cmr/m/n/10 a wall
 []


Underfull \hbox (badness 10000) in paragraph at lines 445--445
\T1/cmr/m/n/10 1.5m in
 []


Underfull \hbox (badness 10000) in paragraph at lines 445--445
\T1/cmr/m/n/10 front of
 []


Underfull \hbox (badness 10000) in paragraph at lines 445--445
[]|\T1/cmr/m/n/10 Nothing
 []


Underfull \hbox (badness 10000) in paragraph at lines 445--445
[]|\T1/cmr/m/n/10 Nothing
 []


Underfull \hbox (badness 10000) in paragraph at lines 447--447
[]|\T1/cmr/m/n/10 a book
 []


Underfull \hbox (badness 10000) in paragraph at lines 447--447
\T1/cmr/m/n/10 block-ing
 []


Underfull \hbox (badness 10000) in paragraph at lines 450--450
[]|\T1/cmr/m/n/10 A 30%
 []


Underfull \hbox (badness 10000) in paragraph at lines 450--450
\T1/cmr/m/n/10 in duty
 []


Underfull \hbox (badness 10000) in paragraph at lines 450--450
[]|\T1/cmr/m/n/10 Printing
 []


Underfull \hbox (badness 1259) in paragraph at lines 450--450
\T1/cmr/m/n/10 show-ing a
 []


Underfull \hbox (badness 10000) in paragraph at lines 450--450
[]|\T1/cmr/m/n/10 Printing
 []


Underfull \hbox (badness 1259) in paragraph at lines 450--450
\T1/cmr/m/n/10 show-ing a
 []


Underfull \hbox (badness 10000) in paragraph at lines 451--451
[]|\T1/cmr/m/n/10 Closed Loop Test
 []


Underfull \hbox (badness 10000) in paragraph at lines 451--451
\T1/cmr/m/n/10 of Move-ment go-ing
 []


Underfull \hbox (badness 10000) in paragraph at lines 451--451
[]|\T1/cmr/m/n/10 reference
 []


Underfull \hbox (badness 10000) in paragraph at lines 451--451
\T1/cmr/m/n/10 of 20
 []


Underfull \hbox (badness 10000) in paragraph at lines 451--451
\T1/cmr/m/n/10 en-coder
 []


Underfull \hbox (badness 10000) in paragraph at lines 451--451
[]|\T1/cmr/m/n/10 Both
 []


Underfull \hbox (badness 10000) in paragraph at lines 451--451
\T1/cmr/m/n/10 wheels
 []


Underfull \hbox (badness 10000) in paragraph at lines 451--451
\T1/cmr/m/n/10 spin for-
 []


Underfull \hbox (badness 10000) in paragraph at lines 451--451
\T1/cmr/m/n/10 ward at
 []


Underfull \hbox (badness 10000) in paragraph at lines 451--451
[]|\T1/cmr/m/n/10 Both
 []


Underfull \hbox (badness 10000) in paragraph at lines 451--451
\T1/cmr/m/n/10 wheels
 []


Underfull \hbox (badness 10000) in paragraph at lines 451--451
\T1/cmr/m/n/10 spin for-
 []


Underfull \hbox (badness 10000) in paragraph at lines 451--451
\T1/cmr/m/n/10 ward at
 []


Underfull \hbox (badness 10000) in paragraph at lines 452--452
[]|\T1/cmr/m/n/10 Closed Loop Test
 []


Underfull \hbox (badness 10000) in paragraph at lines 452--452
\T1/cmr/m/n/10 of Move-ment go-ing
 []


Underfull \hbox (badness 10000) in paragraph at lines 452--452
[]|\T1/cmr/m/n/10 reference
 []


Underfull \hbox (badness 10000) in paragraph at lines 452--452
\T1/cmr/m/n/10 of 10
 []


Underfull \hbox (badness 10000) in paragraph at lines 452--452
\T1/cmr/m/n/10 en-coder
 []


Underfull \hbox (badness 10000) in paragraph at lines 452--452
[]|\T1/cmr/m/n/10 Both
 []


Underfull \hbox (badness 10000) in paragraph at lines 452--452
\T1/cmr/m/n/10 wheels
 []


Underfull \hbox (badness 10000) in paragraph at lines 452--452
\T1/cmr/m/n/10 spin for-
 []


Underfull \hbox (badness 10000) in paragraph at lines 452--452
\T1/cmr/m/n/10 ward at
 []


Underfull \hbox (badness 10000) in paragraph at lines 452--452
[]|\T1/cmr/m/n/10 Left side
 []


Underfull \hbox (badness 10000) in paragraph at lines 452--452
\T1/cmr/m/n/10 failed to
 []


Underfull \hbox (badness 10000) in paragraph at lines 452--452
\T1/cmr/m/n/10 cor-rectly
 []


Underfull \hbox (badness 2302) in paragraph at lines 452--452
[]|\T1/cmr/m/n/10 fail - the
 []


Underfull \hbox (badness 10000) in paragraph at lines 452--452
\T1/cmr/m/n/10 soft-ware
 []


Underfull \hbox (badness 10000) in paragraph at lines 452--452
\T1/cmr/m/n/10 worked
 []


Underfull \hbox (badness 10000) in paragraph at lines 452--452
\T1/cmr/m/n/10 cor-rectly
 []


Underfull \hbox (badness 5667) in paragraph at lines 452--452
\T1/cmr/m/n/10 but there
 []


Underfull \hbox (badness 10000) in paragraph at lines 452--452
\T1/cmr/m/n/10 was me-
 []


Underfull \hbox (badness 10000) in paragraph at lines 452--452
\T1/cmr/m/n/10 chan-i-cal
 []


Underfull \hbox (badness 10000) in paragraph at lines 452--452
\T1/cmr/m/n/10 is-sues
 []


Underfull \hbox (badness 10000) in paragraph at lines 452--452
\T1/cmr/m/n/10 at slow
 []


Underfull \hbox (badness 4634) in paragraph at lines 453--453
[]|\T1/cmr/m/n/10 Closed Loop Test of
 []


Underfull \hbox (badness 10000) in paragraph at lines 453--453
\T1/cmr/m/n/10 Move-ment go-ing for-
 []


Underfull \hbox (badness 10000) in paragraph at lines 453--453
\T1/cmr/m/n/10 ward with un-equal
 []


Underfull \hbox (badness 10000) in paragraph at lines 453--453
[]|\T1/cmr/m/n/10 reference
 []


Underfull \hbox (badness 10000) in paragraph at lines 453--453
\T1/cmr/m/n/10 of 20
 []


Underfull \hbox (badness 10000) in paragraph at lines 453--453
\T1/cmr/m/n/10 en-coder
 []


Underfull \hbox (badness 10000) in paragraph at lines 453--453
[]|\T1/cmr/m/n/10 Both
 []


Underfull \hbox (badness 10000) in paragraph at lines 453--453
\T1/cmr/m/n/10 wheels
 []


Underfull \hbox (badness 10000) in paragraph at lines 453--453
\T1/cmr/m/n/10 spin for-
 []


Underfull \hbox (badness 10000) in paragraph at lines 453--453
\T1/cmr/m/n/10 ward at
 []


Underfull \hbox (badness 10000) in paragraph at lines 453--453
[]|\T1/cmr/m/n/10 Both
 []


Underfull \hbox (badness 10000) in paragraph at lines 453--453
\T1/cmr/m/n/10 wheels
 []


Underfull \hbox (badness 10000) in paragraph at lines 453--453
\T1/cmr/m/n/10 spin for-
 []


Underfull \hbox (badness 10000) in paragraph at lines 453--453
\T1/cmr/m/n/10 ward at
 []


Underfull \hbox (badness 4634) in paragraph at lines 455--455
[]|\T1/cmr/m/n/10 Closed Loop Test of
 []


Underfull \hbox (badness 10000) in paragraph at lines 455--455
[]|\T1/cmr/m/n/10 reference
 []


Underfull \hbox (badness 10000) in paragraph at lines 455--455
\T1/cmr/m/n/10 of 20
 []


Underfull \hbox (badness 10000) in paragraph at lines 455--455
\T1/cmr/m/n/10 en-coder
 []


Underfull \hbox (badness 10000) in paragraph at lines 455--455
[]|\T1/cmr/m/n/10 Wheels
 []


Underfull \hbox (badness 10000) in paragraph at lines 455--455
\T1/cmr/m/n/10 spin-ning
 []


Underfull \hbox (badness 10000) in paragraph at lines 455--455
\T1/cmr/m/n/10 di-rec-tions
 []


Underfull \hbox (badness 10000) in paragraph at lines 455--455
\T1/cmr/m/n/10 at 20
 []


Underfull \hbox (badness 10000) in paragraph at lines 455--455
\T1/cmr/m/n/10 en-coder
 []


Underfull \hbox (badness 10000) in paragraph at lines 455--455
[]|\T1/cmr/m/n/10 Wheels
 []


Underfull \hbox (badness 10000) in paragraph at lines 455--455
\T1/cmr/m/n/10 spin-ning
 []


Underfull \hbox (badness 10000) in paragraph at lines 455--455
\T1/cmr/m/n/10 di-rec-tions
 []


Underfull \hbox (badness 10000) in paragraph at lines 455--455
\T1/cmr/m/n/10 at 20
 []


Underfull \hbox (badness 10000) in paragraph at lines 455--455
\T1/cmr/m/n/10 en-coder
 []


Underfull \hbox (badness 10000) in paragraph at lines 457--457
[]|\T1/cmr/m/n/10 reference
 []


Underfull \hbox (badness 10000) in paragraph at lines 457--457
\T1/cmr/m/n/10 of 20
 []


Underfull \hbox (badness 10000) in paragraph at lines 457--457
\T1/cmr/m/n/10 en-coder
 []


Underfull \hbox (badness 10000) in paragraph at lines 457--457
\T1/cmr/m/n/10 counts/sec
 []


Underfull \hbox (badness 10000) in paragraph at lines 457--457
\T1/cmr/m/n/10 then
 []


Underfull \hbox (badness 10000) in paragraph at lines 457--457
\T1/cmr/m/n/10 some-thing
 []


Underfull \hbox (badness 4765) in paragraph at lines 457--457
\T1/cmr/m/n/10 blocks its
 []


Underfull \hbox (badness 10000) in paragraph at lines 457--457
[]|\T1/cmr/m/n/10 Something
 []


Underfull \hbox (badness 10000) in paragraph at lines 457--457
\T1/cmr/m/n/10 is block-
 []


Underfull \hbox (badness 10000) in paragraph at lines 457--457
\T1/cmr/m/n/10 ing the
 []


Underfull \hbox (badness 10000) in paragraph at lines 457--457
\T1/cmr/m/n/10 mov-ing
 []


Underfull \hbox (badness 10000) in paragraph at lines 457--457
\T1/cmr/m/n/10 so Al-fred
 []


Underfull \hbox (badness 10000) in paragraph at lines 457--457
[]|\T1/cmr/m/n/10 Alfred
 []


Underfull \hbox (badness 10000) in paragraph at lines 460--460
[]|\T1/cmr/m/n/10 A ref-er-
 []


Underfull \hbox (badness 10000) in paragraph at lines 460--460
[]|\T1/cmr/m/n/10 Alfred
 []


Underfull \hbox (badness 10000) in paragraph at lines 460--460
\T1/cmr/m/n/10 con-tin-ued
 []


Underfull \hbox (badness 2285) in paragraph at lines 460--461
\T1/cmr/m/n/10 to be re-
 []


Overfull \hbox (26.24887pt too wide) in alignment at lines 431--462
 [] [] [] [] [] [] [] 
 []


Underfull \vbox (badness 10000) detected at line 462
 []

[10] [11]
Overfull \hbox (3.0pt too wide) in paragraph at lines 465--465
|[][][][][][][]| 
 []


Underfull \hbox (badness 10000) in paragraph at lines 467--467
[]|\T1/cmr/bx/n/10 Test
 []


Overfull \hbox (1.5212pt too wide) in paragraph at lines 467--467
[]|\T1/cmr/bx/n/10 Requirement
 []


Underfull \hbox (badness 10000) in paragraph at lines 467--467
[]|\T1/cmr/bx/n/10 Expected
 []


Underfull \hbox (badness 10000) in paragraph at lines 467--467
[]|\T1/cmr/bx/n/10 Actual
 []


Underfull \hbox (badness 10000) in paragraph at lines 469--469
[]|\T1/cmr/m/n/10 software
 []


Underfull \hbox (badness 4254) in paragraph at lines 469--469
\T1/cmr/m/n/10 trig-ger to
 []


Underfull \hbox (badness 10000) in paragraph at lines 469--469
\T1/cmr/m/n/10 take the
 []


Underfull \hbox (badness 1810) in paragraph at lines 471--471
[]|\T1/cmr/m/n/10 Able to de-tect cir-cles
 []


Underfull \hbox (badness 10000) in paragraph at lines 471--471
[]|\T1/cmr/m/n/10 Image
 []


Underfull \hbox (badness 10000) in paragraph at lines 471--471
\T1/cmr/m/n/10 with a
 []


Underfull \hbox (badness 2253) in paragraph at lines 473--473
[]|\T1/cmr/m/n/10 Image pro-cess-ing stop
 []


Underfull \hbox (badness 10000) in paragraph at lines 473--473
[]|\T1/cmr/m/n/10 an im-age
 []


Underfull \hbox (badness 10000) in paragraph at lines 473--473
\T1/cmr/m/n/10 close up
 []


Underfull \hbox (badness 10000) in paragraph at lines 473--473
\T1/cmr/m/n/10 to cam-
 []


Underfull \hbox (badness 10000) in paragraph at lines 473--473
\T1/cmr/m/n/10 era while
 []


Underfull \hbox (badness 10000) in paragraph at lines 473--473
[]|\T1/cmr/m/n/10 Has
 []


Underfull \hbox (badness 10000) in paragraph at lines 473--473
\T1/cmr/m/n/10 reached
 []


Underfull \hbox (badness 10000) in paragraph at lines 473--473
\T1/cmr/m/n/10 the next
 []


Underfull \hbox (badness 10000) in paragraph at lines 473--473
\T1/cmr/m/n/10 node so
 []


Underfull \hbox (badness 10000) in paragraph at lines 473--473
\T1/cmr/m/n/10 Al-fred
 []


Underfull \hbox (badness 10000) in paragraph at lines 473--473
\T1/cmr/m/n/10 stops
 []


Underfull \hbox (badness 10000) in paragraph at lines 473--473
[]|\T1/cmr/m/n/10 Alfred
 []


Underfull \hbox (badness 2253) in paragraph at lines 475--475
[]|\T1/cmr/m/n/10 Image pro-cess-ing stop
 []


Underfull \hbox (badness 5288) in paragraph at lines 475--475
\T1/cmr/m/n/10 with node at ceil-ing
 []


Underfull \hbox (badness 2772) in paragraph at lines 475--475
[]|\T1/cmr/m/n/10 An im-age
 []


Underfull \hbox (badness 10000) in paragraph at lines 475--475
\T1/cmr/m/n/10 fur-ther
 []


Underfull \hbox (badness 10000) in paragraph at lines 475--475
\T1/cmr/m/n/10 away at
 []


Underfull \hbox (badness 10000) in paragraph at lines 475--475
\T1/cmr/m/n/10 ceil-ing
 []


Underfull \hbox (badness 10000) in paragraph at lines 475--475
\T1/cmr/m/n/10 height
 []


Underfull \hbox (badness 10000) in paragraph at lines 475--475
[]|\T1/cmr/m/n/10 Has
 []


Underfull \hbox (badness 10000) in paragraph at lines 475--475
\T1/cmr/m/n/10 reached
 []


Underfull \hbox (badness 10000) in paragraph at lines 475--475
\T1/cmr/m/n/10 the next
 []


Underfull \hbox (badness 10000) in paragraph at lines 475--475
\T1/cmr/m/n/10 node so
 []


Underfull \hbox (badness 10000) in paragraph at lines 475--475
\T1/cmr/m/n/10 Al-fred
 []


Underfull \hbox (badness 10000) in paragraph at lines 475--475
\T1/cmr/m/n/10 stops
 []


Underfull \hbox (badness 10000) in paragraph at lines 475--475
[]|\T1/cmr/m/n/10 Alfred
 []


Overfull \hbox (4.12027pt too wide) in paragraph at lines 475--476
[]|\T1/cmr/m/n/10 Conditional
 []


Underfull \hbox (badness 10000) in paragraph at lines 475--476
\T1/cmr/m/n/10 pass-
 []


Underfull \hbox (badness 10000) in paragraph at lines 475--476
\T1/cmr/m/n/10 needed
 []


Overfull \hbox (26.24887pt too wide) in alignment at lines 466--478
 [] [] [] [] [] [] [] 
 []


Underfull \vbox (badness 10000) detected at line 478
 []


Overfull \hbox (3.0pt too wide) in paragraph at lines 485--485
|[][][][][][][]| 
 []


Underfull \hbox (badness 10000) in paragraph at lines 488--488
[]|\T1/cmr/bx/n/10 Test
 []


Overfull \hbox (1.5212pt too wide) in paragraph at lines 488--488
[]|\T1/cmr/bx/n/10 Requirement
 []


Underfull \hbox (badness 10000) in paragraph at lines 488--488
[]|\T1/cmr/bx/n/10 Expected
 []


Underfull \hbox (badness 10000) in paragraph at lines 488--488
[]|\T1/cmr/bx/n/10 Actual
 []


Underfull \hbox (badness 1308) in paragraph at lines 489--489
[]|\T1/cmr/m/n/10 Testing Se-rial com-mu-
 []


Underfull \hbox (badness 1609) in paragraph at lines 489--489
[]|\T1/cmr/m/n/10 d1d2x via
 []


Underfull \hbox (badness 4072) in paragraph at lines 489--489
\T1/cmr/m/n/10 se-rial sig-
 []


Underfull \hbox (badness 10000) in paragraph at lines 489--489
[]|\T1/cmr/m/n/10 reading
 []


Underfull \hbox (badness 10000) in paragraph at lines 489--489
\T1/cmr/m/n/10 d1d2x
 []


Underfull \hbox (badness 10000) in paragraph at lines 489--489
\T1/cmr/m/n/10 read by
 []


Underfull \hbox (badness 10000) in paragraph at lines 489--489
[]|\T1/cmr/m/n/10 reading
 []


Underfull \hbox (badness 10000) in paragraph at lines 489--489
\T1/cmr/m/n/10 d1d2x
 []


Underfull \hbox (badness 10000) in paragraph at lines 489--489
\T1/cmr/m/n/10 read by
 []


Underfull \hbox (badness 1308) in paragraph at lines 491--491
[]|\T1/cmr/m/n/10 Testing Se-rial com-mu-
 []


Underfull \hbox (badness 1412) in paragraph at lines 491--491
\T1/cmr/m/n/10 ni-ca-tion from RPI by
 []


Underfull \hbox (badness 1609) in paragraph at lines 491--491
[]|\T1/cmr/m/n/10 d1d2x via
 []


Underfull \hbox (badness 4072) in paragraph at lines 491--491
\T1/cmr/m/n/10 se-rial sig-
 []


Underfull \hbox (badness 10000) in paragraph at lines 491--491
[]|\T1/cmr/m/n/10 reading
 []


Underfull \hbox (badness 10000) in paragraph at lines 491--491
\T1/cmr/m/n/10 d1d2x
 []


Underfull \hbox (badness 10000) in paragraph at lines 491--491
\T1/cmr/m/n/10 read by
 []


Underfull \hbox (badness 10000) in paragraph at lines 491--491
[]|\T1/cmr/m/n/10 reading
 []


Underfull \hbox (badness 10000) in paragraph at lines 491--491
\T1/cmr/m/n/10 d1d2x
 []


Underfull \hbox (badness 10000) in paragraph at lines 491--491
\T1/cmr/m/n/10 read by
 []


Underfull \hbox (badness 10000) in paragraph at lines 493--493
[]|\T1/cmr/m/n/10 11110000x
 []


Underfull \hbox (badness 10000) in paragraph at lines 493--493
\T1/cmr/m/n/10 via se-rial
 []


Underfull \hbox (badness 10000) in paragraph at lines 493--493
[]|\T1/cmr/m/n/10 reading
 []


Underfull \hbox (badness 10000) in paragraph at lines 493--493
\T1/cmr/m/n/10 11110000x
 []


Underfull \hbox (badness 10000) in paragraph at lines 493--493
\T1/cmr/m/n/10 read by
 []


Underfull \hbox (badness 10000) in paragraph at lines 493--493
[]|\T1/cmr/m/n/10 reading
 []


Underfull \hbox (badness 10000) in paragraph at lines 493--493
\T1/cmr/m/n/10 11110000x
 []


Underfull \hbox (badness 10000) in paragraph at lines 493--493
\T1/cmr/m/n/10 read by
 []


Overfull \hbox (9.17459pt too wide) in paragraph at lines 495--495
[]|\T1/cmr/m/n/10 Temperature
 []


Underfull \hbox (badness 10000) in paragraph at lines 495--495
\T1/cmr/m/n/10 sen-sor in
 []


Underfull \hbox (badness 1112) in paragraph at lines 497--497
\T1/cmr/m/n/10 of 1Kg with the load
 []


Underfull \hbox (badness 10000) in paragraph at lines 497--497
[]|\T1/cmr/m/n/10 1kg on
 []


Underfull \hbox (badness 1028) in paragraph at lines 498--498
\T1/cmr/m/n/10 cor-rect tank based on
 []


Underfull \hbox (badness 4832) in paragraph at lines 498--498
[]|\T1/cmr/m/n/10 Order for
 []


Underfull \hbox (badness 10000) in paragraph at lines 498--498
[]|\T1/cmr/m/n/10 Tank 1
 []


Underfull \hbox (badness 10000) in paragraph at lines 498--498
[]|\T1/cmr/m/n/10 Tank 1
 []


Underfull \hbox (badness 1028) in paragraph at lines 500--500
\T1/cmr/m/n/10 cor-rect tank based on
 []


Underfull \hbox (badness 4832) in paragraph at lines 500--500
[]|\T1/cmr/m/n/10 Order for
 []


Underfull \hbox (badness 10000) in paragraph at lines 500--500
[]|\T1/cmr/m/n/10 Tank 2
 []


Underfull \hbox (badness 10000) in paragraph at lines 500--500
[]|\T1/cmr/m/n/10 Tank 2
 []


Underfull \hbox (badness 1028) in paragraph at lines 502--502
\T1/cmr/m/n/10 cor-rect tank based on
 []


Underfull \hbox (badness 4832) in paragraph at lines 502--502
[]|\T1/cmr/m/n/10 Order for
 []


Underfull \hbox (badness 10000) in paragraph at lines 502--502
[]|\T1/cmr/m/n/10 Tank 3
 []


Underfull \hbox (badness 10000) in paragraph at lines 502--502
[]|\T1/cmr/m/n/10 Tank 3
 []


Underfull \hbox (badness 10000) in paragraph at lines 504--504
[]|\T1/cmr/m/n/10 Under Weight er-ror
 []


Underfull \hbox (badness 10000) in paragraph at lines 504--504
[]|\T1/cmr/m/n/10 Under
 []


Underfull \hbox (badness 10000) in paragraph at lines 504--504
\T1/cmr/m/n/10 Weight
 []


Underfull \hbox (badness 10000) in paragraph at lines 504--505
[]|\T1/cmr/m/n/10 Fail need
 []


Underfull \hbox (badness 10000) in paragraph at lines 504--505
\T1/cmr/m/n/10 am-pli-fier
 []


Underfull \hbox (badness 10000) in paragraph at lines 506--506
\T1/cmr/m/n/10 per-a-ture
 []


Underfull \hbox (badness 10000) in paragraph at lines 506--506
\T1/cmr/m/n/10 per-a-ture
 []


Underfull \hbox (badness 10000) in paragraph at lines 508--508
[]|\T1/cmr/m/n/10 No Over
 []


Underfull \hbox (badness 10000) in paragraph at lines 508--508
\T1/cmr/m/n/10 Tem-per-
 []


Underfull \hbox (badness 10000) in paragraph at lines 508--508
\T1/cmr/m/n/10 a-ture
 []


Overfull \hbox (26.24887pt too wide) in alignment at lines 487--509
 [] [] [] [] [] [] [] 
 []


Underfull \vbox (badness 10000) detected at line 509
 []

[12]
Overfull \hbox (3.0pt too wide) in paragraph at lines 513--513
|[][][][][][][]| 
 []


Overfull \hbox (3.0pt too wide) in paragraph at lines 515--515
|[][][][][][][]| 
 []


Overfull \hbox (3.0pt too wide) in paragraph at lines 518--518
|[][][][][][][]| 
 []

[13]
Overfull \hbox (3.0pt too wide) in paragraph at lines 521--521
|[][][][][][][]| 
 []


Overfull \hbox (3.0pt too wide) in paragraph at lines 524--524
|[][][][][][][]| 
 []

[14]
Overfull \hbox (3.0pt too wide) in paragraph at lines 530--530
|[][][][][][][]| 
 []


Underfull \hbox (badness 10000) in paragraph at lines 531--532

 []


Overfull \hbox (0.93272pt too wide) in paragraph at lines 535--535
[]|\T1/cmr/m/n/10 Requirements
 []


Overfull \hbox (2.23828pt too wide) in alignment at lines 533--554
 [] [] [] [] [] [] [] [] [] [] [] [] [] 
 []


Underfull \vbox (badness 10000) detected at line 554
 []


Overfull \hbox (2.23828pt too wide) in alignment at lines 554--574
 [] [] [] [] [] [] [] [] [] [] [] [] [] 
 []


Overfull \hbox (2.23828pt too wide) in alignment at lines 574--594
 [] [] [] [] [] [] [] [] [] [] [] [] [] 
 []

[15]
Overfull \hbox (2.23828pt too wide) in alignment at lines 594--604
 [] [] [] [] [] [] [] [] [] [] [] [] [] 
 []


Overfull \hbox (0.93272pt too wide) in paragraph at lines 608--608
[]|\T1/cmr/m/n/10 Requirements
 []


Underfull \vbox (badness 10000) detected at line 627
 []

[16] [17]
Underfull \hbox (badness 10000) in paragraph at lines 679--680

 []


Overfull \hbox (0.93272pt too wide) in paragraph at lines 683--683
[]|\T1/cmr/m/n/10 Requirements
 []


Overfull \hbox (1.7876pt too wide) in alignment at lines 681--702
 [] [] [] [] [] [] [] [] [] [] [] [] [] 
 []


Underfull \vbox (badness 10000) detected at line 702
 []


Overfull \hbox (1.7876pt too wide) in alignment at lines 702--722
 [] [] [] [] [] [] [] [] [] [] [] [] [] 
 []


Overfull \hbox (1.7876pt too wide) in alignment at lines 722--742
 [] [] [] [] [] [] [] [] [] [] [] [] [] 
 []

[18]
Overfull \hbox (1.7876pt too wide) in alignment at lines 742--748
 [] [] [] [] [] [] [] [] [] [] [] [] [] 
 []

[19]
Overfull \hbox (0.93272pt too wide) in paragraph at lines 752--752
[]|\T1/cmr/m/n/10 Requirements
 []


Overfull \hbox (46.77661pt too wide) in alignment at lines 750--771
 [] [] [] [] [] [] [] [] [] [] [] 
 []


Underfull \vbox (badness 10000) detected at line 771
 []


Overfull \hbox (46.77661pt too wide) in alignment at lines 771--791
 [] [] [] [] [] [] [] [] [] [] [] 
 []


Overfull \hbox (46.77661pt too wide) in alignment at lines 791--811
 [] [] [] [] [] [] [] [] [] [] [] 
 []

[20]
Overfull \hbox (46.77661pt too wide) in alignment at lines 811--817
 [] [] [] [] [] [] [] [] [] [] [] 
 []


Overfull \hbox (0.93272pt too wide) in paragraph at lines 821--821
[]|\T1/cmr/m/n/10 Requirements
 []


Overfull \hbox (46.77661pt too wide) in alignment at lines 819--840
 [] [] [] [] [] [] [] [] [] [] [] 
 []


Underfull \vbox (badness 10000) detected at line 840
 []


Overfull \hbox (46.77661pt too wide) in alignment at lines 840--860
 [] [] [] [] [] [] [] [] [] [] [] 
 []

[21]
Overfull \hbox (46.77661pt too wide) in alignment at lines 860--880
 [] [] [] [] [] [] [] [] [] [] [] 
 []


Overfull \hbox (46.77661pt too wide) in alignment at lines 880--886
 [] [] [] [] [] [] [] [] [] [] [] 
 []

[22]
Overfull \hbox (0.93272pt too wide) in paragraph at lines 890--890
[]|\T1/cmr/m/n/10 Requirements
 []


Underfull \vbox (badness 10000) detected at line 909
 []

[23] 
AED: lastpage setting LastPage
[24]
Package atveryend Info: Empty hook `BeforeClearDocument' on input line 958.
Package atveryend Info: Empty hook `AfterLastShipout' on input line 958.
 (./main.aux)
Package atveryend Info: Executing hook `AtVeryEndDocument' on input line 958.
Package atveryend Info: Executing hook `AtEndAfterFileList' on input line 958.
Package rerunfilecheck Info: File `main.out' has not changed.
(rerunfilecheck)             Checksum: 360B4A006FDE3BB068FC2669FEBF486B;1090.


LaTeX Warning: Label(s) may have changed. Rerun to get cross-references right.

Package atveryend Info: Empty hook `AtVeryVeryEnd' on input line 958.
 ) 
Here is how much of TeX's memory you used:
 11432 strings out of 492995
 171266 string characters out of 6132704
 466588 words of memory out of 5000000
 14725 multiletter control sequences out of 15000+600000
 15129 words of font info for 37 fonts, out of 8000000 for 9000
 1141 hyphenation exceptions out of 8191
 41i,11n,87p,879b,468s stack positions out of 5000i,500n,10000p,200000b,80000s
{/usr/local/texlive/2017/texmf-dist/fonts/enc/dvips/cm-super/cm-super-t1.enc}
</usr/local/texlive/2017/texmf-dist/fonts/type1/public/cm-super/sfbx1000.pfb></
usr/local/texlive/2017/texmf-dist/fonts/type1/public/cm-super/sfbx1200.pfb></us
r/local/texlive/2017/texmf-dist/fonts/type1/public/cm-super/sfbx1440.pfb></usr/
local/texlive/2017/texmf-dist/fonts/type1/public/cm-super/sfcc1200.pfb></usr/lo
cal/texlive/2017/texmf-dist/fonts/type1/public/cm-super/sfrm0700.pfb></usr/loca
l/texlive/2017/texmf-dist/fonts/type1/public/cm-super/sfrm1000.pfb></usr/local/
texlive/2017/texmf-dist/fonts/type1/public/cm-super/sfrm1440.pfb></usr/local/te
xlive/2017/texmf-dist/fonts/type1/public/cm-super/sfrm2488.pfb></usr/local/texl
ive/2017/texmf-dist/fonts/type1/public/cm-super/sfxc1440.pfb>
Output written on main.pdf (24 pages, 224571 bytes).
PDF statistics:
 314 PDF objects out of 1000 (max. 8388607)
 273 compressed objects within 3 object streams
 58 named destinations out of 1000 (max. 500000)
 156 words of extra memory for PDF output out of 10000 (max. 10000000)

