This is pdfTeX, Version 3.14159265-2.6-1.40.18 (TeX Live 2017) (preloaded format=pdflatex 2017.5.23)  19 JAN 2018 14:48
entering extended mode
 restricted \write18 enabled.
 file:line:error style messages enabled.
 %&-line parsing enabled.
**component_design.tex
(./component_design.tex
LaTeX2e <2017-04-15>
Babel <3.10> and hyphenation patterns for 84 language(s) loaded.
(/usr/local/texlive/2017/texmf-dist/tex/latex/base/article.cls
Document Class: article 2014/09/29 v1.4h Standard LaTeX document class
(/usr/local/texlive/2017/texmf-dist/tex/latex/base/size10.clo
File: size10.clo 2014/09/29 v1.4h Standard LaTeX file (size option)
)
\c@part=\count79
\c@section=\count80
\c@subsection=\count81
\c@subsubsection=\count82
\c@paragraph=\count83
\c@subparagraph=\count84
\c@figure=\count85
\c@table=\count86
\abovecaptionskip=\skip41
\belowcaptionskip=\skip42
\bibindent=\dimen102
)
(/usr/local/texlive/2017/texmf-dist/tex/latex/geometry/geometry.sty
Package: geometry 2010/09/12 v5.6 Page Geometry

(/usr/local/texlive/2017/texmf-dist/tex/latex/graphics/keyval.sty
Package: keyval 2014/10/28 v1.15 key=value parser (DPC)
\KV@toks@=\toks14
)
(/usr/local/texlive/2017/texmf-dist/tex/generic/oberdiek/ifpdf.sty
Package: ifpdf 2017/03/15 v3.2 Provides the ifpdf switch
)
(/usr/local/texlive/2017/texmf-dist/tex/generic/oberdiek/ifvtex.sty
Package: ifvtex 2016/05/16 v1.6 Detect VTeX and its facilities (HO)
Package ifvtex Info: VTeX not detected.
)
(/usr/local/texlive/2017/texmf-dist/tex/generic/ifxetex/ifxetex.sty
Package: ifxetex 2010/09/12 v0.6 Provides ifxetex conditional
)
\Gm@cnth=\count87
\Gm@cntv=\count88
\c@Gm@tempcnt=\count89
\Gm@bindingoffset=\dimen103
\Gm@wd@mp=\dimen104
\Gm@odd@mp=\dimen105
\Gm@even@mp=\dimen106
\Gm@layoutwidth=\dimen107
\Gm@layoutheight=\dimen108
\Gm@layouthoffset=\dimen109
\Gm@layoutvoffset=\dimen110
\Gm@dimlist=\toks15
)
(/usr/local/texlive/2017/texmf-dist/tex/latex/amsmath/amsmath.sty
Package: amsmath 2016/11/05 v2.16a AMS math features
\@mathmargin=\skip43

For additional information on amsmath, use the `?' option.
(/usr/local/texlive/2017/texmf-dist/tex/latex/amsmath/amstext.sty
Package: amstext 2000/06/29 v2.01 AMS text

(/usr/local/texlive/2017/texmf-dist/tex/latex/amsmath/amsgen.sty
File: amsgen.sty 1999/11/30 v2.0 generic functions
\@emptytoks=\toks16
\ex@=\dimen111
))
(/usr/local/texlive/2017/texmf-dist/tex/latex/amsmath/amsbsy.sty
Package: amsbsy 1999/11/29 v1.2d Bold Symbols
\pmbraise@=\dimen112
)
(/usr/local/texlive/2017/texmf-dist/tex/latex/amsmath/amsopn.sty
Package: amsopn 2016/03/08 v2.02 operator names
)
\inf@bad=\count90
LaTeX Info: Redefining \frac on input line 213.
\uproot@=\count91
\leftroot@=\count92
LaTeX Info: Redefining \overline on input line 375.
\classnum@=\count93
\DOTSCASE@=\count94
LaTeX Info: Redefining \ldots on input line 472.
LaTeX Info: Redefining \dots on input line 475.
LaTeX Info: Redefining \cdots on input line 596.
\Mathstrutbox@=\box26
\strutbox@=\box27
\big@size=\dimen113
LaTeX Font Info:    Redeclaring font encoding OML on input line 712.
LaTeX Font Info:    Redeclaring font encoding OMS on input line 713.
\macc@depth=\count95
\c@MaxMatrixCols=\count96
\dotsspace@=\muskip10
\c@parentequation=\count97
\dspbrk@lvl=\count98
\tag@help=\toks17
\row@=\count99
\column@=\count100
\maxfields@=\count101
\andhelp@=\toks18
\eqnshift@=\dimen114
\alignsep@=\dimen115
\tagshift@=\dimen116
\tagwidth@=\dimen117
\totwidth@=\dimen118
\lineht@=\dimen119
\@envbody=\toks19
\multlinegap=\skip44
\multlinetaggap=\skip45
\mathdisplay@stack=\toks20
LaTeX Info: Redefining \[ on input line 2817.
LaTeX Info: Redefining \] on input line 2818.
)
(/usr/local/texlive/2017/texmf-dist/tex/latex/mathtools/mathtools.sty
Package: mathtools 2015/11/12 v1.18 mathematical typesetting tools

(/usr/local/texlive/2017/texmf-dist/tex/latex/tools/calc.sty
Package: calc 2014/10/28 v4.3 Infix arithmetic (KKT,FJ)
\calc@Acount=\count102
\calc@Bcount=\count103
\calc@Adimen=\dimen120
\calc@Bdimen=\dimen121
\calc@Askip=\skip46
\calc@Bskip=\skip47
LaTeX Info: Redefining \setlength on input line 80.
LaTeX Info: Redefining \addtolength on input line 81.
\calc@Ccount=\count104
\calc@Cskip=\skip48
)
(/usr/local/texlive/2017/texmf-dist/tex/latex/mathtools/mhsetup.sty
Package: mhsetup 2010/01/21 v1.2a programming setup (MH)
)
LaTeX Info: Thecontrolsequence`\('isalreadyrobust on input line 129.
LaTeX Info: Thecontrolsequence`\)'isalreadyrobust on input line 129.
LaTeX Info: Thecontrolsequence`\['isalreadyrobust on input line 129.
LaTeX Info: Thecontrolsequence`\]'isalreadyrobust on input line 129.
\g_MT_multlinerow_int=\count105
\l_MT_multwidth_dim=\dimen122
\origjot=\skip49
\l_MT_shortvdotswithinadjustabove_dim=\dimen123
\l_MT_shortvdotswithinadjustbelow_dim=\dimen124
\l_MT_above_intertext_sep=\dimen125
\l_MT_below_intertext_sep=\dimen126
\l_MT_above_shortintertext_sep=\dimen127
\l_MT_below_shortintertext_sep=\dimen128
)
(/usr/local/texlive/2017/texmf-dist/tex/latex/xcolor/xcolor.sty
Package: xcolor 2016/05/11 v2.12 LaTeX color extensions (UK)

(/usr/local/texlive/2017/texmf-dist/tex/latex/graphics-cfg/color.cfg
File: color.cfg 2016/01/02 v1.6 sample color configuration
)
Package xcolor Info: Driver file: pdftex.def on input line 225.

(/usr/local/texlive/2017/texmf-dist/tex/latex/graphics-def/pdftex.def
File: pdftex.def 2017/01/12 v0.06k Graphics/color for pdfTeX

(/usr/local/texlive/2017/texmf-dist/tex/generic/oberdiek/infwarerr.sty
Package: infwarerr 2016/05/16 v1.4 Providing info/warning/error messages (HO)
)
(/usr/local/texlive/2017/texmf-dist/tex/generic/oberdiek/ltxcmds.sty
Package: ltxcmds 2016/05/16 v1.23 LaTeX kernel commands for general use (HO)
)
\Gread@gobject=\count106
)
(/usr/local/texlive/2017/texmf-dist/tex/latex/colortbl/colortbl.sty
Package: colortbl 2012/02/13 v1.0a Color table columns (DPC)

(/usr/local/texlive/2017/texmf-dist/tex/latex/tools/array.sty
Package: array 2016/10/06 v2.4d Tabular extension package (FMi)
\col@sep=\dimen129
\extrarowheight=\dimen130
\NC@list=\toks21
\extratabsurround=\skip50
\backup@length=\skip51
)
\everycr=\toks22
\minrowclearance=\skip52
)
\rownum=\count107
Package xcolor Info: Model `cmy' substituted by `cmy0' on input line 1348.
Package xcolor Info: Model `hsb' substituted by `rgb' on input line 1352.
Package xcolor Info: Model `RGB' extended on input line 1364.
Package xcolor Info: Model `HTML' substituted by `rgb' on input line 1366.
Package xcolor Info: Model `Hsb' substituted by `hsb' on input line 1367.
Package xcolor Info: Model `tHsb' substituted by `hsb' on input line 1368.
Package xcolor Info: Model `HSB' substituted by `hsb' on input line 1369.
Package xcolor Info: Model `Gray' substituted by `gray' on input line 1370.
Package xcolor Info: Model `wave' substituted by `hsb' on input line 1371.
)
(/usr/local/texlive/2017/texmf-dist/tex/latex/soul/soul.sty
Package: soul 2003/11/17 v2.4 letterspacing/underlining (mf)
\SOUL@word=\toks23
\SOUL@lasttoken=\toks24
\SOUL@cmds=\toks25
\SOUL@buffer=\toks26
\SOUL@token=\toks27
\SOUL@spaceskip=\skip53
\SOUL@ttwidth=\dimen131
\SOUL@uldp=\dimen132
\SOUL@ulht=\dimen133
)
(/usr/local/texlive/2017/texmf-dist/tex/latex/cabin/cabin.sty
Package: cabin 2016/02/26 (Bob Tennent) Supports Cabin fonts for all LaTeX engi
nes.

(/usr/local/texlive/2017/texmf-dist/tex/generic/oberdiek/ifluatex.sty
Package: ifluatex 2016/05/16 v1.4 Provides the ifluatex switch (HO)
Package ifluatex Info: LuaTeX not detected.
)
(/usr/local/texlive/2017/texmf-dist/tex/latex/xkeyval/xkeyval.sty
Package: xkeyval 2014/12/03 v2.7a package option processing (HA)

(/usr/local/texlive/2017/texmf-dist/tex/generic/xkeyval/xkeyval.tex
(/usr/local/texlive/2017/texmf-dist/tex/generic/xkeyval/xkvutils.tex
\XKV@toks=\toks28
\XKV@tempa@toks=\toks29
)
\XKV@depth=\count108
File: xkeyval.tex 2014/12/03 v2.7a key=value parser (HA)
))
(/usr/local/texlive/2017/texmf-dist/tex/latex/base/textcomp.sty
Package: textcomp 2017/04/05 v2.0i Standard LaTeX package
Package textcomp Info: Sub-encoding information:
(textcomp)               5 = only ISO-Adobe without \textcurrency
(textcomp)               4 = 5 + \texteuro
(textcomp)               3 = 4 + \textohm
(textcomp)               2 = 3 + \textestimated + \textcurrency
(textcomp)               1 = TS1 - \textcircled - \t
(textcomp)               0 = TS1 (full)
(textcomp)             Font families with sub-encoding setting implement
(textcomp)             only a restricted character set as indicated.
(textcomp)             Family '?' is the default used for unknown fonts.
(textcomp)             See the documentation for details.
Package textcomp Info: Setting ? sub-encoding to TS1/1 on input line 79.

(/usr/local/texlive/2017/texmf-dist/tex/latex/base/ts1enc.def
File: ts1enc.def 2001/06/05 v3.0e (jk/car/fm) Standard LaTeX file
)
LaTeX Info: Redefining \oldstylenums on input line 334.
Package textcomp Info: Setting cmr sub-encoding to TS1/0 on input line 349.
Package textcomp Info: Setting cmss sub-encoding to TS1/0 on input line 350.
Package textcomp Info: Setting cmtt sub-encoding to TS1/0 on input line 351.
Package textcomp Info: Setting cmvtt sub-encoding to TS1/0 on input line 352.
Package textcomp Info: Setting cmbr sub-encoding to TS1/0 on input line 353.
Package textcomp Info: Setting cmtl sub-encoding to TS1/0 on input line 354.
Package textcomp Info: Setting ccr sub-encoding to TS1/0 on input line 355.
Package textcomp Info: Setting ptm sub-encoding to TS1/4 on input line 356.
Package textcomp Info: Setting pcr sub-encoding to TS1/4 on input line 357.
Package textcomp Info: Setting phv sub-encoding to TS1/4 on input line 358.
Package textcomp Info: Setting ppl sub-encoding to TS1/3 on input line 359.
Package textcomp Info: Setting pag sub-encoding to TS1/4 on input line 360.
Package textcomp Info: Setting pbk sub-encoding to TS1/4 on input line 361.
Package textcomp Info: Setting pnc sub-encoding to TS1/4 on input line 362.
Package textcomp Info: Setting pzc sub-encoding to TS1/4 on input line 363.
Package textcomp Info: Setting bch sub-encoding to TS1/4 on input line 364.
Package textcomp Info: Setting put sub-encoding to TS1/5 on input line 365.
Package textcomp Info: Setting uag sub-encoding to TS1/5 on input line 366.
Package textcomp Info: Setting ugq sub-encoding to TS1/5 on input line 367.
Package textcomp Info: Setting ul8 sub-encoding to TS1/4 on input line 368.
Package textcomp Info: Setting ul9 sub-encoding to TS1/4 on input line 369.
Package textcomp Info: Setting augie sub-encoding to TS1/5 on input line 370.
Package textcomp Info: Setting dayrom sub-encoding to TS1/3 on input line 371.
Package textcomp Info: Setting dayroms sub-encoding to TS1/3 on input line 372.

Package textcomp Info: Setting pxr sub-encoding to TS1/0 on input line 373.
Package textcomp Info: Setting pxss sub-encoding to TS1/0 on input line 374.
Package textcomp Info: Setting pxtt sub-encoding to TS1/0 on input line 375.
Package textcomp Info: Setting txr sub-encoding to TS1/0 on input line 376.
Package textcomp Info: Setting txss sub-encoding to TS1/0 on input line 377.
Package textcomp Info: Setting txtt sub-encoding to TS1/0 on input line 378.
Package textcomp Info: Setting lmr sub-encoding to TS1/0 on input line 379.
Package textcomp Info: Setting lmdh sub-encoding to TS1/0 on input line 380.
Package textcomp Info: Setting lmss sub-encoding to TS1/0 on input line 381.
Package textcomp Info: Setting lmssq sub-encoding to TS1/0 on input line 382.
Package textcomp Info: Setting lmvtt sub-encoding to TS1/0 on input line 383.
Package textcomp Info: Setting lmtt sub-encoding to TS1/0 on input line 384.
Package textcomp Info: Setting qhv sub-encoding to TS1/0 on input line 385.
Package textcomp Info: Setting qag sub-encoding to TS1/0 on input line 386.
Package textcomp Info: Setting qbk sub-encoding to TS1/0 on input line 387.
Package textcomp Info: Setting qcr sub-encoding to TS1/0 on input line 388.
Package textcomp Info: Setting qcs sub-encoding to TS1/0 on input line 389.
Package textcomp Info: Setting qpl sub-encoding to TS1/0 on input line 390.
Package textcomp Info: Setting qtm sub-encoding to TS1/0 on input line 391.
Package textcomp Info: Setting qzc sub-encoding to TS1/0 on input line 392.
Package textcomp Info: Setting qhvc sub-encoding to TS1/0 on input line 393.
Package textcomp Info: Setting futs sub-encoding to TS1/4 on input line 394.
Package textcomp Info: Setting futx sub-encoding to TS1/4 on input line 395.
Package textcomp Info: Setting futj sub-encoding to TS1/4 on input line 396.
Package textcomp Info: Setting hlh sub-encoding to TS1/3 on input line 397.
Package textcomp Info: Setting hls sub-encoding to TS1/3 on input line 398.
Package textcomp Info: Setting hlst sub-encoding to TS1/3 on input line 399.
Package textcomp Info: Setting hlct sub-encoding to TS1/5 on input line 400.
Package textcomp Info: Setting hlx sub-encoding to TS1/5 on input line 401.
Package textcomp Info: Setting hlce sub-encoding to TS1/5 on input line 402.
Package textcomp Info: Setting hlcn sub-encoding to TS1/5 on input line 403.
Package textcomp Info: Setting hlcw sub-encoding to TS1/5 on input line 404.
Package textcomp Info: Setting hlcf sub-encoding to TS1/5 on input line 405.
Package textcomp Info: Setting pplx sub-encoding to TS1/3 on input line 406.
Package textcomp Info: Setting pplj sub-encoding to TS1/3 on input line 407.
Package textcomp Info: Setting ptmx sub-encoding to TS1/4 on input line 408.
Package textcomp Info: Setting ptmj sub-encoding to TS1/4 on input line 409.
)
(/usr/local/texlive/2017/texmf-dist/tex/latex/base/fontenc.sty
Package: fontenc 2017/04/05 v2.0i Standard LaTeX package
)
(/usr/local/texlive/2017/texmf-dist/tex/latex/fontaxes/fontaxes.sty
Package: fontaxes 2014/03/23 v1.0d Font selection axes
LaTeX Info: Redefining \upshape on input line 29.
LaTeX Info: Redefining \itshape on input line 31.
LaTeX Info: Redefining \slshape on input line 33.
LaTeX Info: Redefining \scshape on input line 37.
)
(/usr/local/texlive/2017/texmf-dist/tex/latex/mweights/mweights.sty
Package: mweights 2017/03/30 (Bob Tennent) Support package for multiple-weight 
font packages. 
LaTeX Info: Redefining \bfseries on input line 22.
LaTeX Info: Redefining \mdseries on input line 30.
LaTeX Info: Redefining \rmfamily on input line 38.
LaTeX Info: Redefining \sffamily on input line 66.
LaTeX Info: Redefining \ttfamily on input line 94.
))
(/usr/local/texlive/2017/texmf-dist/tex/latex/base/fontenc.sty
Package: fontenc 2017/04/05 v2.0i Standard LaTeX package

(/usr/local/texlive/2017/texmf-dist/tex/latex/base/t1enc.def
File: t1enc.def 2017/04/05 v2.0i Standard LaTeX file
LaTeX Font Info:    Redeclaring font encoding T1 on input line 48.
))
(/usr/local/texlive/2017/texmf-dist/tex/latex/psnfss/helvet.sty
Package: helvet 2005/04/12 PSNFSS-v9.2a (WaS) 
)
(/usr/local/texlive/2017/texmf-dist/tex/latex/titlesec/titlesec.sty
Package: titlesec 2016/03/21 v2.10.2 Sectioning titles
\ttl@box=\box28
\beforetitleunit=\skip54
\aftertitleunit=\skip55
\ttl@plus=\dimen134
\ttl@minus=\dimen135
\ttl@toksa=\toks30
\titlewidth=\dimen136
\titlewidthlast=\dimen137
\titlewidthfirst=\dimen138
)
(/usr/local/texlive/2017/texmf-dist/tex/latex/titlesec/titletoc.sty
Package: titletoc 2011/12/15 v1.6 TOC entries
\ttl@leftsep=\dimen139
)
(/usr/local/texlive/2017/texmf-dist/tex/latex/graphics/graphicx.sty
Package: graphicx 2014/10/28 v1.0g Enhanced LaTeX Graphics (DPC,SPQR)

(/usr/local/texlive/2017/texmf-dist/tex/latex/graphics/graphics.sty
Package: graphics 2017/04/14 v1.1b Standard LaTeX Graphics (DPC,SPQR)

(/usr/local/texlive/2017/texmf-dist/tex/latex/graphics/trig.sty
Package: trig 2016/01/03 v1.10 sin cos tan (DPC)
)
(/usr/local/texlive/2017/texmf-dist/tex/latex/graphics-cfg/graphics.cfg
File: graphics.cfg 2016/06/04 v1.11 sample graphics configuration
)
Package graphics Info: Driver file: pdftex.def on input line 99.
)
\Gin@req@height=\dimen140
\Gin@req@width=\dimen141
)
(/usr/local/texlive/2017/texmf-dist/tex/latex/tools/longtable.sty
Package: longtable 2014/10/28 v4.11 Multi-page Table package (DPC)
\LTleft=\skip56
\LTright=\skip57
\LTpre=\skip58
\LTpost=\skip59
\LTchunksize=\count109
\LTcapwidth=\dimen142
\LT@head=\box29
\LT@firsthead=\box30
\LT@foot=\box31
\LT@lastfoot=\box32
\LT@cols=\count110
\LT@rows=\count111
\c@LT@tables=\count112
\c@LT@chunks=\count113
\LT@p@ftn=\toks31
)
(/usr/local/texlive/2017/texmf-dist/tex/latex/multirow/multirow.sty
Package: multirow 2016/11/25 v2.2 Span multiple rows of a table
\multirow@colwidth=\skip60
\multirow@cntb=\count114
\multirow@dima=\skip61
\bigstrutjot=\dimen143
)
(/usr/local/texlive/2017/texmf-dist/tex/latex/tools/multicol.sty
Package: multicol 2017/04/11 v1.8q multicolumn formatting (FMi)
\c@tracingmulticols=\count115
\mult@box=\box33
\multicol@leftmargin=\dimen144
\c@unbalance=\count116
\c@collectmore=\count117
\doublecol@number=\count118
\multicoltolerance=\count119
\multicolpretolerance=\count120
\full@width=\dimen145
\page@free=\dimen146
\premulticols=\dimen147
\postmulticols=\dimen148
\multicolsep=\skip62
\multicolbaselineskip=\skip63
\partial@page=\box34
\last@line=\box35
\maxbalancingoverflow=\dimen149
\mult@rightbox=\box36
\mult@grightbox=\box37
\mult@gfirstbox=\box38
\mult@firstbox=\box39
\@tempa=\box40
\@tempa=\box41
\@tempa=\box42
\@tempa=\box43
\@tempa=\box44
\@tempa=\box45
\@tempa=\box46
\@tempa=\box47
\@tempa=\box48
\@tempa=\box49
\@tempa=\box50
\@tempa=\box51
\@tempa=\box52
\@tempa=\box53
\@tempa=\box54
\@tempa=\box55
\@tempa=\box56
\c@columnbadness=\count121
\c@finalcolumnbadness=\count122
\last@try=\dimen150
\multicolovershoot=\dimen151
\multicolundershoot=\dimen152
\mult@nat@firstbox=\box57
\colbreak@box=\box58
\mc@col@check@num=\count123
)
(/usr/local/texlive/2017/texmf-dist/tex/latex/enumitem/enumitem.sty
Package: enumitem 2011/09/28 v3.5.2 Customized lists
\labelindent=\skip64
\enit@outerparindent=\dimen153
\enit@toks=\toks32
\enit@inbox=\box59
\enitdp@description=\count124
)
(/usr/local/texlive/2017/texmf-dist/tex/latex/graphics/lscape.sty
Package: lscape 2000/10/22 v3.01 Landscape Pages (DPC)
)
(/usr/local/texlive/2017/texmf-dist/tex/latex/hyperref/hyperref.sty
Package: hyperref 2017/03/14 v6.85a Hypertext links for LaTeX

(/usr/local/texlive/2017/texmf-dist/tex/generic/oberdiek/hobsub-hyperref.sty
Package: hobsub-hyperref 2016/05/16 v1.14 Bundle oberdiek, subset hyperref (HO)


(/usr/local/texlive/2017/texmf-dist/tex/generic/oberdiek/hobsub-generic.sty
Package: hobsub-generic 2016/05/16 v1.14 Bundle oberdiek, subset generic (HO)
Package: hobsub 2016/05/16 v1.14 Construct package bundles (HO)
Package hobsub Info: Skipping package `infwarerr' (already loaded).
Package hobsub Info: Skipping package `ltxcmds' (already loaded).
Package hobsub Info: Skipping package `ifluatex' (already loaded).
Package hobsub Info: Skipping package `ifvtex' (already loaded).
Package: intcalc 2016/05/16 v1.2 Expandable calculations with integers (HO)
Package hobsub Info: Skipping package `ifpdf' (already loaded).
Package: etexcmds 2016/05/16 v1.6 Avoid name clashes with e-TeX commands (HO)
Package etexcmds Info: Could not find \expanded.
(etexcmds)             That can mean that you are not using pdfTeX 1.50 or
(etexcmds)             that some package has redefined \expanded.
(etexcmds)             In the latter case, load this package earlier.
Package: kvsetkeys 2016/05/16 v1.17 Key value parser (HO)
Package: kvdefinekeys 2016/05/16 v1.4 Define keys (HO)
Package: pdftexcmds 2017/03/19 v0.25 Utility functions of pdfTeX for LuaTeX (HO
)
Package pdftexcmds Info: LuaTeX not detected.
Package pdftexcmds Info: \pdf@primitive is available.
Package pdftexcmds Info: \pdf@ifprimitive is available.
Package pdftexcmds Info: \pdfdraftmode found.
Package: pdfescape 2016/05/16 v1.14 Implements pdfTeX's escape features (HO)
Package: bigintcalc 2016/05/16 v1.4 Expandable calculations on big integers (HO
)
Package: bitset 2016/05/16 v1.2 Handle bit-vector datatype (HO)
Package: uniquecounter 2016/05/16 v1.3 Provide unlimited unique counter (HO)
)
Package hobsub Info: Skipping package `hobsub' (already loaded).
Package: letltxmacro 2016/05/16 v1.5 Let assignment for LaTeX macros (HO)
Package: hopatch 2016/05/16 v1.3 Wrapper for package hooks (HO)
Package: xcolor-patch 2016/05/16 xcolor patch
Package: atveryend 2016/05/16 v1.9 Hooks at the very end of document (HO)
Package atveryend Info: \enddocument detected (standard20110627).
Package: atbegshi 2016/06/09 v1.18 At begin shipout hook (HO)
Package: refcount 2016/05/16 v3.5 Data extraction from label references (HO)
Package: hycolor 2016/05/16 v1.8 Color options for hyperref/bookmark (HO)
)
(/usr/local/texlive/2017/texmf-dist/tex/latex/oberdiek/auxhook.sty
Package: auxhook 2016/05/16 v1.4 Hooks for auxiliary files (HO)
)
(/usr/local/texlive/2017/texmf-dist/tex/latex/oberdiek/kvoptions.sty
Package: kvoptions 2016/05/16 v3.12 Key value format for package options (HO)
)
\@linkdim=\dimen154
\Hy@linkcounter=\count125
\Hy@pagecounter=\count126

(/usr/local/texlive/2017/texmf-dist/tex/latex/hyperref/pd1enc.def
File: pd1enc.def 2017/03/14 v6.85a Hyperref: PDFDocEncoding definition (HO)
)
\Hy@SavedSpaceFactor=\count127

(/usr/local/texlive/2017/texmf-dist/tex/latex/latexconfig/hyperref.cfg
File: hyperref.cfg 2002/06/06 v1.2 hyperref configuration of TeXLive
)
Package hyperref Info: Hyper figures OFF on input line 4498.
Package hyperref Info: Link nesting OFF on input line 4503.
Package hyperref Info: Hyper index ON on input line 4506.
Package hyperref Info: Plain pages OFF on input line 4513.
Package hyperref Info: Backreferencing OFF on input line 4518.
Package hyperref Info: Implicit mode ON; LaTeX internals redefined.
Package hyperref Info: Bookmarks ON on input line 4751.
\c@Hy@tempcnt=\count128

(/usr/local/texlive/2017/texmf-dist/tex/latex/url/url.sty
\Urlmuskip=\muskip11
Package: url 2013/09/16  ver 3.4  Verb mode for urls, etc.
)
LaTeX Info: Redefining \url on input line 5104.
\XeTeXLinkMargin=\dimen155
\Fld@menulength=\count129
\Field@Width=\dimen156
\Fld@charsize=\dimen157
Package hyperref Info: Hyper figures OFF on input line 6358.
Package hyperref Info: Link nesting OFF on input line 6363.
Package hyperref Info: Hyper index ON on input line 6366.
Package hyperref Info: backreferencing OFF on input line 6373.
Package hyperref Info: Link coloring OFF on input line 6378.
Package hyperref Info: Link coloring with OCG OFF on input line 6383.
Package hyperref Info: PDF/A mode OFF on input line 6388.
LaTeX Info: Redefining \ref on input line 6428.
LaTeX Info: Redefining \pageref on input line 6432.
\Hy@abspage=\count130
\c@Item=\count131
\c@Hfootnote=\count132
)

Package hyperref Message: Driver (autodetected): hpdftex.

(/usr/local/texlive/2017/texmf-dist/tex/latex/hyperref/hpdftex.def
File: hpdftex.def 2017/03/14 v6.85a Hyperref driver for pdfTeX
\Fld@listcount=\count133
\c@bookmark@seq@number=\count134

(/usr/local/texlive/2017/texmf-dist/tex/latex/oberdiek/rerunfilecheck.sty
Package: rerunfilecheck 2016/05/16 v1.8 Rerun checks for auxiliary files (HO)
Package uniquecounter Info: New unique counter `rerunfilecheck' on input line 2
82.
)
\Hy@SectionHShift=\skip65
)
Package hyperref Info: Option `colorlinks' set `true' on input line 95.

(/usr/local/texlive/2017/texmf-dist/tex/latex/lipsum/lipsum.sty
Package: lipsum 2014/07/27 v1.3 150 paragraphs of Lorem Ipsum dummy text
\c@lips@count=\count135
)
(/usr/local/texlive/2017/texmf-dist/tex/latex/tocloft/tocloft.sty
Package: tocloft 2013/05/02 v2.3f parameterised ToC, etc., typesetting
Package tocloft Info: The document has section divisions on input line 44.
\cftparskip=\skip66
\cftbeforetoctitleskip=\skip67
\cftaftertoctitleskip=\skip68
\cftbeforepartskip=\skip69
\cftpartnumwidth=\skip70
\cftpartindent=\skip71
\cftbeforesecskip=\skip72
\cftsecindent=\skip73
\cftsecnumwidth=\skip74
\cftbeforesubsecskip=\skip75
\cftsubsecindent=\skip76
\cftsubsecnumwidth=\skip77
\cftbeforesubsubsecskip=\skip78
\cftsubsubsecindent=\skip79
\cftsubsubsecnumwidth=\skip80
\cftbeforeparaskip=\skip81
\cftparaindent=\skip82
\cftparanumwidth=\skip83
\cftbeforesubparaskip=\skip84
\cftsubparaindent=\skip85
\cftsubparanumwidth=\skip86
\cftbeforeloftitleskip=\skip87
\cftafterloftitleskip=\skip88
\cftbeforefigskip=\skip89
\cftfigindent=\skip90
\cftfignumwidth=\skip91
\c@lofdepth=\count136
\c@lotdepth=\count137
\cftbeforelottitleskip=\skip92
\cftafterlottitleskip=\skip93
\cftbeforetabskip=\skip94
\cfttabindent=\skip95
\cfttabnumwidth=\skip96
)
(/usr/local/texlive/2017/texmf-dist/tex/latex/fancyhdr/fancyhdr.sty
Package: fancyhdr 2016/09/06 3.8 Extensive control of page headers and footers
\fancy@headwidth=\skip97
\f@ncyO@elh=\skip98
\f@ncyO@erh=\skip99
\f@ncyO@olh=\skip100
\f@ncyO@orh=\skip101
\f@ncyO@elf=\skip102
\f@ncyO@erf=\skip103
\f@ncyO@olf=\skip104
\f@ncyO@orf=\skip105
)
(/usr/local/texlive/2017/texmf-dist/tex/latex/lastpage/lastpage.sty
Package: lastpage 2015/03/29 v1.2m Refers to last page's name (HMM; JPG)
)

Package Fancyhdr Warning: \fancyhead's `E' option without twoside option is use
less on input line 201.

(./component_design.aux)
\openout1 = `component_design.aux'.

LaTeX Font Info:    Checking defaults for OML/cmm/m/it on input line 221.
LaTeX Font Info:    ... okay on input line 221.
LaTeX Font Info:    Checking defaults for T1/cmr/m/n on input line 221.
LaTeX Font Info:    ... okay on input line 221.
LaTeX Font Info:    Checking defaults for OT1/cmr/m/n on input line 221.
LaTeX Font Info:    ... okay on input line 221.
LaTeX Font Info:    Checking defaults for OMS/cmsy/m/n on input line 221.
LaTeX Font Info:    ... okay on input line 221.
LaTeX Font Info:    Checking defaults for OMX/cmex/m/n on input line 221.
LaTeX Font Info:    ... okay on input line 221.
LaTeX Font Info:    Checking defaults for U/cmr/m/n on input line 221.
LaTeX Font Info:    ... okay on input line 221.
LaTeX Font Info:    Checking defaults for TS1/cmr/m/n on input line 221.
LaTeX Font Info:    Try loading font information for TS1+cmr on input line 221.


(/usr/local/texlive/2017/texmf-dist/tex/latex/base/ts1cmr.fd
File: ts1cmr.fd 2014/09/29 v2.5h Standard LaTeX font definitions
)
LaTeX Font Info:    ... okay on input line 221.
LaTeX Font Info:    Checking defaults for PD1/pdf/m/n on input line 221.
LaTeX Font Info:    ... okay on input line 221.

*geometry* driver: auto-detecting
*geometry* detected driver: pdftex
*geometry* verbose mode - [ preamble ] result:
* driver: pdftex
* paper: <default>
* layout: <same size as paper>
* layoutoffset:(h,v)=(0.0pt,0.0pt)
* modes: 
* h-part:(L,W,R)=(72.26999pt, 469.75502pt, 72.26999pt)
* v-part:(T,H,B)=(72.26999pt, 650.43001pt, 72.26999pt)
* \paperwidth=614.295pt
* \paperheight=794.96999pt
* \textwidth=469.75502pt
* \textheight=650.43001pt
* \oddsidemargin=0.0pt
* \evensidemargin=0.0pt
* \topmargin=-37.0pt
* \headheight=12.0pt
* \headsep=14.45377pt
* \topskip=10.0pt
* \footskip=30.0pt
* \marginparwidth=65.0pt
* \marginparsep=11.0pt
* \columnsep=10.0pt
* \skip\footins=9.0pt plus 4.0pt minus 2.0pt
* \hoffset=0.0pt
* \voffset=0.0pt
* \mag=1000
* \@twocolumnfalse
* \@twosidefalse
* \@mparswitchfalse
* \@reversemarginfalse
* (1in=72.27pt=25.4mm, 1cm=28.453pt)

(/usr/local/texlive/2017/texmf-dist/tex/context/base/mkii/supp-pdf.mkii
[Loading MPS to PDF converter (version 2006.09.02).]
\scratchcounter=\count138
\scratchdimen=\dimen158
\scratchbox=\box60
\nofMPsegments=\count139
\nofMParguments=\count140
\everyMPshowfont=\toks33
\MPscratchCnt=\count141
\MPscratchDim=\dimen159
\MPnumerator=\count142
\makeMPintoPDFobject=\count143
\everyMPtoPDFconversion=\toks34
) (/usr/local/texlive/2017/texmf-dist/tex/latex/oberdiek/epstopdf-base.sty
Package: epstopdf-base 2016/05/15 v2.6 Base part for package epstopdf

(/usr/local/texlive/2017/texmf-dist/tex/latex/oberdiek/grfext.sty
Package: grfext 2016/05/16 v1.2 Manage graphics extensions (HO)
)
Package epstopdf-base Info: Redefining graphics rule for `.eps' on input line 4
38.
Package grfext Info: Graphics extension search list:
(grfext)             [.png,.pdf,.jpg,.mps,.jpeg,.jbig2,.jb2,.PNG,.PDF,.JPG,.JPE
G,.JBIG2,.JB2,.eps]
(grfext)             \AppendGraphicsExtensions on input line 456.

(/usr/local/texlive/2017/texmf-dist/tex/latex/latexconfig/epstopdf-sys.cfg
File: epstopdf-sys.cfg 2010/07/13 v1.3 Configuration of (r)epstopdf for TeX Liv
e
))
\c@mv@tabular=\count144
\c@mv@boldtabular=\count145
\AtBeginShipoutBox=\box61
Package hyperref Info: Link coloring ON on input line 221.

(/usr/local/texlive/2017/texmf-dist/tex/latex/hyperref/nameref.sty
Package: nameref 2016/05/21 v2.44 Cross-referencing by name of section

(/usr/local/texlive/2017/texmf-dist/tex/generic/oberdiek/gettitlestring.sty
Package: gettitlestring 2016/05/16 v1.5 Cleanup title references (HO)
)
\c@section@level=\count146
)
LaTeX Info: Redefining \ref on input line 221.
LaTeX Info: Redefining \pageref on input line 221.
LaTeX Info: Redefining \nameref on input line 221.

(./component_design.out) (./component_design.out)
\@outlinefile=\write3
\openout3 = `component_design.out'.

Package lastpage Info: Please have a look at the pageslts package at
(lastpage)             https://www.ctan.org/pkg/pageslts
(lastpage)             ! on input line 221.

<figures/alfred.png, id=156, 501.875pt x 501.875pt>
File: figures/alfred.png Graphic file (type png)
 <use figures/alfred.png>
Package pdftex.def Info: figures/alfred.png used on input line 232.
(pdftex.def)             Requested size: 140.32062pt x 150.56366pt.
LaTeX Font Info:    Try loading font information for T1+Cabin-TLF on input line
 235.

(/usr/local/texlive/2017/texmf-dist/tex/latex/cabin/T1Cabin-TLF.fd
File: T1Cabin-TLF.fd 2012/11/17 (autoinst) Font definitions for T1/Cabin-TLF.
)
LaTeX Font Info:    Font shape `T1/Cabin-TLF/m/n' will be
(Font)              scaled to size 10.0pt on input line 235.
LaTeX Font Info:    Font shape `T1/Cabin-TLF/m/n' will be
(Font)              scaled to size 24.88pt on input line 236.
 [1

{/usr/local/texlive/2017/texmf-var/fonts/map/pdftex/updmap/pdftex.map} <./figur
es/alfred.png>] (./component_design.toc)
\tf@toc=\write4
\openout4 = `component_design.toc'.

 (./component_design.lot)
\tf@lot=\write5
\openout5 = `component_design.lot'.


(./component_design.lof [2])
\tf@lof=\write6
\openout6 = `component_design.lof'.

 [3]
LaTeX Font Info:    Calculating math sizes for size <14> on input line 279.

Overfull \hbox (3.0pt too wide) in paragraph at lines 279--279
|[][][][][][][]| 
 []

[4]
Overfull \hbox (3.0pt too wide) in paragraph at lines 315--315
|[][][][][][][]| 
 []


Overfull \hbox (3.0pt too wide) in paragraph at lines 317--317
|[][][][][][][]| 
 []


Overfull \hbox (3.0pt too wide) in paragraph at lines 320--320
|[][][][][][][]| 
 []


Overfull \hbox (3.0pt too wide) in paragraph at lines 323--323
|[][][][][][][]| 
 []


Overfull \hbox (5.27065pt too wide) in paragraph at lines 331--334
[]\T1/cmr/bx/n/10 DrinksViewAdapter\T1/cmr/m/n/10 : Adapter class for each vis-
i-ble drink in Ac-tiv-ity_DrinksList \T1/cmr/bx/n/10 DrinkCartLis-tAdapter\T1/c
mr/m/n/10 :
 []


Overfull \hbox (3.0pt too wide) in paragraph at lines 338--338
|[][][][][][][]| 
 []

<figures/Client_UsesDiagram.png, id=307, 984.67876pt x 928.46875pt>
File: figures/Client_UsesDiagram.png Graphic file (type png)

<use figures/Client_UsesDiagram.png>
Package pdftex.def Info: figures/Client_UsesDiagram.png used on input line 344.

(pdftex.def)             Requested size: 393.86452pt x 371.38092pt.


LaTeX Warning: `!h' float specifier changed to `!ht'.


Overfull \hbox (3.0pt too wide) in paragraph at lines 350--350
|[][][][][][][]| 
 []


Overfull \hbox (3.0pt too wide) in paragraph at lines 352--352
|[][][][][][][]| 
 []


Overfull \hbox (3.0pt too wide) in paragraph at lines 382--382
|[][][][][][][]| 
 []


Overfull \hbox (3.0pt too wide) in paragraph at lines 391--391
|[][][][][][][]| 
 []

[5]
Overfull \hbox (3.0pt too wide) in paragraph at lines 409--409
|[][][][][][][]| 
 []

[6 <./figures/Client_UsesDiagram.png>]
Overfull \hbox (3.0pt too wide) in paragraph at lines 424--424
|[][][][][][][]| 
 []


Overfull \hbox (3.0pt too wide) in paragraph at lines 440--440
|[][][][][][][]| 
 []


Overfull \hbox (3.0pt too wide) in paragraph at lines 459--459
|[][][][][][][]| 
 []


Overfull \hbox (3.0pt too wide) in paragraph at lines 473--473
|[][][][][][][]| 
 []


Overfull \hbox (15.67088pt too wide) in paragraph at lines 482--484
[]\T1/cmr/bx/n/10 DrinksViewAdapter(Context con-text, Ar-rayList<Drink> drinks)
 \T1/cmr/m/n/10 Con-struc-tor for DrinksViewAdapter.
 []


Overfull \hbox (3.0pt too wide) in paragraph at lines 497--497
|[][][][][][][]| 
 []

[7]
Overfull \hbox (3.0pt too wide) in paragraph at lines 514--514
|[][][][][][][]| 
 []


Overfull \hbox (3.0pt too wide) in paragraph at lines 516--516
|[][][][][][][]| 
 []


Overfull \hbox (3.0pt too wide) in paragraph at lines 564--564
|[][][][][][][]| 
 []


Overfull \hbox (3.0pt too wide) in paragraph at lines 574--574
|[][][][][][][]| 
 []

[8]
Overfull \hbox (3.0pt too wide) in paragraph at lines 603--603
|[][][][][][][]| 
 []


Overfull \hbox (3.0pt too wide) in paragraph at lines 621--621
|[][][][][][][]| 
 []


Overfull \hbox (3.0pt too wide) in paragraph at lines 639--639
|[][][][][][][]| 
 []


Overfull \hbox (30.58252pt too wide) in paragraph at lines 663--665
[]\T1/cmr/bx/n/10 private se-tUpRaw-Cart-Data():void \T1/cmr/m/n/10 Uses the in
-for-ma-tion from the cur-rent-Cart to set up an Ar-rayList<String[]>.
 []


Overfull \hbox (3.0pt too wide) in paragraph at lines 666--666
|[][][][][][][]| 
 []

[9]
Overfull \hbox (3.0pt too wide) in paragraph at lines 691--691
|[][][][][][][]| 
 []


Overfull \hbox (48.885pt too wide) in paragraph at lines 705--707
[]\T1/cmr/bx/n/10 public DrinksViewAdapter(Context con-text, Ar-rayList<Drink> 
drinks) \T1/cmr/m/n/10 Con-struc-tor for DrinksViewAdapter.
 []


Overfull \hbox (3.0pt too wide) in paragraph at lines 720--720
|[][][][][][][]| 
 []


Overfull \hbox (3.0pt too wide) in paragraph at lines 741--741
|[][][][][][][]| 
 []


Overfull \hbox (3.0pt too wide) in paragraph at lines 744--744
|[][][][][][][]| 
 []


Overfull \hbox (3.0pt too wide) in paragraph at lines 747--747
|[][][][][][][]| 
 []

[10]
Overfull \hbox (3.0pt too wide) in paragraph at lines 751--751
|[][][][][][][]| 
 []


Overfull \hbox (3.0pt too wide) in paragraph at lines 757--757
|[][][][][][][]| 
 []

<figures/Manager_UsesDiagram.png, id=362, 512.91624pt x 395.4775pt>
File: figures/Manager_UsesDiagram.png Graphic file (type png)

<use figures/Manager_UsesDiagram.png>
Package pdftex.def Info: figures/Manager_UsesDiagram.png used on input line 761
.
(pdftex.def)             Requested size: 205.16286pt x 158.18819pt.

Overfull \hbox (3.0pt too wide) in paragraph at lines 765--765
|[][][][][][][]| 
 []


Overfull \hbox (3.0pt too wide) in paragraph at lines 767--767
|[][][][][][][]| 
 []


Overfull \hbox (3.0pt too wide) in paragraph at lines 788--788
|[][][][][][][]| 
 []

[11 <./figures/Manager_UsesDiagram.png>]
Overfull \hbox (3.0pt too wide) in paragraph at lines 806--806
|[][][][][][][]| 
 []


Overfull \hbox (3.0pt too wide) in paragraph at lines 817--817
|[][][][][][][]| 
 []


Overfull \hbox (3.0pt too wide) in paragraph at lines 819--819
|[][][][][][][]| 
 []


Overfull \hbox (3.0pt too wide) in paragraph at lines 844--844
|[][][][][][][]| 
 []

[12]
Overfull \hbox (3.0pt too wide) in paragraph at lines 881--881
|[][][][][][][]| 
 []


Overfull \hbox (3.0pt too wide) in paragraph at lines 899--899
|[][][][][][][]| 
 []


Overfull \hbox (3.0pt too wide) in paragraph at lines 902--902
|[][][][][][][]| 
 []


Overfull \hbox (3.0pt too wide) in paragraph at lines 905--905
|[][][][][][][]| 
 []


Overfull \hbox (3.0pt too wide) in paragraph at lines 910--910
|[][][][][][][]| 
 []


Overfull \hbox (3.0pt too wide) in paragraph at lines 916--916
|[][][][][][][]| 
 []

<figures/Alfred_UsesDiagram.png, id=379, 1285.80376pt x 651.43375pt>
File: figures/Alfred_UsesDiagram.png Graphic file (type png)

<use figures/Alfred_UsesDiagram.png>
Package pdftex.def Info: figures/Alfred_UsesDiagram.png used on input line 919.

(pdftex.def)             Requested size: 514.3124pt x 260.56888pt.

Overfull \hbox (44.55737pt too wide) in paragraph at lines 919--920
 [][] 
 []


LaTeX Warning: `!h' float specifier changed to `!ht'.


Overfull \hbox (3.0pt too wide) in paragraph at lines 924--924
|[][][][][][][]| 
 []


Overfull \hbox (3.0pt too wide) in paragraph at lines 926--926
|[][][][][][][]| 
 []

[13]
Overfull \hbox (3.0pt too wide) in paragraph at lines 948--948
|[][][][][][][]| 
 []

[14 <./figures/Alfred_UsesDiagram.png>]
Overfull \hbox (3.0pt too wide) in paragraph at lines 969--969
|[][][][][][][]| 
 []


Overfull \hbox (3.0pt too wide) in paragraph at lines 986--986
|[][][][][][][]| 
 []


Overfull \hbox (3.0pt too wide) in paragraph at lines 1009--1009
|[][][][][][][]| 
 []


Overfull \hbox (3.0pt too wide) in paragraph at lines 1026--1026
|[][][][][][][]| 
 []

[15]
Overfull \hbox (3.0pt too wide) in paragraph at lines 1045--1045
|[][][][][][][]| 
 []


Overfull \hbox (3.0pt too wide) in paragraph at lines 1059--1059
|[][][][][][][]| 
 []


Overfull \hbox (3.0pt too wide) in paragraph at lines 1071--1071
|[][][][][][][]| 
 []


Overfull \hbox (3.0pt too wide) in paragraph at lines 1106--1106
|[][][][][][][]| 
 []


Overfull \hbox (3.0pt too wide) in paragraph at lines 1108--1108
|[][][][][][][]| 
 []

[16]
<figures/AlfredSystem_DetermineState.png, id=413, 1090.0725pt x 374.14781pt>
File: figures/AlfredSystem_DetermineState.png Graphic file (type png)

<use figures/AlfredSystem_DetermineState.png>
Package pdftex.def Info: figures/AlfredSystem_DetermineState.png used on input 
line 1135.
(pdftex.def)             Requested size: 436.02127pt x 149.65646pt.

<figures/AlfredSystem_PerformAction.png, id=414, 956.07187pt x 203.25937pt>
File: figures/AlfredSystem_PerformAction.png Graphic file (type png)

<use figures/AlfredSystem_PerformAction.png>
Package pdftex.def Info: figures/AlfredSystem_PerformAction.png used on input l
ine 1144.
(pdftex.def)             Requested size: 382.42197pt x 81.30229pt.

Overfull \hbox (3.0pt too wide) in paragraph at lines 1146--1146
|[][][][][][][]| 
 []

[17 <./figures/AlfredSystem_DetermineState.png> <./figures/AlfredSystem_Perform
Action.png>]
Overfull \hbox (3.0pt too wide) in paragraph at lines 1177--1177
|[][][][][][][]| 
 []


Overfull \hbox (3.0pt too wide) in paragraph at lines 1224--1224
|[][][][][][][]| 
 []

[18]
Overfull \hbox (3.0pt too wide) in paragraph at lines 1249--1249
|[][][][][][][]| 
 []


Overfull \hbox (3.0pt too wide) in paragraph at lines 1269--1269
|[][][][][][][]| 
 []


Overfull \hbox (3.0pt too wide) in paragraph at lines 1308--1308
|[][][][][][][]| 
 []

[19]
Overfull \hbox (3.0pt too wide) in paragraph at lines 1326--1326
|[][][][][][][]| 
 []


Overfull \hbox (3.0pt too wide) in paragraph at lines 1343--1343
|[][][][][][][]| 
 []


Overfull \hbox (3.0pt too wide) in paragraph at lines 1386--1386
|[][][][][][][]| 
 []

[20]
Overfull \hbox (3.0pt too wide) in paragraph at lines 1423--1423
|[][][][][][][]| 
 []


Overfull \hbox (3.0pt too wide) in paragraph at lines 1425--1425
|[][][][][][][]| 
 []


Overfull \hbox (3.0pt too wide) in paragraph at lines 1427--1427
|[][][][][][][]| 
 []


Overfull \hbox (3.0pt too wide) in paragraph at lines 1432--1432
|[][][][][][][]| 
 []


Overfull \hbox (3.0pt too wide) in paragraph at lines 1436--1436
|[][][][][][][]| 
 []

<figures/Pumping_UsesDiagram.png, id=450, 741.77126pt x 481.8pt>
File: figures/Pumping_UsesDiagram.png Graphic file (type png)

<use figures/Pumping_UsesDiagram.png>
Package pdftex.def Info: figures/Pumping_UsesDiagram.png used on input line 143
9.
(pdftex.def)             Requested size: 296.70325pt x 192.71658pt.


LaTeX Warning: `!h' float specifier changed to `!ht'.


Overfull \hbox (3.0pt too wide) in paragraph at lines 1444--1444
|[][][][][][][]| 
 []


Overfull \hbox (3.0pt too wide) in paragraph at lines 1446--1446
|[][][][][][][]| 
 []

[21]
Overfull \hbox (3.0pt too wide) in paragraph at lines 1487--1487
|[][][][][][][]| 
 []

[22 <./figures/Pumping_UsesDiagram.png>]
Overfull \hbox (3.0pt too wide) in paragraph at lines 1524--1524
|[][][][][][][]| 
 []


Overfull \hbox (3.0pt too wide) in paragraph at lines 1542--1542
|[][][][][][][]| 
 []


Overfull \hbox (3.0pt too wide) in paragraph at lines 1544--1544
|[][][][][][][]| 
 []

<figures/Pumping_DetermineState.png, id=464, 971.12813pt x 466.74374pt>
File: figures/Pumping_DetermineState.png Graphic file (type png)

<use figures/Pumping_DetermineState.png>
Package pdftex.def Info: figures/Pumping_DetermineState.png used on input line 
1574.
(pdftex.def)             Requested size: 388.44437pt x 186.69418pt.


LaTeX Warning: `!h' float specifier changed to `!ht'.

<figures/Pumping_PerformActions.png, id=465, 553.31718pt x 380.92313pt>
File: figures/Pumping_PerformActions.png Graphic file (type png)

<use figures/Pumping_PerformActions.png>
Package pdftex.def Info: figures/Pumping_PerformActions.png used on input line 
1582.
(pdftex.def)             Requested size: 221.32295pt x 152.36655pt.
 [23]
Overfull \hbox (3.0pt too wide) in paragraph at lines 1586--1586
|[][][][][][][]| 
 []

[24 <./figures/Pumping_DetermineState.png> <./figures/Pumping_PerformActions.pn
g>]
Overfull \hbox (3.0pt too wide) in paragraph at lines 1630--1630
|[][][][][][][]| 
 []


Overfull \hbox (3.0pt too wide) in paragraph at lines 1649--1649
|[][][][][][][]| 
 []


Overfull \hbox (3.0pt too wide) in paragraph at lines 1650--1650
|[][][][][][][]| 
 []


Overfull \hbox (3.0pt too wide) in paragraph at lines 1653--1653
|[][][][][][][]| 
 []


Overfull \hbox (3.0pt too wide) in paragraph at lines 1656--1656
|[][][][][][][]| 
 []


Overfull \hbox (3.0pt too wide) in paragraph at lines 1659--1659
|[][][][][][][]| 
 []

<figures/server_class_diagram.PNG, id=480, 573.64313pt x 415.5525pt>
File: figures/server_class_diagram.PNG Graphic file (type png)

<use figures/server_class_diagram.PNG>
Package pdftex.def Info: figures/server_class_diagram.PNG used on input line 16
62.
(pdftex.def)             Requested size: 229.45319pt x 166.21805pt.


LaTeX Warning: `!h' float specifier changed to `!ht'.


Overfull \hbox (3.0pt too wide) in paragraph at lines 1666--1666
|[][][][][][][]| 
 []


Overfull \hbox (3.0pt too wide) in paragraph at lines 1667--1667
|[][][][][][][]| 
 []

[25]
Overfull \hbox (3.0pt too wide) in paragraph at lines 1688--1688
|[][][][][][][]| 
 []


Overfull \hbox (3.0pt too wide) in paragraph at lines 1714--1714
|[][][][][][][]| 
 []

[26 <./figures/server_class_diagram.PNG>]
Overfull \hbox (3.0pt too wide) in paragraph at lines 1725--1725
|[][][][][][][]| 
 []


Overfull \hbox (3.0pt too wide) in paragraph at lines 1744--1744
|[][][][][][][]| 
 []


Overfull \hbox (3.0pt too wide) in paragraph at lines 1765--1765
|[][][][][][][]| 
 []


Overfull \hbox (3.0pt too wide) in paragraph at lines 1776--1776
|[][][][][][][]| 
 []

[27]
Overfull \hbox (3.0pt too wide) in paragraph at lines 1801--1801
|[][][][][][][]| 
 []


Overfull \hbox (3.0pt too wide) in paragraph at lines 1814--1814
|[][][][][][][]| 
 []


Overfull \hbox (3.0pt too wide) in paragraph at lines 1815--1815
|[][][][][][][]| 
 []

[28]
Overfull \hbox (61.69159pt too wide) in paragraph at lines 1861--1921
[]\T1/cmr/bx/n/10 Placeinline \T1/cmr/m/n/10 Call check-To-ken for ta-ble au-th
en-ti-ca-tion If passed, search queue for or-der_id res.write(placeInLine.toStr
ing());
 []


Overfull \hbox (3.0pt too wide) in paragraph at lines 1923--1923
|[][][][][][][]| 
 []

[29]
Overfull \hbox (36.48941pt too wide) in paragraph at lines 1955--1962
[]\T1/cmr/bx/n/10 search(order_id, cb): void \T1/cmr/m/n/10 in-dex = helper.bin
Search(queue, or-der_id) if (in-dex >= 0)  cb(null, (that.queue.length
 []


Overfull \hbox (3.0pt too wide) in paragraph at lines 1969--1969
|[][][][][][][]| 
 []


Overfull \hbox (3.0pt too wide) in paragraph at lines 1987--1987
|[][][][][][][]| 
 []


Overfull \hbox (2.99232pt too wide) in paragraph at lines 2003--2010
[]\T1/cmr/bx/n/10 Functions Ba-si-cAu-th-Man-ager(): void \T1/cmr/m/n/10 If CRE
DS_PATH ex-ists _hash-Creds = read-File(CREDS_PATH)
 []


Overfull \hbox (3.43915pt too wide) in paragraph at lines 2011--2016
[]\T1/cmr/bx/n/10 checkAuth(uName, pw, cb): void \T1/cmr/m/n/10 mu-tex_auth.loc
k() passed = _hash-Creds == hash(uName + ‘:’
 []


Overfull \hbox (3.0pt too wide) in paragraph at lines 2024--2024
|[][][][][][][]| 
 []

[30]
Overfull \hbox (3.0pt too wide) in paragraph at lines 2061--2061
|[][][][][][][]| 
 []


Overfull \hbox (2.96178pt too wide) in paragraph at lines 2089--2097
[]\T1/cmr/m/n/10 If size valid temp.size = size Else Temp.size = M If quan-tity
 valid temp.quantity = quan-tity Else temp.quantity
 []


Overfull \hbox (3.0pt too wide) in paragraph at lines 2125--2125
|[][][][][][][]| 
 []

[31]
Overfull \hbox (3.0pt too wide) in paragraph at lines 2168--2168
|[][][][][][][]| 
 []


Overfull \hbox (3.0pt too wide) in paragraph at lines 2190--2190
|[][][][][][][]| 
 []

<figures/Alfred_SequenceDiagram.png, id=536, 545.03625pt x 400.49625pt>
File: figures/Alfred_SequenceDiagram.png Graphic file (type png)

<use figures/Alfred_SequenceDiagram.png>
Package pdftex.def Info: figures/Alfred_SequenceDiagram.png used on input line 
2194.
(pdftex.def)             Requested size: 327.02428pt x 240.29959pt.
 [32 <./figures/Alfred_SequenceDiagram.png>]
Overfull \hbox (3.0pt too wide) in paragraph at lines 2199--2199
|[][][][][][][]| 
 []

<figures/CAD_Top_View.png, id=543, 783.92876pt x 502.87875pt>
File: figures/CAD_Top_View.png Graphic file (type png)

<use figures/CAD_Top_View.png>
Package pdftex.def Info: figures/CAD_Top_View.png used on input line 2203.
(pdftex.def)             Requested size: 431.16216pt x 276.58417pt.

<figures/CAD_Front_View.png, id=544, 783.92876pt x 501.875pt>
File: figures/CAD_Front_View.png Graphic file (type png)

<use figures/CAD_Front_View.png>
Package pdftex.def Info: figures/CAD_Front_View.png used on input line 2209.
(pdftex.def)             Requested size: 431.16216pt x 276.03209pt.

<figures/CAD_Liquid_Storage.png, id=545, 782.925pt x 499.8675pt>
File: figures/CAD_Liquid_Storage.png Graphic file (type png)

<use figures/CAD_Liquid_Storage.png>
Package pdftex.def Info: figures/CAD_Liquid_Storage.png used on input line 2215
.
(pdftex.def)             Requested size: 430.61008pt x 274.92796pt.

<figures/CAD_Electrical_Storage.png, id=546, 782.925pt x 500.87125pt>
File: figures/CAD_Electrical_Storage.png Graphic file (type png)

<use figures/CAD_Electrical_Storage.png>
Package pdftex.def Info: figures/CAD_Electrical_Storage.png used on input line 
2221.
(pdftex.def)             Requested size: 430.61008pt x 275.48003pt.

<figures/CAD_Battery_Storage.png, id=547, 784.9325pt x 499.8675pt>
File: figures/CAD_Battery_Storage.png Graphic file (type png)

<use figures/CAD_Battery_Storage.png>
Package pdftex.def Info: figures/CAD_Battery_Storage.png used on input line 222
7.
(pdftex.def)             Requested size: 431.7142pt x 274.92796pt.

<figures/CAD_Battery.png, id=548, 783.92876pt x 500.87125pt>
File: figures/CAD_Battery.png Graphic file (type png)

<use figures/CAD_Battery.png>
Package pdftex.def Info: figures/CAD_Battery.png used on input line 2233.
(pdftex.def)             Requested size: 431.16216pt x 275.48003pt.

<figures/CAD_Motor_Mount.png, id=549, 781.92125pt x 498.86375pt>
File: figures/CAD_Motor_Mount.png Graphic file (type png)

<use figures/CAD_Motor_Mount.png>
Package pdftex.def Info: figures/CAD_Motor_Mount.png used on input line 2239.
(pdftex.def)             Requested size: 430.05801pt x 274.37592pt.
 
AED: lastpage setting LastPage
[33 <./figures/CAD_Top_View.png>] [34 <./figures/CAD_Front_View.png> <./figures
/CAD_Liquid_Storage.png>] [35 <./figures/CAD_Electrical_Storage.png> <./figures
/CAD_Battery_Storage.png>] [36 <./figures/CAD_Battery.png> <./figures/CAD_Motor
_Mount.png>]
Package atveryend Info: Empty hook `BeforeClearDocument' on input line 2243.
Package atveryend Info: Empty hook `AfterLastShipout' on input line 2243.
 (./component_design.aux)
Package atveryend Info: Executing hook `AtVeryEndDocument' on input line 2243.
Package atveryend Info: Executing hook `AtEndAfterFileList' on input line 2243.

Package rerunfilecheck Info: File `component_design.out' has not changed.
(rerunfilecheck)             Checksum: 7BA37AC3F4109FCB66BE889415FF4DFE;2121.


LaTeX Warning: Label(s) may have changed. Rerun to get cross-references right.

Package atveryend Info: Empty hook `AtVeryVeryEnd' on input line 2243.
 ) 
Here is how much of TeX's memory you used:
 10316 strings out of 492995
 153017 string characters out of 6132704
 374983 words of memory out of 5000000
 13517 multiletter control sequences out of 15000+600000
 37221 words of font info for 46 fonts, out of 8000000 for 9000
 1141 hyphenation exceptions out of 8191
 41i,15n,43p,434b,454s stack positions out of 5000i,500n,10000p,200000b,80000s
{/usr/local/texlive/2017/texmf-dist/fonts/enc/dvips/cm-super/cm-super-ts1.enc
}{/usr/local/texlive/2017/texmf-dist/fonts/enc/dvips/cm-super/cm-super-t1.enc}{
/usr/local/texlive/2017/texmf-dist/fonts/enc/dvips/cabin/cbn_aojlca.enc}</usr/l
ocal/texlive/2017/texmf-dist/fonts/type1/impallari/cabin/Cabin-Regular.pfb></us
r/local/texlive/2017/texmf-dist/fonts/type1/public/amsfonts/cm/cmex10.pfb></usr
/local/texlive/2017/texmf-dist/fonts/type1/public/amsfonts/cm/cmmi10.pfb></usr/
local/texlive/2017/texmf-dist/fonts/type1/public/amsfonts/cm/cmmi7.pfb></usr/lo
cal/texlive/2017/texmf-dist/fonts/type1/public/amsfonts/cm/cmr10.pfb></usr/loca
l/texlive/2017/texmf-dist/fonts/type1/public/amsfonts/cm/cmr7.pfb></usr/local/t
exlive/2017/texmf-dist/fonts/type1/public/amsfonts/cm/cmsy10.pfb></usr/local/te
xlive/2017/texmf-dist/fonts/type1/public/cm-super/sfbx1000.pfb></usr/local/texl
ive/2017/texmf-dist/fonts/type1/public/cm-super/sfbx1200.pfb></usr/local/texliv
e/2017/texmf-dist/fonts/type1/public/cm-super/sfbx1440.pfb></usr/local/texlive/
2017/texmf-dist/fonts/type1/public/cm-super/sfcc1200.pfb></usr/local/texlive/20
17/texmf-dist/fonts/type1/public/cm-super/sfrm0700.pfb></usr/local/texlive/2017
/texmf-dist/fonts/type1/public/cm-super/sfrm1000.pfb></usr/local/texlive/2017/t
exmf-dist/fonts/type1/public/cm-super/sfrm1440.pfb></usr/local/texlive/2017/tex
mf-dist/fonts/type1/public/cm-super/sfxc1440.pfb>
Output written on component_design.pdf (36 pages, 1019924 bytes).
PDF statistics:
 663 PDF objects out of 1000 (max. 8388607)
 572 compressed objects within 6 object streams
 154 named destinations out of 1000 (max. 500000)
 401 words of extra memory for PDF output out of 10000 (max. 10000000)

