\BOOKMARK [1][-]{section.1}{Revisions}{}% 1
\BOOKMARK [1][-]{section.2}{Manager System}{}% 2
\BOOKMARK [2][-]{subsection.2.1}{Purpose}{section.2}% 3
\BOOKMARK [2][-]{subsection.2.2}{Scope}{section.2}% 4
\BOOKMARK [2][-]{subsection.2.3}{Module Decomposition}{section.2}% 5
\BOOKMARK [2][-]{subsection.2.4}{Uses Relation}{section.2}% 6
\BOOKMARK [2][-]{subsection.2.5}{MIS}{section.2}% 7
\BOOKMARK [2][-]{subsection.2.6}{MID}{section.2}% 8
\BOOKMARK [1][-]{section.3}{Alfred System}{}% 9
\BOOKMARK [2][-]{subsection.3.1}{Purpose}{section.3}% 10
\BOOKMARK [2][-]{subsection.3.2}{Scope}{section.3}% 11
\BOOKMARK [2][-]{subsection.3.3}{Module Decomposition}{section.3}% 12
\BOOKMARK [2][-]{subsection.3.4}{Uses Relation}{section.3}% 13
\BOOKMARK [2][-]{subsection.3.5}{MIS}{section.3}% 14
\BOOKMARK [2][-]{subsection.3.6}{MID}{section.3}% 15
\BOOKMARK [1][-]{section.4}{Pumping System}{}% 16
\BOOKMARK [2][-]{subsection.4.1}{Purpose}{section.4}% 17
\BOOKMARK [2][-]{subsection.4.2}{Scope}{section.4}% 18
\BOOKMARK [2][-]{subsection.4.3}{Module Decomposition}{section.4}% 19
\BOOKMARK [2][-]{subsection.4.4}{Uses Relation}{section.4}% 20
\BOOKMARK [2][-]{subsection.4.5}{MIS}{section.4}% 21
\BOOKMARK [2][-]{subsection.4.6}{MID}{section.4}% 22
\BOOKMARK [1][-]{section.5}{Scheduling}{}% 23
\BOOKMARK [1][-]{section.6}{Design Notes}{}% 24
\BOOKMARK [1][-]{section.7}{Data Dictionary}{}% 25
\BOOKMARK [1][-]{section.8}{References}{}% 26
