This is pdfTeX, Version 3.14159265-2.6-1.40.15 (MiKTeX 2.9 64-bit) (preloaded format=pdflatex 2015.9.30)  14 JAN 2018 16:47
entering extended mode
**main.tex
(main.tex
LaTeX2e <2014/05/01>
Babel <3.9l> and hyphenation patterns for 68 languages loaded.
("C:\Program Files\MiKTeX 2.9\tex\latex\base\article.cls"
Document Class: article 2014/09/29 v1.4h Standard LaTeX document class
("C:\Program Files\MiKTeX 2.9\tex\latex\base\size10.clo"
File: size10.clo 2014/09/29 v1.4h Standard LaTeX file (size option)
)
\c@part=\count79
\c@section=\count80
\c@subsection=\count81
\c@subsubsection=\count82
\c@paragraph=\count83
\c@subparagraph=\count84
\c@figure=\count85
\c@table=\count86
\abovecaptionskip=\skip41
\belowcaptionskip=\skip42
\bibindent=\dimen102
)
("C:\Program Files\MiKTeX 2.9\tex\latex\geometry\geometry.sty"
Package: geometry 2010/09/12 v5.6 Page Geometry

("C:\Program Files\MiKTeX 2.9\tex\latex\graphics\keyval.sty"
Package: keyval 2014/10/28 v1.15 key=value parser (DPC)
\KV@toks@=\toks14
)
("C:\Program Files\MiKTeX 2.9\tex\generic\oberdiek\ifpdf.sty"
Package: ifpdf 2011/01/30 v2.3 Provides the ifpdf switch (HO)
Package ifpdf Info: pdfTeX in PDF mode is detected.
)
("C:\Program Files\MiKTeX 2.9\tex\generic\oberdiek\ifvtex.sty"
Package: ifvtex 2010/03/01 v1.5 Detect VTeX and its facilities (HO)
Package ifvtex Info: VTeX not detected.
)
("C:\Program Files\MiKTeX 2.9\tex\generic\ifxetex\ifxetex.sty"
Package: ifxetex 2010/09/12 v0.6 Provides ifxetex conditional
)
\Gm@cnth=\count87
\Gm@cntv=\count88
\c@Gm@tempcnt=\count89
\Gm@bindingoffset=\dimen103
\Gm@wd@mp=\dimen104
\Gm@odd@mp=\dimen105
\Gm@even@mp=\dimen106
\Gm@layoutwidth=\dimen107
\Gm@layoutheight=\dimen108
\Gm@layouthoffset=\dimen109
\Gm@layoutvoffset=\dimen110
\Gm@dimlist=\toks15

("C:\Program Files\MiKTeX 2.9\tex\latex\geometry\geometry.cfg"))
("C:\Program Files\MiKTeX 2.9\tex\latex\amsmath\amsmath.sty"
Package: amsmath 2013/01/14 v2.14 AMS math features
\@mathmargin=\skip43

For additional information on amsmath, use the `?' option.
("C:\Program Files\MiKTeX 2.9\tex\latex\amsmath\amstext.sty"
Package: amstext 2000/06/29 v2.01

("C:\Program Files\MiKTeX 2.9\tex\latex\amsmath\amsgen.sty"
File: amsgen.sty 1999/11/30 v2.0
\@emptytoks=\toks16
\ex@=\dimen111
))
("C:\Program Files\MiKTeX 2.9\tex\latex\amsmath\amsbsy.sty"
Package: amsbsy 1999/11/29 v1.2d
\pmbraise@=\dimen112
)
("C:\Program Files\MiKTeX 2.9\tex\latex\amsmath\amsopn.sty"
Package: amsopn 1999/12/14 v2.01 operator names
)
\inf@bad=\count90
LaTeX Info: Redefining \frac on input line 210.
\uproot@=\count91
\leftroot@=\count92
LaTeX Info: Redefining \overline on input line 306.
\classnum@=\count93
\DOTSCASE@=\count94
LaTeX Info: Redefining \ldots on input line 378.
LaTeX Info: Redefining \dots on input line 381.
LaTeX Info: Redefining \cdots on input line 466.
\Mathstrutbox@=\box26
\strutbox@=\box27
\big@size=\dimen113
LaTeX Font Info:    Redeclaring font encoding OML on input line 566.
LaTeX Font Info:    Redeclaring font encoding OMS on input line 567.
\macc@depth=\count95
\c@MaxMatrixCols=\count96
\dotsspace@=\muskip10
\c@parentequation=\count97
\dspbrk@lvl=\count98
\tag@help=\toks17
\row@=\count99
\column@=\count100
\maxfields@=\count101
\andhelp@=\toks18
\eqnshift@=\dimen114
\alignsep@=\dimen115
\tagshift@=\dimen116
\tagwidth@=\dimen117
\totwidth@=\dimen118
\lineht@=\dimen119
\@envbody=\toks19
\multlinegap=\skip44
\multlinetaggap=\skip45
\mathdisplay@stack=\toks20
LaTeX Info: Redefining \[ on input line 2665.
LaTeX Info: Redefining \] on input line 2666.
)
("C:\Program Files\MiKTeX 2.9\tex\latex\mathtools\mathtools.sty"
Package: mathtools 2014/07/16 v1.15 mathematical typesetting tools

("C:\Program Files\MiKTeX 2.9\tex\latex\tools\calc.sty"
Package: calc 2014/10/28 v4.3 Infix arithmetic (KKT,FJ)
\calc@Acount=\count102
\calc@Bcount=\count103
\calc@Adimen=\dimen120
\calc@Bdimen=\dimen121
\calc@Askip=\skip46
\calc@Bskip=\skip47
LaTeX Info: Redefining \setlength on input line 75.
LaTeX Info: Redefining \addtolength on input line 76.
\calc@Ccount=\count104
\calc@Cskip=\skip48
)
("C:\Program Files\MiKTeX 2.9\tex\latex\mathtools\mhsetup.sty"
Package: mhsetup 2010/01/21 v1.2a programming setup (MH)
)
LaTeX Info: Thecontrolsequence`\['isalreadyrobust on input line 129.
LaTeX Info: Thecontrolsequence`\]'isalreadyrobust on input line 129.
\g_MT_multlinerow_int=\count105
\l_MT_multwidth_dim=\dimen122
\origjot=\skip49
\l_MT_shortvdotswithinadjustabove_dim=\dimen123
\l_MT_shortvdotswithinadjustbelow_dim=\dimen124
\l_MT_above_intertext_sep=\dimen125
\l_MT_below_intertext_sep=\dimen126
\l_MT_above_shortintertext_sep=\dimen127
\l_MT_below_shortintertext_sep=\dimen128
)
("C:\Program Files\MiKTeX 2.9\tex\latex\xcolor\xcolor.sty"
Package: xcolor 2007/01/21 v2.11 LaTeX color extensions (UK)

("C:\Program Files\MiKTeX 2.9\tex\latex\00miktex\color.cfg"
File: color.cfg 2007/01/18 v1.5 color configuration of teTeX/TeXLive
)
Package xcolor Info: Driver file: pdftex.def on input line 225.

("C:\Program Files\MiKTeX 2.9\tex\latex\pdftex-def\pdftex.def"
File: pdftex.def 2011/05/27 v0.06d Graphics/color for pdfTeX

("C:\Program Files\MiKTeX 2.9\tex\generic\oberdiek\infwarerr.sty"
Package: infwarerr 2010/04/08 v1.3 Providing info/warning/error messages (HO)
)
("C:\Program Files\MiKTeX 2.9\tex\generic\oberdiek\ltxcmds.sty"
Package: ltxcmds 2011/11/09 v1.22 LaTeX kernel commands for general use (HO)
)
\Gread@gobject=\count106
)
("C:\Program Files\MiKTeX 2.9\tex\latex\colortbl\colortbl.sty"
Package: colortbl 2012/02/13 v1.0a Color table columns (DPC)

("C:\Program Files\MiKTeX 2.9\tex\latex\tools\array.sty"
Package: array 2014/10/28 v2.4c Tabular extension package (FMi)
\col@sep=\dimen129
\extrarowheight=\dimen130
\NC@list=\toks21
\extratabsurround=\skip50
\backup@length=\skip51
)
\everycr=\toks22
\minrowclearance=\skip52
)
\rownum=\count107
Package xcolor Info: Model `cmy' substituted by `cmy0' on input line 1337.
Package xcolor Info: Model `hsb' substituted by `rgb' on input line 1341.
Package xcolor Info: Model `RGB' extended on input line 1353.
Package xcolor Info: Model `HTML' substituted by `rgb' on input line 1355.
Package xcolor Info: Model `Hsb' substituted by `hsb' on input line 1356.
Package xcolor Info: Model `tHsb' substituted by `hsb' on input line 1357.
Package xcolor Info: Model `HSB' substituted by `hsb' on input line 1358.
Package xcolor Info: Model `Gray' substituted by `gray' on input line 1359.
Package xcolor Info: Model `wave' substituted by `hsb' on input line 1360.
)
("C:\Program Files\MiKTeX 2.9\tex\latex\soul\soul.sty"
Package: soul 2003/11/17 v2.4 letterspacing/underlining (mf)
\SOUL@word=\toks23
\SOUL@lasttoken=\toks24
\SOUL@cmds=\toks25
\SOUL@buffer=\toks26
\SOUL@token=\toks27
\SOUL@spaceskip=\skip53
\SOUL@ttwidth=\dimen131
\SOUL@uldp=\dimen132
\SOUL@ulht=\dimen133
)
("C:\Program Files\MiKTeX 2.9\tex\latex\base\fontenc.sty"
Package: fontenc 2005/09/27 v1.99g Standard LaTeX package

("C:\Program Files\MiKTeX 2.9\tex\latex\base\t1enc.def"
File: t1enc.def 2005/09/27 v1.99g Standard LaTeX file
LaTeX Font Info:    Redeclaring font encoding T1 on input line 43.
))
("C:\Program Files\MiKTeX 2.9\tex\latex\psnfss\helvet.sty"
Package: helvet 2005/04/12 PSNFSS-v9.2a (WaS) 
)
("C:\Program Files\MiKTeX 2.9\tex\latex\listings\listings.sty"
\lst@mode=\count108
\lst@gtempboxa=\box28
\lst@token=\toks28
\lst@length=\count109
\lst@currlwidth=\dimen134
\lst@column=\count110
\lst@pos=\count111
\lst@lostspace=\dimen135
\lst@width=\dimen136
\lst@newlines=\count112
\lst@lineno=\count113
\lst@maxwidth=\dimen137

("C:\Program Files\MiKTeX 2.9\tex\latex\listings\lstmisc.sty"
File: lstmisc.sty 2014/09/06 1.5e (Carsten Heinz)
\c@lstnumber=\count114
\lst@skipnumbers=\count115
\lst@framebox=\box29
)
("C:\Program Files\MiKTeX 2.9\tex\latex\listings\listings.cfg"
File: listings.cfg 2014/09/06 1.5e listings configuration
))
Package: listings 2014/09/06 1.5e (Carsten Heinz)

("C:\Program Files\MiKTeX 2.9\tex\latex\listings\lstlang1.sty"
File: lstlang1.sty 2014/09/06 1.5e listings language file
)
("C:\Program Files\MiKTeX 2.9\tex\latex\listings\lstlang1.sty"
File: lstlang1.sty 2014/09/06 1.5e listings language file
)
("C:\Program Files\MiKTeX 2.9\tex\latex\listings\lstmisc.sty"
File: lstmisc.sty 2014/09/06 1.5e (Carsten Heinz)
)
("C:\Program Files\MiKTeX 2.9\tex\latex\titlesec\titlesec.sty"
Package: titlesec 2011/12/15 v2.10.0 Sectioning titles
\ttl@box=\box30
\beforetitleunit=\skip54
\aftertitleunit=\skip55
\ttl@plus=\dimen138
\ttl@minus=\dimen139
\ttl@toksa=\toks29
\titlewidth=\dimen140
\titlewidthlast=\dimen141
\titlewidthfirst=\dimen142
)
("C:\Program Files\MiKTeX 2.9\tex\latex\titlesec\titletoc.sty"
Package: titletoc 2011/12/15 v1.6 TOC entries
\ttl@leftsep=\dimen143
)
("C:\Program Files\MiKTeX 2.9\tex\latex\graphics\graphicx.sty"
Package: graphicx 2014/10/28 v1.0g Enhanced LaTeX Graphics (DPC,SPQR)

("C:\Program Files\MiKTeX 2.9\tex\latex\graphics\graphics.sty"
Package: graphics 2014/10/28 v1.0p Standard LaTeX Graphics (DPC,SPQR)

("C:\Program Files\MiKTeX 2.9\tex\latex\graphics\trig.sty"
Package: trig 1999/03/16 v1.09 sin cos tan (DPC)
)
("C:\Program Files\MiKTeX 2.9\tex\latex\00miktex\graphics.cfg"
File: graphics.cfg 2007/01/18 v1.5 graphics configuration of teTeX/TeXLive
)
Package graphics Info: Driver file: pdftex.def on input line 91.
)
\Gin@req@height=\dimen144
\Gin@req@width=\dimen145
)
("C:\Program Files\MiKTeX 2.9\tex\latex\tools\longtable.sty"
Package: longtable 2014/10/28 v4.11 Multi-page Table package (DPC)
\LTleft=\skip56
\LTright=\skip57
\LTpre=\skip58
\LTpost=\skip59
\LTchunksize=\count116
\LTcapwidth=\dimen146
\LT@head=\box31
\LT@firsthead=\box32
\LT@foot=\box33
\LT@lastfoot=\box34
\LT@cols=\count117
\LT@rows=\count118
\c@LT@tables=\count119
\c@LT@chunks=\count120
\LT@p@ftn=\toks30
)
("C:\Program Files\MiKTeX 2.9\tex\latex\multirow\multirow.sty"
\bigstrutjot=\dimen147
)
("C:\Program Files\MiKTeX 2.9\tex\latex\tools\multicol.sty"
Package: multicol 2014/10/28 v1.8i multicolumn formatting (FMi)
\c@tracingmulticols=\count121
\mult@box=\box35
\multicol@leftmargin=\dimen148
\c@unbalance=\count122
\c@collectmore=\count123
\doublecol@number=\count124
\multicoltolerance=\count125
\multicolpretolerance=\count126
\full@width=\dimen149
\page@free=\dimen150
\premulticols=\dimen151
\postmulticols=\dimen152
\multicolsep=\skip60
\multicolbaselineskip=\skip61
\partial@page=\box36
\last@line=\box37
\maxbalancingoverflow=\dimen153
\mult@rightbox=\box38
\mult@grightbox=\box39
\mult@gfirstbox=\box40
\mult@firstbox=\box41
\@tempa=\box42
\@tempa=\box43
\@tempa=\box44
\@tempa=\box45
\@tempa=\box46
\@tempa=\box47
\@tempa=\box48
\@tempa=\box49
\@tempa=\box50
\@tempa=\box51
\@tempa=\box52
\@tempa=\box53
\@tempa=\box54
\@tempa=\box55
\@tempa=\box56
\@tempa=\box57
\@tempa=\box58
\c@columnbadness=\count127
\c@finalcolumnbadness=\count128
\last@try=\dimen154
\multicolovershoot=\dimen155
\multicolundershoot=\dimen156
\mult@nat@firstbox=\box59
\colbreak@box=\box60
\mc@col@check@num=\count129
)
("C:\Program Files\MiKTeX 2.9\tex\latex\enumitem\enumitem.sty"
Package: enumitem 2011/09/28 v3.5.2 Customized lists
\labelindent=\skip62
\enit@outerparindent=\dimen157
\enit@toks=\toks31
\enit@inbox=\box61
\enitdp@description=\count130
)
("C:\Program Files\MiKTeX 2.9\tex\latex\hyperref\hyperref.sty"
Package: hyperref 2012/11/06 v6.83m Hypertext links for LaTeX

("C:\Program Files\MiKTeX 2.9\tex\generic\oberdiek\hobsub-hyperref.sty"
Package: hobsub-hyperref 2012/04/25 v1.12 Bundle oberdiek, subset hyperref (HO)


("C:\Program Files\MiKTeX 2.9\tex\generic\oberdiek\hobsub-generic.sty"
Package: hobsub-generic 2012/04/25 v1.12 Bundle oberdiek, subset generic (HO)
Package: hobsub 2012/04/25 v1.12 Construct package bundles (HO)
Package hobsub Info: Skipping package `infwarerr' (already loaded).
Package hobsub Info: Skipping package `ltxcmds' (already loaded).
Package: ifluatex 2010/03/01 v1.3 Provides the ifluatex switch (HO)
Package ifluatex Info: LuaTeX not detected.
Package hobsub Info: Skipping package `ifvtex' (already loaded).
Package: intcalc 2007/09/27 v1.1 Expandable calculations with integers (HO)
Package hobsub Info: Skipping package `ifpdf' (already loaded).
Package: etexcmds 2011/02/16 v1.5 Avoid name clashes with e-TeX commands (HO)
Package etexcmds Info: Could not find \expanded.
(etexcmds)             That can mean that you are not using pdfTeX 1.50 or
(etexcmds)             that some package has redefined \expanded.
(etexcmds)             In the latter case, load this package earlier.
Package: kvsetkeys 2012/04/25 v1.16 Key value parser (HO)
Package: kvdefinekeys 2011/04/07 v1.3 Define keys (HO)
Package: pdftexcmds 2011/11/29 v0.20 Utility functions of pdfTeX for LuaTeX (HO
)
Package pdftexcmds Info: LuaTeX not detected.
Package pdftexcmds Info: \pdf@primitive is available.
Package pdftexcmds Info: \pdf@ifprimitive is available.
Package pdftexcmds Info: \pdfdraftmode found.
Package: pdfescape 2011/11/25 v1.13 Implements pdfTeX's escape features (HO)
Package: bigintcalc 2012/04/08 v1.3 Expandable calculations on big integers (HO
)
Package: bitset 2011/01/30 v1.1 Handle bit-vector datatype (HO)
Package: uniquecounter 2011/01/30 v1.2 Provide unlimited unique counter (HO)
)
Package hobsub Info: Skipping package `hobsub' (already loaded).
Package: letltxmacro 2010/09/02 v1.4 Let assignment for LaTeX macros (HO)
Package: hopatch 2011/06/24 v1.1 Wrapper for package hooks (HO)
Package: xcolor-patch 2011/01/30 xcolor patch
Package: atveryend 2011/06/30 v1.8 Hooks at the very end of document (HO)
Package atveryend Info: \enddocument detected (standard20110627).
Package: atbegshi 2011/10/05 v1.16 At begin shipout hook (HO)
Package: refcount 2011/10/16 v3.4 Data extraction from label references (HO)
Package: hycolor 2011/01/30 v1.7 Color options for hyperref/bookmark (HO)
)
("C:\Program Files\MiKTeX 2.9\tex\latex\oberdiek\auxhook.sty"
Package: auxhook 2011/03/04 v1.3 Hooks for auxiliary files (HO)
)
("C:\Program Files\MiKTeX 2.9\tex\latex\oberdiek\kvoptions.sty"
Package: kvoptions 2011/06/30 v3.11 Key value format for package options (HO)
)
\@linkdim=\dimen158
\Hy@linkcounter=\count131
\Hy@pagecounter=\count132

("C:\Program Files\MiKTeX 2.9\tex\latex\hyperref\pd1enc.def"
File: pd1enc.def 2012/11/06 v6.83m Hyperref: PDFDocEncoding definition (HO)
)
\Hy@SavedSpaceFactor=\count133

("C:\Program Files\MiKTeX 2.9\tex\latex\00miktex\hyperref.cfg"
File: hyperref.cfg 2002/06/06 v1.2 hyperref configuration of TeXLive
)
Package hyperref Info: Hyper figures OFF on input line 4443.
Package hyperref Info: Link nesting OFF on input line 4448.
Package hyperref Info: Hyper index ON on input line 4451.
Package hyperref Info: Plain pages OFF on input line 4458.
Package hyperref Info: Backreferencing OFF on input line 4463.
Package hyperref Info: Implicit mode ON; LaTeX internals redefined.
Package hyperref Info: Bookmarks ON on input line 4688.
\c@Hy@tempcnt=\count134

("C:\Program Files\MiKTeX 2.9\tex\latex\url\url.sty"
\Urlmuskip=\muskip11
Package: url 2013/09/16  ver 3.4  Verb mode for urls, etc.
)
LaTeX Info: Redefining \url on input line 5041.
\XeTeXLinkMargin=\dimen159
\Fld@menulength=\count135
\Field@Width=\dimen160
\Fld@charsize=\dimen161
Package hyperref Info: Hyper figures OFF on input line 6295.
Package hyperref Info: Link nesting OFF on input line 6300.
Package hyperref Info: Hyper index ON on input line 6303.
Package hyperref Info: backreferencing OFF on input line 6310.
Package hyperref Info: Link coloring OFF on input line 6315.
Package hyperref Info: Link coloring with OCG OFF on input line 6320.
Package hyperref Info: PDF/A mode OFF on input line 6325.
LaTeX Info: Redefining \ref on input line 6365.
LaTeX Info: Redefining \pageref on input line 6369.
\Hy@abspage=\count136
\c@Item=\count137
\c@Hfootnote=\count138
)

Package hyperref Message: Driver (autodetected): hpdftex.

("C:\Program Files\MiKTeX 2.9\tex\latex\hyperref\hpdftex.def"
File: hpdftex.def 2012/11/06 v6.83m Hyperref driver for pdfTeX
\Fld@listcount=\count139
\c@bookmark@seq@number=\count140

("C:\Program Files\MiKTeX 2.9\tex\latex\oberdiek\rerunfilecheck.sty"
Package: rerunfilecheck 2011/04/15 v1.7 Rerun checks for auxiliary files (HO)
Package uniquecounter Info: New unique counter `rerunfilecheck' on input line 2
82.
)
\Hy@SectionHShift=\skip63
)
Package hyperref Info: Option `colorlinks' set `true' on input line 94.

("C:\Program Files\MiKTeX 2.9\tex\latex\lipsum\lipsum.sty"
Package: lipsum 2014/07/27 v1.3 150 paragraphs of Lorem Ipsum dummy text
\c@lips@count=\count141
)
("C:\Program Files\MiKTeX 2.9\tex\latex\tocloft\tocloft.sty"
Package: tocloft 2013/05/02 v2.3f parameterised ToC, etc., typesetting
Package tocloft Info: The document has section divisions on input line 44.
\cftparskip=\skip64
\cftbeforetoctitleskip=\skip65
\cftaftertoctitleskip=\skip66
\cftbeforepartskip=\skip67
\cftpartnumwidth=\skip68
\cftpartindent=\skip69
\cftbeforesecskip=\skip70
\cftsecindent=\skip71
\cftsecnumwidth=\skip72
\cftbeforesubsecskip=\skip73
\cftsubsecindent=\skip74
\cftsubsecnumwidth=\skip75
\cftbeforesubsubsecskip=\skip76
\cftsubsubsecindent=\skip77
\cftsubsubsecnumwidth=\skip78
\cftbeforeparaskip=\skip79
\cftparaindent=\skip80
\cftparanumwidth=\skip81
\cftbeforesubparaskip=\skip82
\cftsubparaindent=\skip83
\cftsubparanumwidth=\skip84
\cftbeforeloftitleskip=\skip85
\cftafterloftitleskip=\skip86
\cftbeforefigskip=\skip87
\cftfigindent=\skip88
\cftfignumwidth=\skip89
\c@lofdepth=\count142
\c@lotdepth=\count143
\cftbeforelottitleskip=\skip90
\cftafterlottitleskip=\skip91
\cftbeforetabskip=\skip92
\cfttabindent=\skip93
\cfttabnumwidth=\skip94
)
("C:\Program Files\MiKTeX 2.9\tex\latex\fancyhdr\fancyhdr.sty"
\fancy@headwidth=\skip95
\f@ncyO@elh=\skip96
\f@ncyO@erh=\skip97
\f@ncyO@olh=\skip98
\f@ncyO@orh=\skip99
\f@ncyO@elf=\skip100
\f@ncyO@erf=\skip101
\f@ncyO@olf=\skip102
\f@ncyO@orf=\skip103
)
("C:\Program Files\MiKTeX 2.9\tex\latex\lastpage\lastpage.sty"
Package: lastpage 2013/01/28 v1.2l Refers to last page's name (HMM; JPG)
)

Package Fancyhdr Warning: \fancyhead's `E' option without twoside option is use
less on input line 200.

(main.aux)
LaTeX Font Info:    Checking defaults for OML/cmm/m/it on input line 220.
LaTeX Font Info:    ... okay on input line 220.
LaTeX Font Info:    Checking defaults for T1/cmr/m/n on input line 220.
LaTeX Font Info:    ... okay on input line 220.
LaTeX Font Info:    Checking defaults for OT1/cmr/m/n on input line 220.
LaTeX Font Info:    ... okay on input line 220.
LaTeX Font Info:    Checking defaults for OMS/cmsy/m/n on input line 220.
LaTeX Font Info:    ... okay on input line 220.
LaTeX Font Info:    Checking defaults for OMX/cmex/m/n on input line 220.
LaTeX Font Info:    ... okay on input line 220.
LaTeX Font Info:    Checking defaults for U/cmr/m/n on input line 220.
LaTeX Font Info:    ... okay on input line 220.
LaTeX Font Info:    Checking defaults for PD1/pdf/m/n on input line 220.
LaTeX Font Info:    ... okay on input line 220.

*geometry* driver: auto-detecting
*geometry* detected driver: pdftex
*geometry* verbose mode - [ preamble ] result:
* driver: pdftex
* paper: <default>
* layout: <same size as paper>
* layoutoffset:(h,v)=(0.0pt,0.0pt)
* modes: 
* h-part:(L,W,R)=(72.26999pt, 469.75502pt, 72.26999pt)
* v-part:(T,H,B)=(72.26999pt, 650.43001pt, 72.26999pt)
* \paperwidth=614.295pt
* \paperheight=794.96999pt
* \textwidth=469.75502pt
* \textheight=650.43001pt
* \oddsidemargin=0.0pt
* \evensidemargin=0.0pt
* \topmargin=-37.0pt
* \headheight=12.0pt
* \headsep=14.45377pt
* \topskip=10.0pt
* \footskip=30.0pt
* \marginparwidth=65.0pt
* \marginparsep=11.0pt
* \columnsep=10.0pt
* \skip\footins=9.0pt plus 4.0pt minus 2.0pt
* \hoffset=0.0pt
* \voffset=0.0pt
* \mag=1000
* \@twocolumnfalse
* \@twosidefalse
* \@mparswitchfalse
* \@reversemarginfalse
* (1in=72.27pt=25.4mm, 1cm=28.453pt)

("C:\Program Files\MiKTeX 2.9\tex\context\base\supp-pdf.mkii"
[Loading MPS to PDF converter (version 2006.09.02).]
\scratchcounter=\count144
\scratchdimen=\dimen162
\scratchbox=\box62
\nofMPsegments=\count145
\nofMParguments=\count146
\everyMPshowfont=\toks32
\MPscratchCnt=\count147
\MPscratchDim=\dimen163
\MPnumerator=\count148
\makeMPintoPDFobject=\count149
\everyMPtoPDFconversion=\toks33
)
\c@lstlisting=\count150
\AtBeginShipoutBox=\box63
Package hyperref Info: Link coloring ON on input line 220.
 ("C:\Program Files\MiKTeX 2.9\tex\latex\hyperref\nameref.sty"
Package: nameref 2012/10/27 v2.43 Cross-referencing by name of section

("C:\Program Files\MiKTeX 2.9\tex\generic\oberdiek\gettitlestring.sty"
Package: gettitlestring 2010/12/03 v1.4 Cleanup title references (HO)
)
\c@section@level=\count151
)
LaTeX Info: Redefining \ref on input line 220.
LaTeX Info: Redefining \pageref on input line 220.
LaTeX Info: Redefining \nameref on input line 220.

(main.out) (main.out)
\@outlinefile=\write3
Package lastpage Info: Please have a look at the pageslts package at
(lastpage)             http://www.ctan.org/tex-archive/ 
(lastpage)             macros/latex/contrib/pageslts/ 
(lastpage)             or
(lastpage)             http://www.ctan.org/tex-archive/ 
(lastpage)             install/macros/latex/contrib/pageslts.tds.zip
(lastpage)             ! on input line 220.
 <figures/alfred.png, id=135, 501.875pt x 501.875pt>
File: figures/alfred.png Graphic file (type png)

<use figures/alfred.png>
Package pdftex.def Info: figures/alfred.png used on input line 231.
(pdftex.def)             Requested size: 140.32062pt x 150.56366pt.
 [1

{C:/ProgramData/MiKTeX/2.9/pdftex/config/pdftex.map} <./figures/alfred.png>] [2
] (main.toc)
\tf@toc=\write4
 (main.lot)
\tf@lot=\write5
 (main.lof)
\tf@lof=\write6
 [3]
LaTeX Font Info:    Calculating math sizes for size <14> on input line 275.

Overfull \hbox (3.0pt too wide) in paragraph at lines 275--275
|[][][][][][][]| 
 []

[4]
Overfull \hbox (3.0pt too wide) in paragraph at lines 312--312
|[][][][][][][]| 
 []


Overfull \hbox (3.0pt too wide) in paragraph at lines 315--315
|[][][][][][][]| 
 []


Overfull \hbox (3.0pt too wide) in paragraph at lines 318--318
|[][][][][][][]| 
 []


Overfull \hbox (3.0pt too wide) in paragraph at lines 322--322
|[][][][][][][]| 
 []


Overfull \hbox (3.0pt too wide) in paragraph at lines 328--328
|[][][][][][][]| 
 []

<figures/Manager_UsesDiagram.png, id=251, 512.91624pt x 395.4775pt>
File: figures/Manager_UsesDiagram.png Graphic file (type png)

<use figures/Manager_UsesDiagram.png>
Package pdftex.def Info: figures/Manager_UsesDiagram.png used on input line 331
.
(pdftex.def)             Requested size: 205.16286pt x 158.18819pt.

Overfull \hbox (3.0pt too wide) in paragraph at lines 335--335
|[][][][][][][]| 
 []


Overfull \hbox (3.0pt too wide) in paragraph at lines 337--337
|[][][][][][][]| 
 []

LaTeX Font Info:    Try loading font information for OMS+cmr on input line 340.

("C:\Program Files\MiKTeX 2.9\tex\latex\base\omscmr.fd"
File: omscmr.fd 2014/09/29 v2.5h Standard LaTeX font definitions
)
LaTeX Font Info:    Font shape `OMS/cmr/m/n' in size <10> not available
(Font)              Font shape `OMS/cmsy/m/n' tried instead on input line 340.
 [5 <./figures/Manager_UsesDiagram.png>]
Overfull \hbox (3.0pt too wide) in paragraph at lines 358--358
|[][][][][][][]| 
 []


Overfull \hbox (3.0pt too wide) in paragraph at lines 376--376
|[][][][][][][]| 
 []


Overfull \hbox (3.0pt too wide) in paragraph at lines 387--387
|[][][][][][][]| 
 []


Overfull \hbox (3.0pt too wide) in paragraph at lines 389--389
|[][][][][][][]| 
 []


Overfull \hbox (3.0pt too wide) in paragraph at lines 414--414
|[][][][][][][]| 
 []

[6]
Overfull \hbox (3.0pt too wide) in paragraph at lines 451--451
|[][][][][][][]| 
 []


Overfull \hbox (3.0pt too wide) in paragraph at lines 469--469
|[][][][][][][]| 
 []


Overfull \hbox (3.0pt too wide) in paragraph at lines 472--472
|[][][][][][][]| 
 []


Overfull \hbox (3.0pt too wide) in paragraph at lines 475--475
|[][][][][][][]| 
 []


Overfull \hbox (3.0pt too wide) in paragraph at lines 480--480
|[][][][][][][]| 
 []


Overfull \hbox (3.0pt too wide) in paragraph at lines 486--486
|[][][][][][][]| 
 []

<figures/Alfred_UsesDiagram.png, id=270, 1285.80376pt x 651.43375pt>
File: figures/Alfred_UsesDiagram.png Graphic file (type png)

<use figures/Alfred_UsesDiagram.png>
Package pdftex.def Info: figures/Alfred_UsesDiagram.png used on input line 489.

(pdftex.def)             Requested size: 514.3124pt x 260.56888pt.

Overfull \hbox (44.55737pt too wide) in paragraph at lines 489--490
 [][] 
 []


LaTeX Warning: `!h' float specifier changed to `!ht'.


Overfull \hbox (3.0pt too wide) in paragraph at lines 494--494
|[][][][][][][]| 
 []


Overfull \hbox (3.0pt too wide) in paragraph at lines 496--496
|[][][][][][][]| 
 []

[7]
Overfull \hbox (3.0pt too wide) in paragraph at lines 518--518
|[][][][][][][]| 
 []

[8 <./figures/Alfred_UsesDiagram.png>]
Overfull \hbox (3.0pt too wide) in paragraph at lines 539--539
|[][][][][][][]| 
 []


Overfull \hbox (3.0pt too wide) in paragraph at lines 556--556
|[][][][][][][]| 
 []


Overfull \hbox (3.0pt too wide) in paragraph at lines 579--579
|[][][][][][][]| 
 []


Overfull \hbox (3.0pt too wide) in paragraph at lines 596--596
|[][][][][][][]| 
 []

[9]
Overfull \hbox (3.0pt too wide) in paragraph at lines 615--615
|[][][][][][][]| 
 []


Overfull \hbox (3.0pt too wide) in paragraph at lines 629--629
|[][][][][][][]| 
 []


Overfull \hbox (3.0pt too wide) in paragraph at lines 641--641
|[][][][][][][]| 
 []


Overfull \hbox (3.0pt too wide) in paragraph at lines 676--676
|[][][][][][][]| 
 []


Overfull \hbox (3.0pt too wide) in paragraph at lines 678--678
|[][][][][][][]| 
 []

[10]
<figures/AlfredSystem_DetermineState.png, id=304, 1090.0725pt x 374.14781pt>
File: figures/AlfredSystem_DetermineState.png Graphic file (type png)

<use figures/AlfredSystem_DetermineState.png>
Package pdftex.def Info: figures/AlfredSystem_DetermineState.png used on input 
line 705.
(pdftex.def)             Requested size: 436.02127pt x 149.65646pt.

<figures/AlfredSystem_PerformAction.png, id=305, 956.07187pt x 203.25937pt>
File: figures/AlfredSystem_PerformAction.png Graphic file (type png)

<use figures/AlfredSystem_PerformAction.png>
Package pdftex.def Info: figures/AlfredSystem_PerformAction.png used on input l
ine 714.
(pdftex.def)             Requested size: 382.42197pt x 81.30229pt.

Overfull \hbox (3.0pt too wide) in paragraph at lines 716--716
|[][][][][][][]| 
 []


Overfull \hbox (3.0pt too wide) in paragraph at lines 747--747
|[][][][][][][]| 
 []

[11 <./figures/AlfredSystem_DetermineState.png> <./figures/AlfredSystem_Perform
Action.png>]
Overfull \hbox (3.0pt too wide) in paragraph at lines 794--794
|[][][][][][][]| 
 []


Overfull \hbox (3.0pt too wide) in paragraph at lines 819--819
|[][][][][][][]| 
 []

[12]
Overfull \hbox (3.0pt too wide) in paragraph at lines 839--839
|[][][][][][][]| 
 []


Overfull \hbox (3.0pt too wide) in paragraph at lines 878--878
|[][][][][][][]| 
 []


Overfull \hbox (3.0pt too wide) in paragraph at lines 896--896
|[][][][][][][]| 
 []

[13]
Overfull \hbox (3.0pt too wide) in paragraph at lines 913--913
|[][][][][][][]| 
 []


Overfull \hbox (3.0pt too wide) in paragraph at lines 956--956
|[][][][][][][]| 
 []


Overfull \hbox (3.0pt too wide) in paragraph at lines 958--958
|[][][][][][][]| 
 []


Overfull \hbox (3.0pt too wide) in paragraph at lines 960--960
|[][][][][][][]| 
 []


Overfull \hbox (3.0pt too wide) in paragraph at lines 965--965
|[][][][][][][]| 
 []


Overfull \hbox (3.0pt too wide) in paragraph at lines 969--969
|[][][][][][][]| 
 []

<figures/Pumping_UsesDiagram.png, id=334, 741.77126pt x 481.8pt>
File: figures/Pumping_UsesDiagram.png Graphic file (type png)

<use figures/Pumping_UsesDiagram.png>
Package pdftex.def Info: figures/Pumping_UsesDiagram.png used on input line 972
.
(pdftex.def)             Requested size: 296.70325pt x 192.71658pt.


LaTeX Warning: `!h' float specifier changed to `!ht'.


Overfull \hbox (3.0pt too wide) in paragraph at lines 977--977
|[][][][][][][]| 
 []


Overfull \hbox (3.0pt too wide) in paragraph at lines 979--979
|[][][][][][][]| 
 []

[14]
Overfull \hbox (3.0pt too wide) in paragraph at lines 1020--1020
|[][][][][][][]| 
 []

[15 <./figures/Pumping_UsesDiagram.png>]
Overfull \hbox (3.0pt too wide) in paragraph at lines 1055--1055
|[][][][][][][]| 
 []


Overfull \hbox (3.0pt too wide) in paragraph at lines 1073--1073
|[][][][][][][]| 
 []


Overfull \hbox (3.0pt too wide) in paragraph at lines 1075--1075
|[][][][][][][]| 
 []

<figures/Pumping_DetermineState.png, id=348, 971.12813pt x 466.74374pt>
File: figures/Pumping_DetermineState.png Graphic file (type png)

<use figures/Pumping_DetermineState.png>
Package pdftex.def Info: figures/Pumping_DetermineState.png used on input line 
1105.
(pdftex.def)             Requested size: 388.44437pt x 186.69418pt.


LaTeX Warning: `!h' float specifier changed to `!ht'.

<figures/Pumping_PerformActions.png, id=349, 553.31718pt x 380.92313pt>
File: figures/Pumping_PerformActions.png Graphic file (type png)

<use figures/Pumping_PerformActions.png>
Package pdftex.def Info: figures/Pumping_PerformActions.png used on input line 
1113.
(pdftex.def)             Requested size: 221.32295pt x 152.36655pt.


LaTeX Warning: `!h' float specifier changed to `!ht'.


Overfull \hbox (3.0pt too wide) in paragraph at lines 1117--1117
|[][][][][][][]| 
 []

[16] [17 <./figures/Pumping_DetermineState.png> <./figures/Pumping_PerformActio
ns.png>]
Overfull \hbox (3.0pt too wide) in paragraph at lines 1161--1161
|[][][][][][][]| 
 []


Overfull \hbox (3.0pt too wide) in paragraph at lines 1180--1180
|[][][][][][][]| 
 []


Overfull \hbox (3.0pt too wide) in paragraph at lines 1181--1181
|[][][][][][][]| 
 []


Overfull \hbox (3.0pt too wide) in paragraph at lines 1184--1184
|[][][][][][][]| 
 []


Overfull \hbox (3.0pt too wide) in paragraph at lines 1187--1187
|[][][][][][][]| 
 []


Overfull \hbox (3.0pt too wide) in paragraph at lines 1190--1190
|[][][][][][][]| 
 []

<figures/server_class_diagram.PNG, id=364, 573.64313pt x 415.5525pt>
File: figures/server_class_diagram.PNG Graphic file (type png)

<use figures/server_class_diagram.PNG>
Package pdftex.def Info: figures/server_class_diagram.PNG used on input line 11
93.
(pdftex.def)             Requested size: 229.45319pt x 166.21805pt.

Overfull \hbox (3.0pt too wide) in paragraph at lines 1197--1197
|[][][][][][][]| 
 []


Overfull \hbox (3.0pt too wide) in paragraph at lines 1198--1198
|[][][][][][][]| 
 []

[18 <./figures/server_class_diagram.PNG>]
Overfull \hbox (3.0pt too wide) in paragraph at lines 1220--1220
|[][][][][][][]| 
 []


Overfull \hbox (3.0pt too wide) in paragraph at lines 1246--1246
|[][][][][][][]| 
 []


Overfull \hbox (3.0pt too wide) in paragraph at lines 1257--1257
|[][][][][][][]| 
 []

[19]
Overfull \hbox (3.0pt too wide) in paragraph at lines 1276--1276
|[][][][][][][]| 
 []


Overfull \hbox (3.0pt too wide) in paragraph at lines 1297--1297
|[][][][][][][]| 
 []


Overfull \hbox (3.0pt too wide) in paragraph at lines 1308--1308
|[][][][][][][]| 
 []

[20]
Overfull \hbox (3.0pt too wide) in paragraph at lines 1333--1333
|[][][][][][][]| 
 []


Overfull \hbox (3.0pt too wide) in paragraph at lines 1346--1346
|[][][][][][][]| 
 []


Overfull \hbox (3.0pt too wide) in paragraph at lines 1347--1347
|[][][][][][][]| 
 []

[21]
Overfull \hbox (3.0pt too wide) in paragraph at lines 1380--1380
|[][][][][][][]| 
 []


Overfull \hbox (36.48941pt too wide) in paragraph at lines 1412--1419
[]\T1/cmr/bx/n/10 search(order_id, cb): void \T1/cmr/m/n/10 in-dex = helper.bin
Search(queue, or-der_id) if (in-dex >= 0)  cb(null, (that.queue.length
 []


Overfull \hbox (3.0pt too wide) in paragraph at lines 1426--1426
|[][][][][][][]| 
 []


Overfull \hbox (3.0pt too wide) in paragraph at lines 1444--1444
|[][][][][][][]| 
 []


Overfull \hbox (2.99232pt too wide) in paragraph at lines 1460--1467
[]\T1/cmr/bx/n/10 Functions Ba-si-cAu-th-Man-ager(): void \T1/cmr/m/n/10 If CRE
DS_PATH ex-ists _hash-Creds = read-File(CREDS_PATH)
 []


Overfull \hbox (3.43915pt too wide) in paragraph at lines 1468--1473
[]\T1/cmr/bx/n/10 checkAuth(uName, pw, cb): void \T1/cmr/m/n/10 mu-tex_auth.loc
k() passed = _hash-Creds == hash(uName + ‘:’
 []

[22]
Overfull \hbox (3.0pt too wide) in paragraph at lines 1481--1481
|[][][][][][][]| 
 []


Overfull \hbox (3.0pt too wide) in paragraph at lines 1518--1518
|[][][][][][][]| 
 []


Overfull \hbox (2.96178pt too wide) in paragraph at lines 1546--1554
[]\T1/cmr/m/n/10 If size valid temp.size = size Else Temp.size = M If quan-tity
 valid temp.quantity = quan-tity Else temp.quantity
 []


Overfull \hbox (3.0pt too wide) in paragraph at lines 1582--1582
|[][][][][][][]| 
 []

[23]
Overfull \hbox (3.0pt too wide) in paragraph at lines 1625--1625
|[][][][][][][]| 
 []


Overfull \hbox (3.0pt too wide) in paragraph at lines 1647--1647
|[][][][][][][]| 
 []

<figures/Alfred_SequenceDiagram.png, id=412, 545.03625pt x 400.49625pt>
File: figures/Alfred_SequenceDiagram.png Graphic file (type png)

<use figures/Alfred_SequenceDiagram.png>
Package pdftex.def Info: figures/Alfred_SequenceDiagram.png used on input line 
1651.
(pdftex.def)             Requested size: 218.01064pt x 160.19566pt.


LaTeX Warning: `!h' float specifier changed to `!ht'.


Overfull \hbox (3.0pt too wide) in paragraph at lines 1654--1654
|[][][][][][][]| 
 []


Overfull \hbox (3.0pt too wide) in paragraph at lines 1656--1656
|[][][][][][][]| 
 []


Overfull \hbox (3.0pt too wide) in paragraph at lines 1658--1658
|[][][][][][][]| 
 []


AED: lastpage setting LastPage
[24] [25 <./figures/Alfred_SequenceDiagram.png>]
Package atveryend Info: Empty hook `BeforeClearDocument' on input line 1659.
Package atveryend Info: Empty hook `AfterLastShipout' on input line 1659.
 (main.aux)
Package atveryend Info: Executing hook `AtVeryEndDocument' on input line 1659.
Package atveryend Info: Executing hook `AtEndAfterFileList' on input line 1659.

Package rerunfilecheck Info: File `main.out' has not changed.
(rerunfilecheck)             Checksum: D6549E4A27D50B3E0AC463E68C4B4DF3;1855.
Package atveryend Info: Empty hook `AtVeryVeryEnd' on input line 1659.
 ) 
Here is how much of TeX's memory you used:
 10348 strings out of 493698
 148841 string characters out of 3144415
 365819 words of memory out of 3000000
 13403 multiletter control sequences out of 15000+200000
 19895 words of font info for 55 fonts, out of 3000000 for 9000
 1025 hyphenation exceptions out of 8191
 41i,12n,58p,423b,428s stack positions out of 5000i,500n,10000p,200000b,50000s
{C:/Program Files/MiKTeX 2.9/fonts/enc/dvips/cm-super/cm-super-t1.enc}<C:/Pro
gram Files/MiKTeX 2.9/fonts/type1/public/amsfonts/cm/cmex10.pfb><C:/Program Fil
es/MiKTeX 2.9/fonts/type1/public/amsfonts/cm/cmmi10.pfb><C:/Program Files/MiKTe
X 2.9/fonts/type1/public/amsfonts/cm/cmmi7.pfb><C:/Program Files/MiKTeX 2.9/fon
ts/type1/public/amsfonts/cm/cmr10.pfb><C:/Program Files/MiKTeX 2.9/fonts/type1/
public/amsfonts/cm/cmr7.pfb><C:/Program Files/MiKTeX 2.9/fonts/type1/public/ams
fonts/cm/cmsy10.pfb><C:/Program Files/MiKTeX 2.9/fonts/type1/public/cm-super/sf
bx1000.pfb><C:/Program Files/MiKTeX 2.9/fonts/type1/public/cm-super/sfbx1200.pf
b><C:/Program Files/MiKTeX 2.9/fonts/type1/public/cm-super/sfbx1440.pfb><C:/Pro
gram Files/MiKTeX 2.9/fonts/type1/public/cm-super/sfcc1200.pfb><C:/Program File
s/MiKTeX 2.9/fonts/type1/public/cm-super/sfrm0700.pfb><C:/Program Files/MiKTeX 
2.9/fonts/type1/public/cm-super/sfrm1000.pfb><C:/Program Files/MiKTeX 2.9/fonts
/type1/public/cm-super/sfrm1440.pfb><C:/Program Files/MiKTeX 2.9/fonts/type1/pu
blic/cm-super/sfrm2488.pfb><C:/Program Files/MiKTeX 2.9/fonts/type1/public/cm-s
uper/sfxc1440.pfb>
Output written on main.pdf (25 pages, 597852 bytes).
PDF statistics:
 499 PDF objects out of 1000 (max. 8388607)
 111 named destinations out of 1000 (max. 500000)
 321 words of extra memory for PDF output out of 10000 (max. 10000000)

