This is pdfTeX, Version 3.14159265-2.6-1.40.18 (TeX Live 2017) (preloaded format=pdflatex 2017.5.23)  18 MAR 2018 12:26
entering extended mode
 restricted \write18 enabled.
 file:line:error style messages enabled.
 %&-line parsing enabled.
**System_Design.tex
(./System_Design.tex
LaTeX2e <2017-04-15>
Babel <3.10> and hyphenation patterns for 84 language(s) loaded.
(/usr/local/texlive/2017/texmf-dist/tex/latex/base/article.cls
Document Class: article 2014/09/29 v1.4h Standard LaTeX document class
(/usr/local/texlive/2017/texmf-dist/tex/latex/base/size10.clo
File: size10.clo 2014/09/29 v1.4h Standard LaTeX file (size option)
)
\c@part=\count79
\c@section=\count80
\c@subsection=\count81
\c@subsubsection=\count82
\c@paragraph=\count83
\c@subparagraph=\count84
\c@figure=\count85
\c@table=\count86
\abovecaptionskip=\skip41
\belowcaptionskip=\skip42
\bibindent=\dimen102
)
(/usr/local/texlive/2017/texmf-dist/tex/latex/geometry/geometry.sty
Package: geometry 2010/09/12 v5.6 Page Geometry

(/usr/local/texlive/2017/texmf-dist/tex/latex/graphics/keyval.sty
Package: keyval 2014/10/28 v1.15 key=value parser (DPC)
\KV@toks@=\toks14
)
(/usr/local/texlive/2017/texmf-dist/tex/generic/oberdiek/ifpdf.sty
Package: ifpdf 2017/03/15 v3.2 Provides the ifpdf switch
)
(/usr/local/texlive/2017/texmf-dist/tex/generic/oberdiek/ifvtex.sty
Package: ifvtex 2016/05/16 v1.6 Detect VTeX and its facilities (HO)
Package ifvtex Info: VTeX not detected.
)
(/usr/local/texlive/2017/texmf-dist/tex/generic/ifxetex/ifxetex.sty
Package: ifxetex 2010/09/12 v0.6 Provides ifxetex conditional
)
\Gm@cnth=\count87
\Gm@cntv=\count88
\c@Gm@tempcnt=\count89
\Gm@bindingoffset=\dimen103
\Gm@wd@mp=\dimen104
\Gm@odd@mp=\dimen105
\Gm@even@mp=\dimen106
\Gm@layoutwidth=\dimen107
\Gm@layoutheight=\dimen108
\Gm@layouthoffset=\dimen109
\Gm@layoutvoffset=\dimen110
\Gm@dimlist=\toks15
)
(/usr/local/texlive/2017/texmf-dist/tex/latex/amsmath/amsmath.sty
Package: amsmath 2016/11/05 v2.16a AMS math features
\@mathmargin=\skip43

For additional information on amsmath, use the `?' option.
(/usr/local/texlive/2017/texmf-dist/tex/latex/amsmath/amstext.sty
Package: amstext 2000/06/29 v2.01 AMS text

(/usr/local/texlive/2017/texmf-dist/tex/latex/amsmath/amsgen.sty
File: amsgen.sty 1999/11/30 v2.0 generic functions
\@emptytoks=\toks16
\ex@=\dimen111
))
(/usr/local/texlive/2017/texmf-dist/tex/latex/amsmath/amsbsy.sty
Package: amsbsy 1999/11/29 v1.2d Bold Symbols
\pmbraise@=\dimen112
)
(/usr/local/texlive/2017/texmf-dist/tex/latex/amsmath/amsopn.sty
Package: amsopn 2016/03/08 v2.02 operator names
)
\inf@bad=\count90
LaTeX Info: Redefining \frac on input line 213.
\uproot@=\count91
\leftroot@=\count92
LaTeX Info: Redefining \overline on input line 375.
\classnum@=\count93
\DOTSCASE@=\count94
LaTeX Info: Redefining \ldots on input line 472.
LaTeX Info: Redefining \dots on input line 475.
LaTeX Info: Redefining \cdots on input line 596.
\Mathstrutbox@=\box26
\strutbox@=\box27
\big@size=\dimen113
LaTeX Font Info:    Redeclaring font encoding OML on input line 712.
LaTeX Font Info:    Redeclaring font encoding OMS on input line 713.
\macc@depth=\count95
\c@MaxMatrixCols=\count96
\dotsspace@=\muskip10
\c@parentequation=\count97
\dspbrk@lvl=\count98
\tag@help=\toks17
\row@=\count99
\column@=\count100
\maxfields@=\count101
\andhelp@=\toks18
\eqnshift@=\dimen114
\alignsep@=\dimen115
\tagshift@=\dimen116
\tagwidth@=\dimen117
\totwidth@=\dimen118
\lineht@=\dimen119
\@envbody=\toks19
\multlinegap=\skip44
\multlinetaggap=\skip45
\mathdisplay@stack=\toks20
LaTeX Info: Redefining \[ on input line 2817.
LaTeX Info: Redefining \] on input line 2818.
)
(/usr/local/texlive/2017/texmf-dist/tex/latex/mathtools/mathtools.sty
Package: mathtools 2015/11/12 v1.18 mathematical typesetting tools

(/usr/local/texlive/2017/texmf-dist/tex/latex/tools/calc.sty
Package: calc 2014/10/28 v4.3 Infix arithmetic (KKT,FJ)
\calc@Acount=\count102
\calc@Bcount=\count103
\calc@Adimen=\dimen120
\calc@Bdimen=\dimen121
\calc@Askip=\skip46
\calc@Bskip=\skip47
LaTeX Info: Redefining \setlength on input line 80.
LaTeX Info: Redefining \addtolength on input line 81.
\calc@Ccount=\count104
\calc@Cskip=\skip48
)
(/usr/local/texlive/2017/texmf-dist/tex/latex/mathtools/mhsetup.sty
Package: mhsetup 2010/01/21 v1.2a programming setup (MH)
)
LaTeX Info: Thecontrolsequence`\('isalreadyrobust on input line 129.
LaTeX Info: Thecontrolsequence`\)'isalreadyrobust on input line 129.
LaTeX Info: Thecontrolsequence`\['isalreadyrobust on input line 129.
LaTeX Info: Thecontrolsequence`\]'isalreadyrobust on input line 129.
\g_MT_multlinerow_int=\count105
\l_MT_multwidth_dim=\dimen122
\origjot=\skip49
\l_MT_shortvdotswithinadjustabove_dim=\dimen123
\l_MT_shortvdotswithinadjustbelow_dim=\dimen124
\l_MT_above_intertext_sep=\dimen125
\l_MT_below_intertext_sep=\dimen126
\l_MT_above_shortintertext_sep=\dimen127
\l_MT_below_shortintertext_sep=\dimen128
)
(/usr/local/texlive/2017/texmf-dist/tex/latex/xcolor/xcolor.sty
Package: xcolor 2016/05/11 v2.12 LaTeX color extensions (UK)

(/usr/local/texlive/2017/texmf-dist/tex/latex/graphics-cfg/color.cfg
File: color.cfg 2016/01/02 v1.6 sample color configuration
)
Package xcolor Info: Driver file: pdftex.def on input line 225.

(/usr/local/texlive/2017/texmf-dist/tex/latex/graphics-def/pdftex.def
File: pdftex.def 2017/01/12 v0.06k Graphics/color for pdfTeX

(/usr/local/texlive/2017/texmf-dist/tex/generic/oberdiek/infwarerr.sty
Package: infwarerr 2016/05/16 v1.4 Providing info/warning/error messages (HO)
)
(/usr/local/texlive/2017/texmf-dist/tex/generic/oberdiek/ltxcmds.sty
Package: ltxcmds 2016/05/16 v1.23 LaTeX kernel commands for general use (HO)
)
\Gread@gobject=\count106
)
(/usr/local/texlive/2017/texmf-dist/tex/latex/colortbl/colortbl.sty
Package: colortbl 2012/02/13 v1.0a Color table columns (DPC)

(/usr/local/texlive/2017/texmf-dist/tex/latex/tools/array.sty
Package: array 2016/10/06 v2.4d Tabular extension package (FMi)
\col@sep=\dimen129
\extrarowheight=\dimen130
\NC@list=\toks21
\extratabsurround=\skip50
\backup@length=\skip51
)
\everycr=\toks22
\minrowclearance=\skip52
)
\rownum=\count107
Package xcolor Info: Model `cmy' substituted by `cmy0' on input line 1348.
Package xcolor Info: Model `hsb' substituted by `rgb' on input line 1352.
Package xcolor Info: Model `RGB' extended on input line 1364.
Package xcolor Info: Model `HTML' substituted by `rgb' on input line 1366.
Package xcolor Info: Model `Hsb' substituted by `hsb' on input line 1367.
Package xcolor Info: Model `tHsb' substituted by `hsb' on input line 1368.
Package xcolor Info: Model `HSB' substituted by `hsb' on input line 1369.
Package xcolor Info: Model `Gray' substituted by `gray' on input line 1370.
Package xcolor Info: Model `wave' substituted by `hsb' on input line 1371.
)
(/usr/local/texlive/2017/texmf-dist/tex/latex/soul/soul.sty
Package: soul 2003/11/17 v2.4 letterspacing/underlining (mf)
\SOUL@word=\toks23
\SOUL@lasttoken=\toks24
\SOUL@cmds=\toks25
\SOUL@buffer=\toks26
\SOUL@token=\toks27
\SOUL@spaceskip=\skip53
\SOUL@ttwidth=\dimen131
\SOUL@uldp=\dimen132
\SOUL@ulht=\dimen133
)
(/usr/local/texlive/2017/texmf-dist/tex/latex/base/fontenc.sty
Package: fontenc 2017/04/05 v2.0i Standard LaTeX package

(/usr/local/texlive/2017/texmf-dist/tex/latex/base/t1enc.def
File: t1enc.def 2017/04/05 v2.0i Standard LaTeX file
LaTeX Font Info:    Redeclaring font encoding T1 on input line 48.
))
(/usr/local/texlive/2017/texmf-dist/tex/latex/psnfss/helvet.sty
Package: helvet 2005/04/12 PSNFSS-v9.2a (WaS) 
)
(/usr/local/texlive/2017/texmf-dist/tex/latex/listings/listings.sty
\lst@mode=\count108
\lst@gtempboxa=\box28
\lst@token=\toks28
\lst@length=\count109
\lst@currlwidth=\dimen134
\lst@column=\count110
\lst@pos=\count111
\lst@lostspace=\dimen135
\lst@width=\dimen136
\lst@newlines=\count112
\lst@lineno=\count113
\lst@maxwidth=\dimen137

(/usr/local/texlive/2017/texmf-dist/tex/latex/listings/lstmisc.sty
File: lstmisc.sty 2015/06/04 1.6 (Carsten Heinz)
\c@lstnumber=\count114
\lst@skipnumbers=\count115
\lst@framebox=\box29
)
(/usr/local/texlive/2017/texmf-dist/tex/latex/listings/listings.cfg
File: listings.cfg 2015/06/04 1.6 listings configuration
))
Package: listings 2015/06/04 1.6 (Carsten Heinz)

(/usr/local/texlive/2017/texmf-dist/tex/latex/listings/lstlang1.sty
File: lstlang1.sty 2015/06/04 1.6 listings language file
)
(/usr/local/texlive/2017/texmf-dist/tex/latex/listings/lstlang1.sty
File: lstlang1.sty 2015/06/04 1.6 listings language file
)
(/usr/local/texlive/2017/texmf-dist/tex/latex/listings/lstmisc.sty
File: lstmisc.sty 2015/06/04 1.6 (Carsten Heinz)
)
(/usr/local/texlive/2017/texmf-dist/tex/latex/titlesec/titlesec.sty
Package: titlesec 2016/03/21 v2.10.2 Sectioning titles
\ttl@box=\box30
\beforetitleunit=\skip54
\aftertitleunit=\skip55
\ttl@plus=\dimen138
\ttl@minus=\dimen139
\ttl@toksa=\toks29
\titlewidth=\dimen140
\titlewidthlast=\dimen141
\titlewidthfirst=\dimen142
)
(/usr/local/texlive/2017/texmf-dist/tex/latex/titlesec/titletoc.sty
Package: titletoc 2011/12/15 v1.6 TOC entries
\ttl@leftsep=\dimen143
)
(/usr/local/texlive/2017/texmf-dist/tex/latex/graphics/graphicx.sty
Package: graphicx 2014/10/28 v1.0g Enhanced LaTeX Graphics (DPC,SPQR)

(/usr/local/texlive/2017/texmf-dist/tex/latex/graphics/graphics.sty
Package: graphics 2017/04/14 v1.1b Standard LaTeX Graphics (DPC,SPQR)

(/usr/local/texlive/2017/texmf-dist/tex/latex/graphics/trig.sty
Package: trig 2016/01/03 v1.10 sin cos tan (DPC)
)
(/usr/local/texlive/2017/texmf-dist/tex/latex/graphics-cfg/graphics.cfg
File: graphics.cfg 2016/06/04 v1.11 sample graphics configuration
)
Package graphics Info: Driver file: pdftex.def on input line 99.
)
\Gin@req@height=\dimen144
\Gin@req@width=\dimen145
)
(/usr/local/texlive/2017/texmf-dist/tex/latex/tools/longtable.sty
Package: longtable 2014/10/28 v4.11 Multi-page Table package (DPC)
\LTleft=\skip56
\LTright=\skip57
\LTpre=\skip58
\LTpost=\skip59
\LTchunksize=\count116
\LTcapwidth=\dimen146
\LT@head=\box31
\LT@firsthead=\box32
\LT@foot=\box33
\LT@lastfoot=\box34
\LT@cols=\count117
\LT@rows=\count118
\c@LT@tables=\count119
\c@LT@chunks=\count120
\LT@p@ftn=\toks30
)
(/usr/local/texlive/2017/texmf-dist/tex/latex/multirow/multirow.sty
Package: multirow 2016/11/25 v2.2 Span multiple rows of a table
\multirow@colwidth=\skip60
\multirow@cntb=\count121
\multirow@dima=\skip61
\bigstrutjot=\dimen147
)
(/usr/local/texlive/2017/texmf-dist/tex/latex/tools/multicol.sty
Package: multicol 2017/04/11 v1.8q multicolumn formatting (FMi)
\c@tracingmulticols=\count122
\mult@box=\box35
\multicol@leftmargin=\dimen148
\c@unbalance=\count123
\c@collectmore=\count124
\doublecol@number=\count125
\multicoltolerance=\count126
\multicolpretolerance=\count127
\full@width=\dimen149
\page@free=\dimen150
\premulticols=\dimen151
\postmulticols=\dimen152
\multicolsep=\skip62
\multicolbaselineskip=\skip63
\partial@page=\box36
\last@line=\box37
\maxbalancingoverflow=\dimen153
\mult@rightbox=\box38
\mult@grightbox=\box39
\mult@gfirstbox=\box40
\mult@firstbox=\box41
\@tempa=\box42
\@tempa=\box43
\@tempa=\box44
\@tempa=\box45
\@tempa=\box46
\@tempa=\box47
\@tempa=\box48
\@tempa=\box49
\@tempa=\box50
\@tempa=\box51
\@tempa=\box52
\@tempa=\box53
\@tempa=\box54
\@tempa=\box55
\@tempa=\box56
\@tempa=\box57
\@tempa=\box58
\c@columnbadness=\count128
\c@finalcolumnbadness=\count129
\last@try=\dimen154
\multicolovershoot=\dimen155
\multicolundershoot=\dimen156
\mult@nat@firstbox=\box59
\colbreak@box=\box60
\mc@col@check@num=\count130
)
(/usr/local/texlive/2017/texmf-dist/tex/latex/enumitem/enumitem.sty
Package: enumitem 2011/09/28 v3.5.2 Customized lists
\labelindent=\skip64
\enit@outerparindent=\dimen157
\enit@toks=\toks31
\enit@inbox=\box61
\enitdp@description=\count131
)
(/usr/local/texlive/2017/texmf-dist/tex/latex/hyperref/hyperref.sty
Package: hyperref 2017/03/14 v6.85a Hypertext links for LaTeX

(/usr/local/texlive/2017/texmf-dist/tex/generic/oberdiek/hobsub-hyperref.sty
Package: hobsub-hyperref 2016/05/16 v1.14 Bundle oberdiek, subset hyperref (HO)


(/usr/local/texlive/2017/texmf-dist/tex/generic/oberdiek/hobsub-generic.sty
Package: hobsub-generic 2016/05/16 v1.14 Bundle oberdiek, subset generic (HO)
Package: hobsub 2016/05/16 v1.14 Construct package bundles (HO)
Package hobsub Info: Skipping package `infwarerr' (already loaded).
Package hobsub Info: Skipping package `ltxcmds' (already loaded).
Package: ifluatex 2016/05/16 v1.4 Provides the ifluatex switch (HO)
Package ifluatex Info: LuaTeX not detected.
Package hobsub Info: Skipping package `ifvtex' (already loaded).
Package: intcalc 2016/05/16 v1.2 Expandable calculations with integers (HO)
Package hobsub Info: Skipping package `ifpdf' (already loaded).
Package: etexcmds 2016/05/16 v1.6 Avoid name clashes with e-TeX commands (HO)
Package etexcmds Info: Could not find \expanded.
(etexcmds)             That can mean that you are not using pdfTeX 1.50 or
(etexcmds)             that some package has redefined \expanded.
(etexcmds)             In the latter case, load this package earlier.
Package: kvsetkeys 2016/05/16 v1.17 Key value parser (HO)
Package: kvdefinekeys 2016/05/16 v1.4 Define keys (HO)
Package: pdftexcmds 2017/03/19 v0.25 Utility functions of pdfTeX for LuaTeX (HO
)
Package pdftexcmds Info: LuaTeX not detected.
Package pdftexcmds Info: \pdf@primitive is available.
Package pdftexcmds Info: \pdf@ifprimitive is available.
Package pdftexcmds Info: \pdfdraftmode found.
Package: pdfescape 2016/05/16 v1.14 Implements pdfTeX's escape features (HO)
Package: bigintcalc 2016/05/16 v1.4 Expandable calculations on big integers (HO
)
Package: bitset 2016/05/16 v1.2 Handle bit-vector datatype (HO)
Package: uniquecounter 2016/05/16 v1.3 Provide unlimited unique counter (HO)
)
Package hobsub Info: Skipping package `hobsub' (already loaded).
Package: letltxmacro 2016/05/16 v1.5 Let assignment for LaTeX macros (HO)
Package: hopatch 2016/05/16 v1.3 Wrapper for package hooks (HO)
Package: xcolor-patch 2016/05/16 xcolor patch
Package: atveryend 2016/05/16 v1.9 Hooks at the very end of document (HO)
Package atveryend Info: \enddocument detected (standard20110627).
Package: atbegshi 2016/06/09 v1.18 At begin shipout hook (HO)
Package: refcount 2016/05/16 v3.5 Data extraction from label references (HO)
Package: hycolor 2016/05/16 v1.8 Color options for hyperref/bookmark (HO)
)
(/usr/local/texlive/2017/texmf-dist/tex/latex/oberdiek/auxhook.sty
Package: auxhook 2016/05/16 v1.4 Hooks for auxiliary files (HO)
)
(/usr/local/texlive/2017/texmf-dist/tex/latex/oberdiek/kvoptions.sty
Package: kvoptions 2016/05/16 v3.12 Key value format for package options (HO)
)
\@linkdim=\dimen158
\Hy@linkcounter=\count132
\Hy@pagecounter=\count133

(/usr/local/texlive/2017/texmf-dist/tex/latex/hyperref/pd1enc.def
File: pd1enc.def 2017/03/14 v6.85a Hyperref: PDFDocEncoding definition (HO)
)
\Hy@SavedSpaceFactor=\count134

(/usr/local/texlive/2017/texmf-dist/tex/latex/latexconfig/hyperref.cfg
File: hyperref.cfg 2002/06/06 v1.2 hyperref configuration of TeXLive
)
Package hyperref Info: Hyper figures OFF on input line 4498.
Package hyperref Info: Link nesting OFF on input line 4503.
Package hyperref Info: Hyper index ON on input line 4506.
Package hyperref Info: Plain pages OFF on input line 4513.
Package hyperref Info: Backreferencing OFF on input line 4518.
Package hyperref Info: Implicit mode ON; LaTeX internals redefined.
Package hyperref Info: Bookmarks ON on input line 4751.
\c@Hy@tempcnt=\count135

(/usr/local/texlive/2017/texmf-dist/tex/latex/url/url.sty
\Urlmuskip=\muskip11
Package: url 2013/09/16  ver 3.4  Verb mode for urls, etc.
)
LaTeX Info: Redefining \url on input line 5104.
\XeTeXLinkMargin=\dimen159
\Fld@menulength=\count136
\Field@Width=\dimen160
\Fld@charsize=\dimen161
Package hyperref Info: Hyper figures OFF on input line 6358.
Package hyperref Info: Link nesting OFF on input line 6363.
Package hyperref Info: Hyper index ON on input line 6366.
Package hyperref Info: backreferencing OFF on input line 6373.
Package hyperref Info: Link coloring OFF on input line 6378.
Package hyperref Info: Link coloring with OCG OFF on input line 6383.
Package hyperref Info: PDF/A mode OFF on input line 6388.
LaTeX Info: Redefining \ref on input line 6428.
LaTeX Info: Redefining \pageref on input line 6432.
\Hy@abspage=\count137
\c@Item=\count138
\c@Hfootnote=\count139
)

Package hyperref Message: Driver (autodetected): hpdftex.

(/usr/local/texlive/2017/texmf-dist/tex/latex/hyperref/hpdftex.def
File: hpdftex.def 2017/03/14 v6.85a Hyperref driver for pdfTeX
\Fld@listcount=\count140
\c@bookmark@seq@number=\count141

(/usr/local/texlive/2017/texmf-dist/tex/latex/oberdiek/rerunfilecheck.sty
Package: rerunfilecheck 2016/05/16 v1.8 Rerun checks for auxiliary files (HO)
Package uniquecounter Info: New unique counter `rerunfilecheck' on input line 2
82.
)
\Hy@SectionHShift=\skip65
)
Package hyperref Info: Option `colorlinks' set `true' on input line 96.

(/usr/local/texlive/2017/texmf-dist/tex/latex/lipsum/lipsum.sty
Package: lipsum 2014/07/27 v1.3 150 paragraphs of Lorem Ipsum dummy text
\c@lips@count=\count142
)
(/usr/local/texlive/2017/texmf-dist/tex/latex/tocloft/tocloft.sty
Package: tocloft 2013/05/02 v2.3f parameterised ToC, etc., typesetting
Package tocloft Info: The document has section divisions on input line 44.
\cftparskip=\skip66
\cftbeforetoctitleskip=\skip67
\cftaftertoctitleskip=\skip68
\cftbeforepartskip=\skip69
\cftpartnumwidth=\skip70
\cftpartindent=\skip71
\cftbeforesecskip=\skip72
\cftsecindent=\skip73
\cftsecnumwidth=\skip74
\cftbeforesubsecskip=\skip75
\cftsubsecindent=\skip76
\cftsubsecnumwidth=\skip77
\cftbeforesubsubsecskip=\skip78
\cftsubsubsecindent=\skip79
\cftsubsubsecnumwidth=\skip80
\cftbeforeparaskip=\skip81
\cftparaindent=\skip82
\cftparanumwidth=\skip83
\cftbeforesubparaskip=\skip84
\cftsubparaindent=\skip85
\cftsubparanumwidth=\skip86
\cftbeforeloftitleskip=\skip87
\cftafterloftitleskip=\skip88
\cftbeforefigskip=\skip89
\cftfigindent=\skip90
\cftfignumwidth=\skip91
\c@lofdepth=\count143
\c@lotdepth=\count144
\cftbeforelottitleskip=\skip92
\cftafterlottitleskip=\skip93
\cftbeforetabskip=\skip94
\cfttabindent=\skip95
\cfttabnumwidth=\skip96
)
(/usr/local/texlive/2017/texmf-dist/tex/latex/fancyhdr/fancyhdr.sty
Package: fancyhdr 2016/09/06 3.8 Extensive control of page headers and footers
\fancy@headwidth=\skip97
\f@ncyO@elh=\skip98
\f@ncyO@erh=\skip99
\f@ncyO@olh=\skip100
\f@ncyO@orh=\skip101
\f@ncyO@elf=\skip102
\f@ncyO@erf=\skip103
\f@ncyO@olf=\skip104
\f@ncyO@orf=\skip105
)
(/usr/local/texlive/2017/texmf-dist/tex/latex/lastpage/lastpage.sty
Package: lastpage 2015/03/29 v1.2m Refers to last page's name (HMM; JPG)
)

Package Fancyhdr Warning: \fancyhead's `E' option without twoside option is use
less on input line 202.

(./System_Design.aux)
\openout1 = `System_Design.aux'.

LaTeX Font Info:    Checking defaults for OML/cmm/m/it on input line 222.
LaTeX Font Info:    ... okay on input line 222.
LaTeX Font Info:    Checking defaults for T1/cmr/m/n on input line 222.
LaTeX Font Info:    ... okay on input line 222.
LaTeX Font Info:    Checking defaults for OT1/cmr/m/n on input line 222.
LaTeX Font Info:    ... okay on input line 222.
LaTeX Font Info:    Checking defaults for OMS/cmsy/m/n on input line 222.
LaTeX Font Info:    ... okay on input line 222.
LaTeX Font Info:    Checking defaults for OMX/cmex/m/n on input line 222.
LaTeX Font Info:    ... okay on input line 222.
LaTeX Font Info:    Checking defaults for U/cmr/m/n on input line 222.
LaTeX Font Info:    ... okay on input line 222.
LaTeX Font Info:    Checking defaults for PD1/pdf/m/n on input line 222.
LaTeX Font Info:    ... okay on input line 222.

*geometry* driver: auto-detecting
*geometry* detected driver: pdftex
*geometry* verbose mode - [ preamble ] result:
* driver: pdftex
* paper: <default>
* layout: <same size as paper>
* layoutoffset:(h,v)=(0.0pt,0.0pt)
* modes: 
* h-part:(L,W,R)=(72.26999pt, 469.75502pt, 72.26999pt)
* v-part:(T,H,B)=(72.26999pt, 650.43001pt, 72.26999pt)
* \paperwidth=614.295pt
* \paperheight=794.96999pt
* \textwidth=469.75502pt
* \textheight=650.43001pt
* \oddsidemargin=0.0pt
* \evensidemargin=0.0pt
* \topmargin=-37.0pt
* \headheight=12.0pt
* \headsep=14.45377pt
* \topskip=10.0pt
* \footskip=30.0pt
* \marginparwidth=65.0pt
* \marginparsep=11.0pt
* \columnsep=10.0pt
* \skip\footins=9.0pt plus 4.0pt minus 2.0pt
* \hoffset=0.0pt
* \voffset=0.0pt
* \mag=1000
* \@twocolumnfalse
* \@twosidefalse
* \@mparswitchfalse
* \@reversemarginfalse
* (1in=72.27pt=25.4mm, 1cm=28.453pt)

(/usr/local/texlive/2017/texmf-dist/tex/context/base/mkii/supp-pdf.mkii
[Loading MPS to PDF converter (version 2006.09.02).]
\scratchcounter=\count145
\scratchdimen=\dimen162
\scratchbox=\box62
\nofMPsegments=\count146
\nofMParguments=\count147
\everyMPshowfont=\toks32
\MPscratchCnt=\count148
\MPscratchDim=\dimen163
\MPnumerator=\count149
\makeMPintoPDFobject=\count150
\everyMPtoPDFconversion=\toks33
) (/usr/local/texlive/2017/texmf-dist/tex/latex/oberdiek/epstopdf-base.sty
Package: epstopdf-base 2016/05/15 v2.6 Base part for package epstopdf

(/usr/local/texlive/2017/texmf-dist/tex/latex/oberdiek/grfext.sty
Package: grfext 2016/05/16 v1.2 Manage graphics extensions (HO)
)
Package epstopdf-base Info: Redefining graphics rule for `.eps' on input line 4
38.
Package grfext Info: Graphics extension search list:
(grfext)             [.png,.pdf,.jpg,.mps,.jpeg,.jbig2,.jb2,.PNG,.PDF,.JPG,.JPE
G,.JBIG2,.JB2,.eps]
(grfext)             \AppendGraphicsExtensions on input line 456.

(/usr/local/texlive/2017/texmf-dist/tex/latex/latexconfig/epstopdf-sys.cfg
File: epstopdf-sys.cfg 2010/07/13 v1.3 Configuration of (r)epstopdf for TeX Liv
e
))
\c@lstlisting=\count151
\AtBeginShipoutBox=\box63
Package hyperref Info: Link coloring ON on input line 222.

(/usr/local/texlive/2017/texmf-dist/tex/latex/hyperref/nameref.sty
Package: nameref 2016/05/21 v2.44 Cross-referencing by name of section

(/usr/local/texlive/2017/texmf-dist/tex/generic/oberdiek/gettitlestring.sty
Package: gettitlestring 2016/05/16 v1.5 Cleanup title references (HO)
)
\c@section@level=\count152
)
LaTeX Info: Redefining \ref on input line 222.
LaTeX Info: Redefining \pageref on input line 222.
LaTeX Info: Redefining \nameref on input line 222.

(./System_Design.out) (./System_Design.out)
\@outlinefile=\write3
\openout3 = `System_Design.out'.

Package lastpage Info: Please have a look at the pageslts package at
(lastpage)             https://www.ctan.org/pkg/pageslts
(lastpage)             ! on input line 222.

<figures/alfred.png, id=108, 501.875pt x 501.875pt>
File: figures/alfred.png Graphic file (type png)
 <use figures/alfred.png>
Package pdftex.def Info: figures/alfred.png used on input line 233.
(pdftex.def)             Requested size: 140.32062pt x 150.56366pt.

[1

{/usr/local/texlive/2017/texmf-var/fonts/map/pdftex/updmap/pdftex.map} <./figur
es/alfred.png>] (./System_Design.toc)
\tf@toc=\write4
\openout4 = `System_Design.toc'.

 (./System_Design.lot)
\tf@lot=\write5
\openout5 = `System_Design.lot'.


(./System_Design.lof [2])
\tf@lof=\write6
\openout6 = `System_Design.lof'.

 [3]
LaTeX Font Info:    Calculating math sizes for size <14> on input line 278.

Overfull \hbox (3.0pt too wide) in paragraph at lines 278--278
|[][][][][][][]| 
 []


Underfull \hbox (badness 3849) in paragraph at lines 308--309
[]|\T1/cmr/m/n/10 Added the sec-tion to
 []


Underfull \hbox (badness 5133) in paragraph at lines 308--309
\T1/cmr/m/n/10 and the re-quire-ments.
 []


Underfull \hbox (badness 10000) in paragraph at lines 308--309
\T1/cmr/m/n/10 Fi-nally, in-cluded the
 []


Underfull \hbox (badness 4205) in paragraph at lines 308--309
\T1/cmr/m/n/10 com-po-nents that were
 []


Underfull \vbox (badness 10000) detected at line 312
 []

[4]
Overfull \hbox (3.0pt too wide) in paragraph at lines 324--324
|[][][][][][][]| 
 []


Underfull \hbox (badness 10000) in paragraph at lines 326--330

 []


Underfull \hbox (badness 10000) in paragraph at lines 331--332

 []


Overfull \hbox (3.0pt too wide) in paragraph at lines 337--337
|[][][][][][][]| 
 []


Overfull \hbox (3.0pt too wide) in paragraph at lines 344--344
|[][][][][][][]| 
 []

<Figures/ContextDiagram.png, id=247, 763.85374pt x 573.14125pt>
File: Figures/ContextDiagram.png Graphic file (type png)

<use Figures/ContextDiagram.png>
Package pdftex.def Info: Figures/ContextDiagram.png used on input line 348.
(pdftex.def)             Requested size: 381.92593pt x 286.56992pt.

Overfull \hbox (3.0pt too wide) in paragraph at lines 354--354
|[][][][][][][]| 
 []

<Figures/SystemComponents.png, id=248, 801.99625pt x 663.47874pt>
File: Figures/SystemComponents.png Graphic file (type png)

<use Figures/SystemComponents.png>
Package pdftex.def Info: Figures/SystemComponents.png used on input line 358.
(pdftex.def)             Requested size: 481.20145pt x 398.0903pt.

Overfull \hbox (11.44643pt too wide) in paragraph at lines 358--359
 [][] 
 []

[5 <./Figures/ContextDiagram.png>]
Overfull \hbox (3.0pt too wide) in paragraph at lines 364--364
|[][][][][][][]| 
 []


Underfull \hbox (badness 10000) in paragraph at lines 366--367

 []


Overfull \hbox (1.71077pt too wide) in alignment at lines 369--372
 [] [] 
 []


Underfull \vbox (badness 10000) detected at line 372
 []


Overfull \hbox (1.71077pt too wide) in alignment at lines 375--378
 [] [] 
 []


Underfull \vbox (badness 10000) detected at line 378
 []

[6 <./Figures/SystemComponents.png>]
Overfull \hbox (1.71077pt too wide) in alignment at lines 381--384
 [] [] 
 []


Underfull \vbox (badness 10000) detected at line 384
 []


Overfull \hbox (1.71077pt too wide) in alignment at lines 387--390
 [] [] 
 []


Underfull \vbox (badness 10000) detected at line 390
 []


Overfull \hbox (1.71077pt too wide) in alignment at lines 393--396
 [] [] 
 []


Underfull \vbox (badness 10000) detected at line 396
 []


Overfull \hbox (1.71077pt too wide) in alignment at lines 399--402
 [] [] 
 []


Underfull \vbox (badness 10000) detected at line 402
 []


Overfull \hbox (1.71077pt too wide) in alignment at lines 405--408
 [] [] 
 []


Underfull \vbox (badness 10000) detected at line 408
 []


Overfull \hbox (1.71077pt too wide) in alignment at lines 411--414
 [] [] 
 []


Underfull \vbox (badness 10000) detected at line 414
 []


Overfull \hbox (3.0pt too wide) in paragraph at lines 417--417
|[][][][][][][]| 
 []


Overfull \hbox (3.0pt too wide) in paragraph at lines 423--423
|[][][][][][][]| 
 []


Overfull \hbox (3.0pt too wide) in paragraph at lines 427--427
|[][][][][][][]| 
 []


Underfull \hbox (badness 10000) in paragraph at lines 428--429

 []


Underfull \vbox (badness 10000) detected at line 439
 []


Underfull \hbox (badness 10000) in paragraph at lines 442--443

 []


Overfull \hbox (40.29733pt too wide) in alignment at lines 444--455
 [] [] [] [] [] 
 []


Underfull \vbox (badness 10000) detected at line 455
 []

[7]
Overfull \hbox (3.0pt too wide) in paragraph at lines 460--460
|[][][][][][][]| 
 []


Underfull \hbox (badness 10000) in paragraph at lines 462--463

 []


Underfull \hbox (badness 10000) in paragraph at lines 465--465
[]|\T1/cmr/bx/n/10 Constant
 []


Overfull \hbox (4.6845pt too wide) in paragraph at lines 465--465
[]|\T1/cmr/bx/n/10 Value| 
 []


Overfull \hbox (29.51364pt too wide) in alignment at lines 464--474
 [] [] [] [] [] 
 []


Underfull \vbox (badness 10000) detected at line 474
 []


Overfull \hbox (3.0pt too wide) in paragraph at lines 479--479
|[][][][][][][]| 
 []

[8]
Overfull \hbox (3.0pt too wide) in paragraph at lines 494--494
|[][][][][][][]| 
 []

[9]
Overfull \hbox (8.14876pt too wide) in paragraph at lines 556--571
 [][] 
 []


LaTeX Warning: `!h' float specifier changed to `!ht'.


LaTeX Warning: `!h' float specifier changed to `!ht'.


LaTeX Warning: `!h' float specifier changed to `!ht'.


LaTeX Warning: `!h' float specifier changed to `!ht'.


LaTeX Warning: `!h' float specifier changed to `!ht'.

[10]
Overfull \hbox (3.0pt too wide) in paragraph at lines 693--693
|[][][][][][][]| 
 []


Overfull \hbox (3.0pt too wide) in paragraph at lines 696--696
|[][][][][][][]| 
 []


Overfull \hbox (3.0pt too wide) in paragraph at lines 700--700
|[][][][][][][]| 
 []

[11] [12]
Overfull \hbox (3.0pt too wide) in paragraph at lines 704--704
|[][][][][][][]| 
 []


Underfull \hbox (badness 10000) in paragraph at lines 706--707

 []


Underfull \vbox (badness 10000) detected at line 712
 []


Underfull \hbox (badness 10000) in paragraph at lines 715--716

 []


Underfull \vbox (badness 10000) detected at line 723
 []


Overfull \hbox (3.0pt too wide) in paragraph at lines 726--726
|[][][][][][][]| 
 []


Overfull \hbox (0.71254pt too wide) in alignment at lines 728--732
 [] [] [] [] 
 []


Underfull \vbox (badness 10000) detected at line 732
 []


Overfull \hbox (3.0pt too wide) in paragraph at lines 738--738
|[][][][][][][]| 
 []


Overfull \hbox (3.0pt too wide) in paragraph at lines 743--743
|[][][][][][][]| 
 []


Overfull \hbox (3.0pt too wide) in paragraph at lines 748--748
|[][][][][][][]| 
 []


Overfull \hbox (3.0pt too wide) in paragraph at lines 752--752
|[][][][][][][]| 
 []


Overfull \hbox (3.0pt too wide) in paragraph at lines 757--757
|[][][][][][][]| 
 []


Underfull \hbox (badness 10000) in paragraph at lines 759--760

 []


Underfull \vbox (badness 10000) detected at line 767
 []


Underfull \hbox (badness 10000) in paragraph at lines 770--771

 []


Overfull \hbox (20.24387pt too wide) in alignment at lines 771--775
 [] [] [] [] [] 
 []


Underfull \vbox (badness 10000) detected at line 775
 []

[13]
Overfull \hbox (3.0pt too wide) in paragraph at lines 779--779
|[][][][][][][]| 
 []


Underfull \vbox (badness 10000) detected at line 787
 []


Overfull \hbox (3.0pt too wide) in paragraph at lines 791--791
|[][][][][][][]| 
 []


Overfull \hbox (3.0pt too wide) in paragraph at lines 796--796
|[][][][][][][]| 
 []


Overfull \hbox (3.0pt too wide) in paragraph at lines 801--801
|[][][][][][][]| 
 []


Overfull \hbox (3.0pt too wide) in paragraph at lines 805--805
|[][][][][][][]| 
 []


Overfull \hbox (3.0pt too wide) in paragraph at lines 810--810
|[][][][][][][]| 
 []


Underfull \hbox (badness 10000) in paragraph at lines 812--813

 []


Overfull \hbox (55.28697pt too wide) in alignment at lines 814--822
 [] [] [] [] [] 
 []


Underfull \vbox (badness 10000) detected at line 822
 []


Underfull \hbox (badness 10000) in paragraph at lines 825--826

 []


Underfull \vbox (badness 10000) detected at line 832
 []


Overfull \hbox (3.0pt too wide) in paragraph at lines 835--835
|[][][][][][][]| 
 []


Overfull \hbox (14.77715pt too wide) in alignment at lines 837--845
 [] [] [] [] 
 []


Underfull \vbox (badness 10000) detected at line 845
 []

[14]
Overfull \hbox (3.0pt too wide) in paragraph at lines 850--850
|[][][][][][][]| 
 []


Overfull \hbox (3.0pt too wide) in paragraph at lines 855--855
|[][][][][][][]| 
 []


Overfull \hbox (3.0pt too wide) in paragraph at lines 860--860
|[][][][][][][]| 
 []


Overfull \hbox (3.0pt too wide) in paragraph at lines 864--864
|[][][][][][][]| 
 []


Overfull \hbox (3.0pt too wide) in paragraph at lines 869--869
|[][][][][][][]| 
 []


Underfull \hbox (badness 10000) in paragraph at lines 871--872

 []


Underfull \vbox (badness 10000) detected at line 877
 []


Underfull \hbox (badness 10000) in paragraph at lines 880--881

 []


Underfull \vbox (badness 10000) detected at line 888
 []


Overfull \hbox (3.0pt too wide) in paragraph at lines 892--892
|[][][][][][][]| 
 []


Underfull \vbox (badness 10000) detected at line 898
 []


Overfull \hbox (3.0pt too wide) in paragraph at lines 902--902
|[][][][][][][]| 
 []

[15]
Overfull \hbox (3.0pt too wide) in paragraph at lines 907--907
|[][][][][][][]| 
 []


Overfull \hbox (3.0pt too wide) in paragraph at lines 912--912
|[][][][][][][]| 
 []


Overfull \hbox (3.0pt too wide) in paragraph at lines 916--916
|[][][][][][][]| 
 []


Overfull \hbox (3.0pt too wide) in paragraph at lines 921--921
|[][][][][][][]| 
 []


Underfull \hbox (badness 10000) in paragraph at lines 923--924

 []


Overfull \hbox (10.7194pt too wide) in alignment at lines 925--932
 [] [] [] [] [] 
 []


Underfull \vbox (badness 10000) detected at line 932
 []


Underfull \hbox (badness 10000) in paragraph at lines 935--936

 []


Overfull \hbox (10.7194pt too wide) in alignment at lines 937--944
 [] [] [] [] [] 
 []


Underfull \vbox (badness 10000) detected at line 944
 []


Overfull \hbox (3.0pt too wide) in paragraph at lines 948--948
|[][][][][][][]| 
 []


Underfull \vbox (badness 10000) detected at line 957
 []


Overfull \hbox (3.0pt too wide) in paragraph at lines 962--962
|[][][][][][][]| 
 []

[16]
Overfull \hbox (3.0pt too wide) in paragraph at lines 967--967
|[][][][][][][]| 
 []


Overfull \hbox (3.0pt too wide) in paragraph at lines 972--972
|[][][][][][][]| 
 []


Overfull \hbox (3.0pt too wide) in paragraph at lines 976--976
|[][][][][][][]| 
 []


Overfull \hbox (3.0pt too wide) in paragraph at lines 981--981
|[][][][][][][]| 
 []


Underfull \hbox (badness 10000) in paragraph at lines 984--985

 []


Overfull \hbox (6.61107pt too wide) in alignment at lines 986--993
 [] [] [] [] [] 
 []


Underfull \vbox (badness 10000) detected at line 993
 []


Underfull \hbox (badness 10000) in paragraph at lines 996--997

 []


Overfull \hbox (24.96407pt too wide) in alignment at lines 998--1003
 [] [] [] [] [] 
 []


Underfull \vbox (badness 10000) detected at line 1003
 []


Overfull \hbox (3.0pt too wide) in paragraph at lines 1007--1007
|[][][][][][][]| 
 []


Underfull \vbox (badness 10000) detected at line 1016
 []


Overfull \hbox (3.0pt too wide) in paragraph at lines 1020--1020
|[][][][][][][]| 
 []


Overfull \hbox (3.0pt too wide) in paragraph at lines 1025--1025
|[][][][][][][]| 
 []

[17]
Overfull \hbox (3.0pt too wide) in paragraph at lines 1031--1031
|[][][][][][][]| 
 []


Underfull \hbox (badness 10000) in paragraph at lines 1032--1039

 []


Overfull \hbox (3.0pt too wide) in paragraph at lines 1042--1042
|[][][][][][][]| 
 []


Overfull \hbox (3.0pt too wide) in paragraph at lines 1046--1046
|[][][][][][][]| 
 []


Overfull \hbox (3.0pt too wide) in paragraph at lines 1051--1051
|[][][][][][][]| 
 []


Underfull \hbox (badness 10000) in paragraph at lines 1053--1054

 []


Underfull \hbox (badness 10000) in paragraph at lines 1058--1058
[]|\T1/cmr/m/n/10 [(0,0),
 []


Underfull \hbox (badness 10000) in paragraph at lines 1058--1058
\T1/cmr/m/n/10 (length($\OML/cmm/m/it/10 Map\OT1/cmr/m/n/10 )$\T1/cmr/m/n/10 ,
 []


Underfull \hbox (badness 5274) in paragraph at lines 1062--1062
[]|\T1/cmr/m/n/10 Unsigned In-te-
 []


Underfull \hbox (badness 5274) in paragraph at lines 1063--1063
[]|\T1/cmr/m/n/10 Unsigned In-te-
 []


Overfull \hbox (5.47997pt too wide) in paragraph at lines 1064--1064
[]|$\OML/cmm/m/it/10 b[]$| 
 []


Overfull \hbox (43.59853pt too wide) in alignment at lines 1055--1066
 [] [] [] [] [] 
 []


Underfull \vbox (badness 10000) detected at line 1066
 []


Underfull \hbox (badness 10000) in paragraph at lines 1069--1070

 []


Underfull \vbox (badness 10000) detected at line 1075
 []

[18]
Overfull \hbox (3.0pt too wide) in paragraph at lines 1079--1079
|[][][][][][][]| 
 []


Underfull \hbox (badness 5274) in paragraph at lines 1088--1088
[]|\T1/cmr/m/n/10 Unsigned In-te-
 []


Underfull \hbox (badness 5274) in paragraph at lines 1089--1089
[]|\T1/cmr/m/n/10 Unsigned In-te-
 []


Overfull \hbox (5.47997pt too wide) in paragraph at lines 1090--1090
[]|$\OML/cmm/m/it/10 b[]$| 
 []


Overfull \hbox (3.01439pt too wide) in alignment at lines 1081--1092
 [] [] [] [] 
 []


Underfull \vbox (badness 10000) detected at line 1092
 []


Overfull \hbox (3.0pt too wide) in paragraph at lines 1096--1096
|[][][][][][][]| 
 []


Overfull \hbox (3.0pt too wide) in paragraph at lines 1101--1101
|[][][][][][][]| 
 []


Overfull \hbox (3.0pt too wide) in paragraph at lines 1106--1106
|[][][][][][][]| 
 []

<Figures/Simulink.png, id=404, 1185.67969pt x 455.45157pt>
File: Figures/Simulink.png Graphic file (type png)

<use Figures/Simulink.png>
Package pdftex.def Info: Figures/Simulink.png used on input line 1110.
(pdftex.def)             Requested size: 474.26347pt x 182.1774pt.

Overfull \hbox (4.50845pt too wide) in paragraph at lines 1110--1111
 [][] 
 []


Overfull \hbox (3.0pt too wide) in paragraph at lines 1116--1116
|[][][][][][][]| 
 []

<Figures/H_Bridge.png, id=405, 737.00343pt x 412.54124pt>
File: Figures/H_Bridge.png Graphic file (type png)

<use Figures/H_Bridge.png>
Package pdftex.def Info: Figures/H_Bridge.png used on input line 1120.
(pdftex.def)             Requested size: 294.79614pt x 165.01357pt.
 [19 <./Figures/Simulink.png>]
Overfull \hbox (3.0pt too wide) in paragraph at lines 1126--1126
|[][][][][][][]| 
 []


Underfull \hbox (badness 10000) in paragraph at lines 1127--1130

 []


Overfull \hbox (3.0pt too wide) in paragraph at lines 1133--1133
|[][][][][][][]| 
 []


Underfull \hbox (badness 10000) in paragraph at lines 1134--1137

 []


Overfull \hbox (3.0pt too wide) in paragraph at lines 1140--1140
|[][][][][][][]| 
 []


Underfull \hbox (badness 10000) in paragraph at lines 1141--1143

 []


Overfull \hbox (3.0pt too wide) in paragraph at lines 1146--1146
|[][][][][][][]| 
 []


Overfull \hbox (3.0pt too wide) in paragraph at lines 1150--1150
|[][][][][][][]| 
 []


Overfull \hbox (3.0pt too wide) in paragraph at lines 1155--1155
|[][][][][][][]| 
 []


Underfull \hbox (badness 10000) in paragraph at lines 1157--1158

 []

[20 <./Figures/H_Bridge.png>]
Underfull \vbox (badness 10000) detected at line 1165
 []


Underfull \hbox (badness 10000) in paragraph at lines 1167--1168

 []


Underfull \vbox (badness 10000) detected at line 1174
 []


Overfull \hbox (3.0pt too wide) in paragraph at lines 1178--1178
|[][][][][][][]| 
 []


Underfull \vbox (badness 10000) detected at line 1186
 []


Overfull \hbox (3.0pt too wide) in paragraph at lines 1190--1190
|[][][][][][][]| 
 []


Overfull \hbox (3.0pt too wide) in paragraph at lines 1195--1195
|[][][][][][][]| 
 []


Overfull \hbox (3.0pt too wide) in paragraph at lines 1201--1201
|[][][][][][][]| 
 []

<Figures/DC_PumpSim.png, id=427, 729.47531pt x 242.40562pt>
File: Figures/DC_PumpSim.png Graphic file (type png)

<use Figures/DC_PumpSim.png>
Package pdftex.def Info: Figures/DC_PumpSim.png used on input line 1205.
(pdftex.def)             Requested size: 437.68855pt x 145.44447pt.


LaTeX Warning: `!h' float specifier changed to `!ht'.


Overfull \hbox (3.0pt too wide) in paragraph at lines 1212--1212
|[][][][][][][]| 
 []

<Figures/Pump.png, id=428, 653.44125pt x 427.5975pt>
File: Figures/Pump.png Graphic file (type png)
 <use Figures/Pump.png>
Package pdftex.def Info: Figures/Pump.png used on input line 1216.
(pdftex.def)             Requested size: 392.06776pt x 256.56047pt.


LaTeX Warning: `!h' float specifier changed to `!ht'.

[21]
Overfull \hbox (3.0pt too wide) in paragraph at lines 1226--1226
|[][][][][][][]| 
 []

<Figures/TempSensor.png, id=443, 516.42938pt x 430.60875pt>
File: Figures/TempSensor.png Graphic file (type png)

<use Figures/TempSensor.png>
Package pdftex.def Info: Figures/TempSensor.png used on input line 1230.
(pdftex.def)             Requested size: 309.86002pt x 258.36723pt.


LaTeX Warning: `!h' float specifier changed to `!ht'.


Overfull \hbox (3.0pt too wide) in paragraph at lines 1236--1236
|[][][][][][][]| 
 []

<Figures/WeightSensors.png, id=444, 474.27188pt x 428.35031pt>
File: Figures/WeightSensors.png Graphic file (type png)

<use Figures/WeightSensors.png>
Package pdftex.def Info: Figures/WeightSensors.png used on input line 1240.
(pdftex.def)             Requested size: 237.13536pt x 214.17462pt.


LaTeX Warning: `!h' float specifier changed to `!ht'.


Overfull \hbox (3.0pt too wide) in paragraph at lines 1246--1246
|[][][][][][][]| 
 []

[22 <./Figures/DC_PumpSim.png> <./Figures/Pump.png>]
Overfull \hbox (3.0pt too wide) in paragraph at lines 1256--1256
|[][][][][][][]| 
 []


Underfull \hbox (badness 10000) in paragraph at lines 1257--1265

 []

[23 <./Figures/TempSensor.png> <./Figures/WeightSensors.png>]
Overfull \hbox (3.0pt too wide) in paragraph at lines 1268--1268
|[][][][][][][]| 
 []


Underfull \hbox (badness 10000) in paragraph at lines 1270--1273

 []


Overfull \hbox (3.0pt too wide) in paragraph at lines 1276--1276
|[][][][][][][]| 
 []


Underfull \hbox (badness 10000) in paragraph at lines 1277--1279

 []


Overfull \hbox (3.0pt too wide) in paragraph at lines 1283--1283
|[][][][][][][]| 
 []


Overfull \hbox (3.0pt too wide) in paragraph at lines 1287--1287
|[][][][][][][]| 
 []


Overfull \hbox (3.0pt too wide) in paragraph at lines 1292--1292
|[][][][][][][]| 
 []


Underfull \hbox (badness 10000) in paragraph at lines 1294--1295

 []


Underfull \vbox (badness 10000) detected at line 1299
 []


Underfull \hbox (badness 10000) in paragraph at lines 1301--1302

 []


Underfull \vbox (badness 10000) detected at line 1308
 []


Overfull \hbox (3.0pt too wide) in paragraph at lines 1311--1311
|[][][][][][][]| 
 []


Underfull \vbox (badness 10000) detected at line 1316
 []


Overfull \hbox (3.0pt too wide) in paragraph at lines 1320--1320
|[][][][][][][]| 
 []


Overfull \hbox (3.0pt too wide) in paragraph at lines 1325--1325
|[][][][][][][]| 
 []

[24]
Overfull \hbox (3.0pt too wide) in paragraph at lines 1330--1330
|[][][][][][][]| 
 []


Underfull \hbox (badness 10000) in paragraph at lines 1331--1334

 []


Overfull \hbox (3.0pt too wide) in paragraph at lines 1338--1338
|[][][][][][][]| 
 []


Overfull \hbox (9.39711pt too wide) in paragraph at lines 1342--1342
[]|$[]$| 
 []


Underfull \vbox (badness 10000) detected at line 1370
 []


Overfull \hbox (3.0pt too wide) in paragraph at lines 1376--1376
|[][][][][][][]| 
 []


Overfull \hbox (3.0pt too wide) in paragraph at lines 1382--1382
|[][][][][][][]| 
 []


Overfull \hbox (3.0pt too wide) in paragraph at lines 1387--1387
|[][][][][][][]| 
 []

LaTeX Font Info:    Try loading font information for T1+cmtt on input line 1391
.
(/usr/local/texlive/2017/texmf-dist/tex/latex/base/t1cmtt.fd
File: t1cmtt.fd 2014/09/29 v2.5h Standard LaTeX font definitions
) [25]

AED: lastpage setting LastPage
[26]
Package atveryend Info: Empty hook `BeforeClearDocument' on input line 1423.
Package atveryend Info: Empty hook `AfterLastShipout' on input line 1423.
 (./System_Design.aux)
Package atveryend Info: Executing hook `AtVeryEndDocument' on input line 1423.
Package atveryend Info: Executing hook `AtEndAfterFileList' on input line 1423.

Package rerunfilecheck Info: File `System_Design.out' has not changed.
(rerunfilecheck)             Checksum: 0134819F07FE1E0BDE6C727E282D86A8;1686.
Package atveryend Info: Empty hook `AtVeryVeryEnd' on input line 1423.
 ) 
Here is how much of TeX's memory you used:
 10616 strings out of 492995
 153523 string characters out of 6132704
 401532 words of memory out of 5000000
 13823 multiletter control sequences out of 15000+600000
 16481 words of font info for 43 fonts, out of 8000000 for 9000
 1141 hyphenation exceptions out of 8191
 41i,12n,58p,819b,471s stack positions out of 5000i,500n,10000p,200000b,80000s
{/usr/local/texlive/2017/texmf-dist/fonts/enc/dvips/cm-super/cm-super-t1.enc}
</usr/local/texlive/2017/texmf-dist/fonts/type1/public/amsfonts/cm/cmmi10.pfb><
/usr/local/texlive/2017/texmf-dist/fonts/type1/public/amsfonts/cm/cmmi5.pfb></u
sr/local/texlive/2017/texmf-dist/fonts/type1/public/amsfonts/cm/cmmi7.pfb></usr
/local/texlive/2017/texmf-dist/fonts/type1/public/amsfonts/cm/cmr10.pfb></usr/l
ocal/texlive/2017/texmf-dist/fonts/type1/public/amsfonts/cm/cmr7.pfb></usr/loca
l/texlive/2017/texmf-dist/fonts/type1/public/cm-super/sfbx1000.pfb></usr/local/
texlive/2017/texmf-dist/fonts/type1/public/cm-super/sfbx1200.pfb></usr/local/te
xlive/2017/texmf-dist/fonts/type1/public/cm-super/sfbx1440.pfb></usr/local/texl
ive/2017/texmf-dist/fonts/type1/public/cm-super/sfcc1200.pfb></usr/local/texliv
e/2017/texmf-dist/fonts/type1/public/cm-super/sfrm0700.pfb></usr/local/texlive/
2017/texmf-dist/fonts/type1/public/cm-super/sfrm1000.pfb></usr/local/texlive/20
17/texmf-dist/fonts/type1/public/cm-super/sfrm1440.pfb></usr/local/texlive/2017
/texmf-dist/fonts/type1/public/cm-super/sfrm2488.pfb></usr/local/texlive/2017/t
exmf-dist/fonts/type1/public/cm-super/sftt1000.pfb></usr/local/texlive/2017/tex
mf-dist/fonts/type1/public/cm-super/sfxc1440.pfb>
Output written on System_Design.pdf (26 pages, 544833 bytes).
PDF statistics:
 576 PDF objects out of 1000 (max. 8388607)
 514 compressed objects within 6 object streams
 179 named destinations out of 1000 (max. 500000)
 260 words of extra memory for PDF output out of 10000 (max. 10000000)

