This is pdfTeX, Version 3.14159265-2.6-1.40.16 (TeX Live 2015) (preloaded format=pdflatex 2015.5.24)  6 NOV 2017 19:51
entering extended mode
 restricted \write18 enabled.
 file:line:error style messages enabled.
 %&-line parsing enabled.
**Sys_Requirements.tex
(./Sys_Requirements.tex
LaTeX2e <2015/01/01>
Babel <3.9l> and hyphenation patterns for 79 languages loaded.
(/usr/local/texlive/2015/texmf-dist/tex/latex/base/article.cls
Document Class: article 2014/09/29 v1.4h Standard LaTeX document class
(/usr/local/texlive/2015/texmf-dist/tex/latex/base/size11.clo
File: size11.clo 2014/09/29 v1.4h Standard LaTeX file (size option)
)
\c@part=\count79
\c@section=\count80
\c@subsection=\count81
\c@subsubsection=\count82
\c@paragraph=\count83
\c@subparagraph=\count84
\c@figure=\count85
\c@table=\count86
\abovecaptionskip=\skip41
\belowcaptionskip=\skip42
\bibindent=\dimen102
)
(/usr/local/texlive/2015/texmf-dist/tex/latex/geometry/geometry.sty
Package: geometry 2010/09/12 v5.6 Page Geometry

(/usr/local/texlive/2015/texmf-dist/tex/latex/graphics/keyval.sty
Package: keyval 2014/10/28 v1.15 key=value parser (DPC)
\KV@toks@=\toks14
)
(/usr/local/texlive/2015/texmf-dist/tex/generic/oberdiek/ifpdf.sty
Package: ifpdf 2011/01/30 v2.3 Provides the ifpdf switch (HO)
Package ifpdf Info: pdfTeX in PDF mode is detected.
)
(/usr/local/texlive/2015/texmf-dist/tex/generic/oberdiek/ifvtex.sty
Package: ifvtex 2010/03/01 v1.5 Detect VTeX and its facilities (HO)
Package ifvtex Info: VTeX not detected.
)
(/usr/local/texlive/2015/texmf-dist/tex/generic/ifxetex/ifxetex.sty
Package: ifxetex 2010/09/12 v0.6 Provides ifxetex conditional
)
\Gm@cnth=\count87
\Gm@cntv=\count88
\c@Gm@tempcnt=\count89
\Gm@bindingoffset=\dimen103
\Gm@wd@mp=\dimen104
\Gm@odd@mp=\dimen105
\Gm@even@mp=\dimen106
\Gm@layoutwidth=\dimen107
\Gm@layoutheight=\dimen108
\Gm@layouthoffset=\dimen109
\Gm@layoutvoffset=\dimen110
\Gm@dimlist=\toks15
)
(/usr/local/texlive/2015/texmf-dist/tex/latex/xcolor/xcolor.sty
Package: xcolor 2007/01/21 v2.11 LaTeX color extensions (UK)

(/usr/local/texlive/2015/texmf-dist/tex/latex/latexconfig/color.cfg
File: color.cfg 2007/01/18 v1.5 color configuration of teTeX/TeXLive
)
Package xcolor Info: Driver file: pdftex.def on input line 225.

(/usr/local/texlive/2015/texmf-dist/tex/latex/pdftex-def/pdftex.def
File: pdftex.def 2011/05/27 v0.06d Graphics/color for pdfTeX

(/usr/local/texlive/2015/texmf-dist/tex/generic/oberdiek/infwarerr.sty
Package: infwarerr 2010/04/08 v1.3 Providing info/warning/error messages (HO)
)
(/usr/local/texlive/2015/texmf-dist/tex/generic/oberdiek/ltxcmds.sty
Package: ltxcmds 2011/11/09 v1.22 LaTeX kernel commands for general use (HO)
)
\Gread@gobject=\count90
)
(/usr/local/texlive/2015/texmf-dist/tex/latex/colortbl/colortbl.sty
Package: colortbl 2012/02/13 v1.0a Color table columns (DPC)

(/usr/local/texlive/2015/texmf-dist/tex/latex/tools/array.sty
Package: array 2014/10/28 v2.4c Tabular extension package (FMi)
\col@sep=\dimen111
\extrarowheight=\dimen112
\NC@list=\toks16
\extratabsurround=\skip43
\backup@length=\skip44
)
\everycr=\toks17
\minrowclearance=\skip45
)
\rownum=\count91
Package xcolor Info: Model `cmy' substituted by `cmy0' on input line 1337.
Package xcolor Info: Model `hsb' substituted by `rgb' on input line 1341.
Package xcolor Info: Model `RGB' extended on input line 1353.
Package xcolor Info: Model `HTML' substituted by `rgb' on input line 1355.
Package xcolor Info: Model `Hsb' substituted by `hsb' on input line 1356.
Package xcolor Info: Model `tHsb' substituted by `hsb' on input line 1357.
Package xcolor Info: Model `HSB' substituted by `hsb' on input line 1358.
Package xcolor Info: Model `Gray' substituted by `gray' on input line 1359.
Package xcolor Info: Model `wave' substituted by `hsb' on input line 1360.
)
(/usr/local/texlive/2015/texmf-dist/tex/latex/cabin/cabin.sty
Package: cabin 2013/07/20 (Bob Tennent) Supports Cabin fonts for all LaTeX engi
nes.

(/usr/local/texlive/2015/texmf-dist/tex/generic/oberdiek/ifluatex.sty
Package: ifluatex 2010/03/01 v1.3 Provides the ifluatex switch (HO)
Package ifluatex Info: LuaTeX not detected.
)
(/usr/local/texlive/2015/texmf-dist/tex/latex/xkeyval/xkeyval.sty
Package: xkeyval 2014/12/03 v2.7a package option processing (HA)

(/usr/local/texlive/2015/texmf-dist/tex/generic/xkeyval/xkeyval.tex
(/usr/local/texlive/2015/texmf-dist/tex/generic/xkeyval/xkvutils.tex
\XKV@toks=\toks18
\XKV@tempa@toks=\toks19
)
\XKV@depth=\count92
File: xkeyval.tex 2014/12/03 v2.7a key=value parser (HA)
))
(/usr/local/texlive/2015/texmf-dist/tex/latex/base/textcomp.sty
Package: textcomp 2005/09/27 v1.99g Standard LaTeX package
Package textcomp Info: Sub-encoding information:
(textcomp)               5 = only ISO-Adobe without \textcurrency
(textcomp)               4 = 5 + \texteuro
(textcomp)               3 = 4 + \textohm
(textcomp)               2 = 3 + \textestimated + \textcurrency
(textcomp)               1 = TS1 - \textcircled - \t
(textcomp)               0 = TS1 (full)
(textcomp)             Font families with sub-encoding setting implement
(textcomp)             only a restricted character set as indicated.
(textcomp)             Family '?' is the default used for unknown fonts.
(textcomp)             See the documentation for details.
Package textcomp Info: Setting ? sub-encoding to TS1/1 on input line 79.

(/usr/local/texlive/2015/texmf-dist/tex/latex/base/ts1enc.def
File: ts1enc.def 2001/06/05 v3.0e (jk/car/fm) Standard LaTeX file
)
LaTeX Info: Redefining \oldstylenums on input line 334.
Package textcomp Info: Setting cmr sub-encoding to TS1/0 on input line 349.
Package textcomp Info: Setting cmss sub-encoding to TS1/0 on input line 350.
Package textcomp Info: Setting cmtt sub-encoding to TS1/0 on input line 351.
Package textcomp Info: Setting cmvtt sub-encoding to TS1/0 on input line 352.
Package textcomp Info: Setting cmbr sub-encoding to TS1/0 on input line 353.
Package textcomp Info: Setting cmtl sub-encoding to TS1/0 on input line 354.
Package textcomp Info: Setting ccr sub-encoding to TS1/0 on input line 355.
Package textcomp Info: Setting ptm sub-encoding to TS1/4 on input line 356.
Package textcomp Info: Setting pcr sub-encoding to TS1/4 on input line 357.
Package textcomp Info: Setting phv sub-encoding to TS1/4 on input line 358.
Package textcomp Info: Setting ppl sub-encoding to TS1/3 on input line 359.
Package textcomp Info: Setting pag sub-encoding to TS1/4 on input line 360.
Package textcomp Info: Setting pbk sub-encoding to TS1/4 on input line 361.
Package textcomp Info: Setting pnc sub-encoding to TS1/4 on input line 362.
Package textcomp Info: Setting pzc sub-encoding to TS1/4 on input line 363.
Package textcomp Info: Setting bch sub-encoding to TS1/4 on input line 364.
Package textcomp Info: Setting put sub-encoding to TS1/5 on input line 365.
Package textcomp Info: Setting uag sub-encoding to TS1/5 on input line 366.
Package textcomp Info: Setting ugq sub-encoding to TS1/5 on input line 367.
Package textcomp Info: Setting ul8 sub-encoding to TS1/4 on input line 368.
Package textcomp Info: Setting ul9 sub-encoding to TS1/4 on input line 369.
Package textcomp Info: Setting augie sub-encoding to TS1/5 on input line 370.
Package textcomp Info: Setting dayrom sub-encoding to TS1/3 on input line 371.
Package textcomp Info: Setting dayroms sub-encoding to TS1/3 on input line 372.

Package textcomp Info: Setting pxr sub-encoding to TS1/0 on input line 373.
Package textcomp Info: Setting pxss sub-encoding to TS1/0 on input line 374.
Package textcomp Info: Setting pxtt sub-encoding to TS1/0 on input line 375.
Package textcomp Info: Setting txr sub-encoding to TS1/0 on input line 376.
Package textcomp Info: Setting txss sub-encoding to TS1/0 on input line 377.
Package textcomp Info: Setting txtt sub-encoding to TS1/0 on input line 378.
Package textcomp Info: Setting lmr sub-encoding to TS1/0 on input line 379.
Package textcomp Info: Setting lmdh sub-encoding to TS1/0 on input line 380.
Package textcomp Info: Setting lmss sub-encoding to TS1/0 on input line 381.
Package textcomp Info: Setting lmssq sub-encoding to TS1/0 on input line 382.
Package textcomp Info: Setting lmvtt sub-encoding to TS1/0 on input line 383.
Package textcomp Info: Setting lmtt sub-encoding to TS1/0 on input line 384.
Package textcomp Info: Setting qhv sub-encoding to TS1/0 on input line 385.
Package textcomp Info: Setting qag sub-encoding to TS1/0 on input line 386.
Package textcomp Info: Setting qbk sub-encoding to TS1/0 on input line 387.
Package textcomp Info: Setting qcr sub-encoding to TS1/0 on input line 388.
Package textcomp Info: Setting qcs sub-encoding to TS1/0 on input line 389.
Package textcomp Info: Setting qpl sub-encoding to TS1/0 on input line 390.
Package textcomp Info: Setting qtm sub-encoding to TS1/0 on input line 391.
Package textcomp Info: Setting qzc sub-encoding to TS1/0 on input line 392.
Package textcomp Info: Setting qhvc sub-encoding to TS1/0 on input line 393.
Package textcomp Info: Setting futs sub-encoding to TS1/4 on input line 394.
Package textcomp Info: Setting futx sub-encoding to TS1/4 on input line 395.
Package textcomp Info: Setting futj sub-encoding to TS1/4 on input line 396.
Package textcomp Info: Setting hlh sub-encoding to TS1/3 on input line 397.
Package textcomp Info: Setting hls sub-encoding to TS1/3 on input line 398.
Package textcomp Info: Setting hlst sub-encoding to TS1/3 on input line 399.
Package textcomp Info: Setting hlct sub-encoding to TS1/5 on input line 400.
Package textcomp Info: Setting hlx sub-encoding to TS1/5 on input line 401.
Package textcomp Info: Setting hlce sub-encoding to TS1/5 on input line 402.
Package textcomp Info: Setting hlcn sub-encoding to TS1/5 on input line 403.
Package textcomp Info: Setting hlcw sub-encoding to TS1/5 on input line 404.
Package textcomp Info: Setting hlcf sub-encoding to TS1/5 on input line 405.
Package textcomp Info: Setting pplx sub-encoding to TS1/3 on input line 406.
Package textcomp Info: Setting pplj sub-encoding to TS1/3 on input line 407.
Package textcomp Info: Setting ptmx sub-encoding to TS1/4 on input line 408.
Package textcomp Info: Setting ptmj sub-encoding to TS1/4 on input line 409.
)
(/usr/local/texlive/2015/texmf-dist/tex/latex/base/fontenc.sty
Package: fontenc 2005/09/27 v1.99g Standard LaTeX package
)
(/usr/local/texlive/2015/texmf-dist/tex/latex/fontaxes/fontaxes.sty
Package: fontaxes 2014/03/23 v1.0d Font selection axes
LaTeX Info: Redefining \upshape on input line 29.
LaTeX Info: Redefining \itshape on input line 31.
LaTeX Info: Redefining \slshape on input line 33.
LaTeX Info: Redefining \scshape on input line 37.
)
(/usr/local/texlive/2015/texmf-dist/tex/latex/mweights/mweights.sty
Package: mweights 2013/07/21 (Bob Tennent) Support package for multiple-weight 
font packages. 
LaTeX Info: Redefining \bfseries on input line 22.
LaTeX Info: Redefining \mdseries on input line 29.
LaTeX Info: Redefining \rmfamily on input line 36.
LaTeX Info: Redefining \sffamily on input line 53.
LaTeX Info: Redefining \ttfamily on input line 70.
))
(/usr/local/texlive/2015/texmf-dist/tex/latex/base/fontenc.sty
Package: fontenc 2005/09/27 v1.99g Standard LaTeX package

(/usr/local/texlive/2015/texmf-dist/tex/latex/base/t1enc.def
File: t1enc.def 2005/09/27 v1.99g Standard LaTeX file
LaTeX Font Info:    Redeclaring font encoding T1 on input line 48.
))
(/usr/local/texlive/2015/texmf-dist/tex/latex/psnfss/helvet.sty
Package: helvet 2005/04/12 PSNFSS-v9.2a (WaS) 
)
(/usr/local/texlive/2015/texmf-dist/tex/latex/titlesec/titlesec.sty
Package: titlesec 2011/12/15 v2.10.0 Sectioning titles
\ttl@box=\box26
\beforetitleunit=\skip46
\aftertitleunit=\skip47
\ttl@plus=\dimen113
\ttl@minus=\dimen114
\ttl@toksa=\toks20
\titlewidth=\dimen115
\titlewidthlast=\dimen116
\titlewidthfirst=\dimen117
)
(/usr/local/texlive/2015/texmf-dist/tex/latex/titlesec/titletoc.sty
Package: titletoc 2011/12/15 v1.6 TOC entries
\ttl@leftsep=\dimen118
)
(/usr/local/texlive/2015/texmf-dist/tex/latex/graphics/graphicx.sty
Package: graphicx 2014/10/28 v1.0g Enhanced LaTeX Graphics (DPC,SPQR)

(/usr/local/texlive/2015/texmf-dist/tex/latex/graphics/graphics.sty
Package: graphics 2014/10/28 v1.0p Standard LaTeX Graphics (DPC,SPQR)

(/usr/local/texlive/2015/texmf-dist/tex/latex/graphics/trig.sty
Package: trig 1999/03/16 v1.09 sin cos tan (DPC)
)
(/usr/local/texlive/2015/texmf-dist/tex/latex/latexconfig/graphics.cfg
File: graphics.cfg 2010/04/23 v1.9 graphics configuration of TeX Live
)
Package graphics Info: Driver file: pdftex.def on input line 94.
)
\Gin@req@height=\dimen119
\Gin@req@width=\dimen120
)
(/usr/local/texlive/2015/texmf-dist/tex/latex/tools/longtable.sty
Package: longtable 2014/10/28 v4.11 Multi-page Table package (DPC)
\LTleft=\skip48
\LTright=\skip49
\LTpre=\skip50
\LTpost=\skip51
\LTchunksize=\count93
\LTcapwidth=\dimen121
\LT@head=\box27
\LT@firsthead=\box28
\LT@foot=\box29
\LT@lastfoot=\box30
\LT@cols=\count94
\LT@rows=\count95
\c@LT@tables=\count96
\c@LT@chunks=\count97
\LT@p@ftn=\toks21
)
(/usr/local/texlive/2015/texmf-dist/tex/latex/multirow/multirow.sty
\bigstrutjot=\dimen122
)
(/usr/local/texlive/2015/texmf-dist/tex/latex/tools/multicol.sty
Package: multicol 2015/03/31 v1.8m multicolumn formatting (FMi)
\c@tracingmulticols=\count98
\mult@box=\box31
\multicol@leftmargin=\dimen123
\c@unbalance=\count99
\c@collectmore=\count100
\doublecol@number=\count101
\multicoltolerance=\count102
\multicolpretolerance=\count103
\full@width=\dimen124
\page@free=\dimen125
\premulticols=\dimen126
\postmulticols=\dimen127
\multicolsep=\skip52
\multicolbaselineskip=\skip53
\partial@page=\box32
\last@line=\box33
\maxbalancingoverflow=\dimen128
\mult@rightbox=\box34
\mult@grightbox=\box35
\mult@gfirstbox=\box36
\mult@firstbox=\box37
\@tempa=\box38
\@tempa=\box39
\@tempa=\box40
\@tempa=\box41
\@tempa=\box42
\@tempa=\box43
\@tempa=\box44
\@tempa=\box45
\@tempa=\box46
\@tempa=\box47
\@tempa=\box48
\@tempa=\box49
\@tempa=\box50
\@tempa=\box51
\@tempa=\box52
\@tempa=\box53
\@tempa=\box54
\c@columnbadness=\count104
\c@finalcolumnbadness=\count105
\last@try=\dimen129
\multicolovershoot=\dimen130
\multicolundershoot=\dimen131
\mult@nat@firstbox=\box55
\colbreak@box=\box56
\mc@col@check@num=\count106
)
(/usr/local/texlive/2015/texmf-dist/tex/latex/enumitem/enumitem.sty
Package: enumitem 2011/09/28 v3.5.2 Customized lists
\labelindent=\skip54
\enit@outerparindent=\dimen132
\enit@toks=\toks22
\enit@inbox=\box57
\enitdp@description=\count107
)
(/usr/local/texlive/2015/texmf-dist/tex/latex/hyperref/hyperref.sty
Package: hyperref 2012/11/06 v6.83m Hypertext links for LaTeX

(/usr/local/texlive/2015/texmf-dist/tex/generic/oberdiek/hobsub-hyperref.sty
Package: hobsub-hyperref 2012/05/28 v1.13 Bundle oberdiek, subset hyperref (HO)


(/usr/local/texlive/2015/texmf-dist/tex/generic/oberdiek/hobsub-generic.sty
Package: hobsub-generic 2012/05/28 v1.13 Bundle oberdiek, subset generic (HO)
Package: hobsub 2012/05/28 v1.13 Construct package bundles (HO)
Package hobsub Info: Skipping package `infwarerr' (already loaded).
Package hobsub Info: Skipping package `ltxcmds' (already loaded).
Package hobsub Info: Skipping package `ifluatex' (already loaded).
Package hobsub Info: Skipping package `ifvtex' (already loaded).
Package: intcalc 2007/09/27 v1.1 Expandable calculations with integers (HO)
Package hobsub Info: Skipping package `ifpdf' (already loaded).
Package: etexcmds 2011/02/16 v1.5 Avoid name clashes with e-TeX commands (HO)
Package etexcmds Info: Could not find \expanded.
(etexcmds)             That can mean that you are not using pdfTeX 1.50 or
(etexcmds)             that some package has redefined \expanded.
(etexcmds)             In the latter case, load this package earlier.
Package: kvsetkeys 2012/04/25 v1.16 Key value parser (HO)
Package: kvdefinekeys 2011/04/07 v1.3 Define keys (HO)
Package: pdftexcmds 2011/11/29 v0.20 Utility functions of pdfTeX for LuaTeX (HO
)
Package pdftexcmds Info: LuaTeX not detected.
Package pdftexcmds Info: \pdf@primitive is available.
Package pdftexcmds Info: \pdf@ifprimitive is available.
Package pdftexcmds Info: \pdfdraftmode found.
Package: pdfescape 2011/11/25 v1.13 Implements pdfTeX's escape features (HO)
Package: bigintcalc 2012/04/08 v1.3 Expandable calculations on big integers (HO
)
Package: bitset 2011/01/30 v1.1 Handle bit-vector datatype (HO)
Package: uniquecounter 2011/01/30 v1.2 Provide unlimited unique counter (HO)
)
Package hobsub Info: Skipping package `hobsub' (already loaded).
Package: letltxmacro 2010/09/02 v1.4 Let assignment for LaTeX macros (HO)
Package: hopatch 2012/05/28 v1.2 Wrapper for package hooks (HO)
Package: xcolor-patch 2011/01/30 xcolor patch
Package: atveryend 2011/06/30 v1.8 Hooks at the very end of document (HO)
Package atveryend Info: \enddocument detected (standard20110627).
Package: atbegshi 2011/10/05 v1.16 At begin shipout hook (HO)
Package: refcount 2011/10/16 v3.4 Data extraction from label references (HO)
Package: hycolor 2011/01/30 v1.7 Color options for hyperref/bookmark (HO)
)
(/usr/local/texlive/2015/texmf-dist/tex/latex/oberdiek/auxhook.sty
Package: auxhook 2011/03/04 v1.3 Hooks for auxiliary files (HO)
)
(/usr/local/texlive/2015/texmf-dist/tex/latex/oberdiek/kvoptions.sty
Package: kvoptions 2011/06/30 v3.11 Key value format for package options (HO)
)
\@linkdim=\dimen133
\Hy@linkcounter=\count108
\Hy@pagecounter=\count109

(/usr/local/texlive/2015/texmf-dist/tex/latex/hyperref/pd1enc.def
File: pd1enc.def 2012/11/06 v6.83m Hyperref: PDFDocEncoding definition (HO)
)
\Hy@SavedSpaceFactor=\count110

(/usr/local/texlive/2015/texmf-dist/tex/latex/latexconfig/hyperref.cfg
File: hyperref.cfg 2002/06/06 v1.2 hyperref configuration of TeXLive
)
Package hyperref Info: Hyper figures OFF on input line 4443.
Package hyperref Info: Link nesting OFF on input line 4448.
Package hyperref Info: Hyper index ON on input line 4451.
Package hyperref Info: Plain pages OFF on input line 4458.
Package hyperref Info: Backreferencing OFF on input line 4463.
Package hyperref Info: Implicit mode ON; LaTeX internals redefined.
Package hyperref Info: Bookmarks ON on input line 4688.
\c@Hy@tempcnt=\count111

(/usr/local/texlive/2015/texmf-dist/tex/latex/url/url.sty
\Urlmuskip=\muskip10
Package: url 2013/09/16  ver 3.4  Verb mode for urls, etc.
)
LaTeX Info: Redefining \url on input line 5041.
\XeTeXLinkMargin=\dimen134
\Fld@menulength=\count112
\Field@Width=\dimen135
\Fld@charsize=\dimen136
Package hyperref Info: Hyper figures OFF on input line 6295.
Package hyperref Info: Link nesting OFF on input line 6300.
Package hyperref Info: Hyper index ON on input line 6303.
Package hyperref Info: backreferencing OFF on input line 6310.
Package hyperref Info: Link coloring OFF on input line 6315.
Package hyperref Info: Link coloring with OCG OFF on input line 6320.
Package hyperref Info: PDF/A mode OFF on input line 6325.
LaTeX Info: Redefining \ref on input line 6365.
LaTeX Info: Redefining \pageref on input line 6369.
\Hy@abspage=\count113
\c@Item=\count114
\c@Hfootnote=\count115
)

Package hyperref Message: Driver (autodetected): hpdftex.

(/usr/local/texlive/2015/texmf-dist/tex/latex/hyperref/hpdftex.def
File: hpdftex.def 2012/11/06 v6.83m Hyperref driver for pdfTeX
\Fld@listcount=\count116
\c@bookmark@seq@number=\count117

(/usr/local/texlive/2015/texmf-dist/tex/latex/oberdiek/rerunfilecheck.sty
Package: rerunfilecheck 2011/04/15 v1.7 Rerun checks for auxiliary files (HO)
Package uniquecounter Info: New unique counter `rerunfilecheck' on input line 2
82.
)
\Hy@SectionHShift=\skip55
)
Package hyperref Info: Option `colorlinks' set `true' on input line 65.

(/usr/local/texlive/2015/texmf-dist/tex/latex/fancyhdr/fancyhdr.sty
\fancy@headwidth=\skip56
\f@ncyO@elh=\skip57
\f@ncyO@erh=\skip58
\f@ncyO@olh=\skip59
\f@ncyO@orh=\skip60
\f@ncyO@elf=\skip61
\f@ncyO@erf=\skip62
\f@ncyO@olf=\skip63
\f@ncyO@orf=\skip64
)
(/usr/local/texlive/2015/texmf-dist/tex/latex/lastpage/lastpage.sty
Package: lastpage 2015/03/29 v1.2m Refers to last page's name (HMM; JPG)
)

Package Fancyhdr Warning: \fancyhead's `E' option without twoside option is use
less on input line 84.

(/usr/local/texlive/2015/texmf-dist/tex/latex/lipsum/lipsum.sty
Package: lipsum 2014/07/27 v1.3 150 paragraphs of Lorem Ipsum dummy text
\c@lips@count=\count118
)
(/usr/local/texlive/2015/texmf-dist/tex/latex/tocloft/tocloft.sty
Package: tocloft 2013/05/02 v2.3f parameterised ToC, etc., typesetting
Package tocloft Info: The document has section divisions on input line 44.
\cftparskip=\skip65
\cftbeforetoctitleskip=\skip66
\cftaftertoctitleskip=\skip67
\cftbeforepartskip=\skip68
\cftpartnumwidth=\skip69
\cftpartindent=\skip70
\cftbeforesecskip=\skip71
\cftsecindent=\skip72
\cftsecnumwidth=\skip73
\cftbeforesubsecskip=\skip74
\cftsubsecindent=\skip75
\cftsubsecnumwidth=\skip76
\cftbeforesubsubsecskip=\skip77
\cftsubsubsecindent=\skip78
\cftsubsubsecnumwidth=\skip79
\cftbeforeparaskip=\skip80
\cftparaindent=\skip81
\cftparanumwidth=\skip82
\cftbeforesubparaskip=\skip83
\cftsubparaindent=\skip84
\cftsubparanumwidth=\skip85
\cftbeforeloftitleskip=\skip86
\cftafterloftitleskip=\skip87
\cftbeforefigskip=\skip88
\cftfigindent=\skip89
\cftfignumwidth=\skip90
\c@lofdepth=\count119
\c@lotdepth=\count120
\cftbeforelottitleskip=\skip91
\cftafterlottitleskip=\skip92
\cftbeforetabskip=\skip93
\cfttabindent=\skip94
\cfttabnumwidth=\skip95
)
(./Sys_Requirements.aux)
\openout1 = `Sys_Requirements.aux'.

LaTeX Font Info:    Checking defaults for OML/cmm/m/it on input line 174.
LaTeX Font Info:    ... okay on input line 174.
LaTeX Font Info:    Checking defaults for T1/cmr/m/n on input line 174.
LaTeX Font Info:    ... okay on input line 174.
LaTeX Font Info:    Checking defaults for OT1/cmr/m/n on input line 174.
LaTeX Font Info:    ... okay on input line 174.
LaTeX Font Info:    Checking defaults for OMS/cmsy/m/n on input line 174.
LaTeX Font Info:    ... okay on input line 174.
LaTeX Font Info:    Checking defaults for OMX/cmex/m/n on input line 174.
LaTeX Font Info:    ... okay on input line 174.
LaTeX Font Info:    Checking defaults for U/cmr/m/n on input line 174.
LaTeX Font Info:    ... okay on input line 174.
LaTeX Font Info:    Checking defaults for TS1/cmr/m/n on input line 174.
LaTeX Font Info:    Try loading font information for TS1+cmr on input line 174.


(/usr/local/texlive/2015/texmf-dist/tex/latex/base/ts1cmr.fd
File: ts1cmr.fd 2014/09/29 v2.5h Standard LaTeX font definitions
)
LaTeX Font Info:    ... okay on input line 174.
LaTeX Font Info:    Checking defaults for PD1/pdf/m/n on input line 174.
LaTeX Font Info:    ... okay on input line 174.

*geometry* driver: auto-detecting
*geometry* detected driver: pdftex
*geometry* verbose mode - [ preamble ] result:
* driver: pdftex
* paper: <default>
* layout: <same size as paper>
* layoutoffset:(h,v)=(0.0pt,0.0pt)
* modes: 
* h-part:(L,W,R)=(72.26999pt, 469.75502pt, 72.26999pt)
* v-part:(T,H,B)=(72.26999pt, 650.43001pt, 72.26999pt)
* \paperwidth=614.295pt
* \paperheight=794.96999pt
* \textwidth=469.75502pt
* \textheight=650.43001pt
* \oddsidemargin=0.0pt
* \evensidemargin=0.0pt
* \topmargin=-37.0pt
* \headheight=12.0pt
* \headsep=14.45377pt
* \topskip=11.0pt
* \footskip=30.0pt
* \marginparwidth=59.0pt
* \marginparsep=10.0pt
* \columnsep=10.0pt
* \skip\footins=10.0pt plus 4.0pt minus 2.0pt
* \hoffset=0.0pt
* \voffset=0.0pt
* \mag=1000
* \@twocolumnfalse
* \@twosidefalse
* \@mparswitchfalse
* \@reversemarginfalse
* (1in=72.27pt=25.4mm, 1cm=28.453pt)

(/usr/local/texlive/2015/texmf-dist/tex/context/base/supp-pdf.mkii
[Loading MPS to PDF converter (version 2006.09.02).]
\scratchcounter=\count121
\scratchdimen=\dimen137
\scratchbox=\box58
\nofMPsegments=\count122
\nofMParguments=\count123
\everyMPshowfont=\toks23
\MPscratchCnt=\count124
\MPscratchDim=\dimen138
\MPnumerator=\count125
\makeMPintoPDFobject=\count126
\everyMPtoPDFconversion=\toks24
)
\c@mv@tabular=\count127
\c@mv@boldtabular=\count128
 (/usr/local/texlive/2015/texmf-dist/tex/latex/oberdiek/epstopdf-base.sty
Package: epstopdf-base 2010/02/09 v2.5 Base part for package epstopdf

(/usr/local/texlive/2015/texmf-dist/tex/latex/oberdiek/grfext.sty
Package: grfext 2010/08/19 v1.1 Manage graphics extensions (HO)
)
Package grfext Info: Graphics extension search list:
(grfext)             [.png,.pdf,.jpg,.mps,.jpeg,.jbig2,.jb2,.PNG,.PDF,.JPG,.JPE
G,.JBIG2,.JB2,.eps]
(grfext)             \AppendGraphicsExtensions on input line 452.

(/usr/local/texlive/2015/texmf-dist/tex/latex/latexconfig/epstopdf-sys.cfg
File: epstopdf-sys.cfg 2010/07/13 v1.3 Configuration of (r)epstopdf for TeX Liv
e
))
\AtBeginShipoutBox=\box59
Package hyperref Info: Link coloring ON on input line 174.

(/usr/local/texlive/2015/texmf-dist/tex/latex/hyperref/nameref.sty
Package: nameref 2012/10/27 v2.43 Cross-referencing by name of section

(/usr/local/texlive/2015/texmf-dist/tex/generic/oberdiek/gettitlestring.sty
Package: gettitlestring 2010/12/03 v1.4 Cleanup title references (HO)
)
\c@section@level=\count129
)
LaTeX Info: Redefining \ref on input line 174.
LaTeX Info: Redefining \pageref on input line 174.
LaTeX Info: Redefining \nameref on input line 174.

(./Sys_Requirements.out) (./Sys_Requirements.out)
\@outlinefile=\write3
\openout3 = `Sys_Requirements.out'.

Package lastpage Info: Please have a look at the pageslts package at
(lastpage)             https://www.ctan.org/pkg/pageslts
(lastpage)             ! on input line 174.

<Figures/alfred.png, id=144, 501.875pt x 501.875pt>
File: Figures/alfred.png Graphic file (type png)
 <use Figures/alfred.png>
Package pdftex.def Info: Figures/alfred.png used on input line 185.
(pdftex.def)             Requested size: 140.32062pt x 150.56366pt.
LaTeX Font Info:    Try loading font information for T1+Cabin-TLF on input line
 188.

(/usr/local/texlive/2015/texmf-dist/tex/latex/cabin/T1Cabin-TLF.fd
File: T1Cabin-TLF.fd 2012/11/17 (autoinst) Font definitions for T1/Cabin-TLF.
)
LaTeX Font Info:    Font shape `T1/Cabin-TLF/m/n' will be
(Font)              scaled to size 10.95pt on input line 188.
LaTeX Font Info:    Font shape `T1/Cabin-TLF/m/n' will be
(Font)              scaled to size 24.88pt on input line 189.
LaTeX Font Info:    External font `cmex10' loaded for size
(Font)              <10.95> on input line 198.
LaTeX Font Info:    External font `cmex10' loaded for size
(Font)              <8> on input line 198.
LaTeX Font Info:    External font `cmex10' loaded for size
(Font)              <6> on input line 198.
 [1

{/usr/local/texlive/2015/texmf-var/fonts/map/pdftex/updmap/pdftex.map} <./Figur
es/alfred.png>] (./Sys_Requirements.toc)
\tf@toc=\write4
\openout4 = `Sys_Requirements.toc'.

 (./Sys_Requirements.lot)
\tf@lot=\write5
\openout5 = `Sys_Requirements.lot'.


(./Sys_Requirements.lof [2])
\tf@lof=\write6
\openout6 = `Sys_Requirements.lof'.



Package Fancyhdr Warning: \headheight is too small (12.0pt): 
 Make it at least 13.59999pt.
 We now make it that large for the rest of the document.
 This may cause the page layout to be inconsistent, however.

[3]
LaTeX Font Info:    Calculating math sizes for size <14> on input line 225.
LaTeX Font Info:    External font `cmex10' loaded for size
(Font)              <14> on input line 225.
LaTeX Font Info:    External font `cmex10' loaded for size
(Font)              <9.79996> on input line 225.
LaTeX Font Info:    External font `cmex10' loaded for size
(Font)              <7> on input line 225.

Overfull \hbox (3.0pt too wide) in paragraph at lines 225--225
|[][][][][][][]| 
 []

[4]
Overfull \hbox (3.0pt too wide) in paragraph at lines 254--254
|[][][][][][][]| 
 []

LaTeX Font Info:    External font `cmex10' loaded for size
(Font)              <12> on input line 257.

Overfull \hbox (3.0pt too wide) in paragraph at lines 257--257
|[][][][][][][]| 
 []


Underfull \hbox (badness 10000) in paragraph at lines 258--259

 []


Underfull \hbox (badness 10000) in paragraph at lines 260--261

 []


Overfull \hbox (3.0pt too wide) in paragraph at lines 265--265
|[][][][][][][]| 
 []


Overfull \hbox (3.0pt too wide) in paragraph at lines 269--269
|[][][][][][][]| 
 []


Overfull \hbox (3.0pt too wide) in paragraph at lines 271--271
|[][][][][][][]| 
 []


Overfull \hbox (3.0pt too wide) in paragraph at lines 280--280
|[][][][][][][]| 
 []


Overfull \hbox (3.0pt too wide) in paragraph at lines 290--290
|[][][][][][][]| 
 []

[5]
Overfull \hbox (3.0pt too wide) in paragraph at lines 297--297
|[][][][][][][]| 
 []


Overfull \hbox (3.0pt too wide) in paragraph at lines 300--300
|[][][][][][][]| 
 []


Overfull \hbox (1.71077pt too wide) in alignment at lines 304--307
 [] [] 
 []


Underfull \vbox (badness 10000) detected at line 307
 []


Overfull \hbox (1.71077pt too wide) in alignment at lines 309--312
 [] [] 
 []


Underfull \vbox (badness 10000) detected at line 312
 []


Overfull \hbox (1.71077pt too wide) in alignment at lines 314--317
 [] [] 
 []


Underfull \vbox (badness 10000) detected at line 317
 []


Overfull \hbox (1.71077pt too wide) in alignment at lines 319--322
 [] [] 
 []


Underfull \vbox (badness 10000) detected at line 322
 []


Overfull \hbox (3.0pt too wide) in paragraph at lines 325--325
|[][][][][][][]| 
 []


Overfull \hbox (3.0pt too wide) in paragraph at lines 328--328
|[][][][][][][]| 
 []


Overfull \hbox (6.01292pt too wide) in alignment at lines 330--347
 [] [] 
 []


Underfull \vbox (badness 10000) detected at line 347
 []


Overfull \hbox (3.0pt too wide) in paragraph at lines 350--350
|[][][][][][][]| 
 []

[6]
Overfull \hbox (3.0pt too wide) in paragraph at lines 358--358
|[][][][][][][]| 
 []


Overfull \hbox (3.0pt too wide) in paragraph at lines 379--379
|[][][][][][][]| 
 []


Overfull \hbox (3.0pt too wide) in paragraph at lines 382--382
|[][][][][][][]| 
 []


Overfull \hbox (3.0pt too wide) in paragraph at lines 390--390
|[][][][][][][]| 
 []


Overfull \hbox (1.71077pt too wide) in alignment at lines 392--395
 [] [] 
 []


Underfull \vbox (badness 10000) detected at line 395
 []


Overfull \hbox (1.71077pt too wide) in alignment at lines 397--400
 [] [] 
 []


Underfull \vbox (badness 10000) detected at line 400
 []


Overfull \hbox (1.71077pt too wide) in alignment at lines 402--405
 [] [] 
 []


Underfull \vbox (badness 10000) detected at line 405
 []

[7]
Overfull \hbox (1.71077pt too wide) in alignment at lines 407--410
 [] [] 
 []


Underfull \vbox (badness 10000) detected at line 410
 []


Overfull \hbox (1.71077pt too wide) in alignment at lines 412--415
 [] [] 
 []


Underfull \vbox (badness 10000) detected at line 415
 []


Overfull \hbox (3.0pt too wide) in paragraph at lines 421--421
|[][][][][][][]| 
 []

<Figures/ContextDiagram.png, id=299, 763.85374pt x 573.14125pt>
File: Figures/ContextDiagram.png Graphic file (type png)

<use Figures/ContextDiagram.png>
Package pdftex.def Info: Figures/ContextDiagram.png used on input line 425.
(pdftex.def)             Requested size: 458.31578pt x 343.8874pt.

Overfull \hbox (3.0pt too wide) in paragraph at lines 434--434
|[][][][][][][]| 
 []

[8 <./Figures/ContextDiagram.png>]
Overfull \hbox (3.0pt too wide) in paragraph at lines 444--444
|[][][][][][][]| 
 []


Overfull \hbox (1.71077pt too wide) in alignment at lines 447--450
 [] [] 
 []


Underfull \vbox (badness 10000) detected at line 450
 []


Overfull \hbox (1.71077pt too wide) in alignment at lines 453--456
 [] [] 
 []


Underfull \vbox (badness 10000) detected at line 456
 []


Overfull \hbox (1.71077pt too wide) in alignment at lines 460--463
 [] [] 
 []


Underfull \vbox (badness 10000) detected at line 463
 []


Overfull \hbox (1.71077pt too wide) in alignment at lines 466--469
 [] [] 
 []


Underfull \vbox (badness 10000) detected at line 469
 []


Overfull \hbox (1.71077pt too wide) in alignment at lines 473--476
 [] [] 
 []


Underfull \vbox (badness 10000) detected at line 476
 []


Overfull \hbox (1.71077pt too wide) in alignment at lines 480--483
 [] [] 
 []


Underfull \vbox (badness 10000) detected at line 483
 []


Overfull \hbox (1.71077pt too wide) in alignment at lines 486--489
 [] [] 
 []


Underfull \vbox (badness 10000) detected at line 489
 []


Overfull \hbox (1.71077pt too wide) in alignment at lines 492--495
 [] [] 
 []


Underfull \vbox (badness 10000) detected at line 495
 []

[9]
Overfull \hbox (1.71077pt too wide) in alignment at lines 498--501
 [] [] 
 []


Underfull \vbox (badness 10000) detected at line 501
 []


Overfull \hbox (1.71077pt too wide) in alignment at lines 505--508
 [] [] 
 []


Underfull \vbox (badness 10000) detected at line 508
 []


Overfull \hbox (1.71077pt too wide) in alignment at lines 512--515
 [] [] 
 []


Underfull \vbox (badness 10000) detected at line 515
 []


Overfull \hbox (1.71077pt too wide) in alignment at lines 518--521
 [] [] 
 []


Underfull \vbox (badness 10000) detected at line 521
 []


Overfull \hbox (1.71077pt too wide) in alignment at lines 524--527
 [] [] 
 []


Underfull \vbox (badness 10000) detected at line 527
 []


Overfull \hbox (1.71077pt too wide) in alignment at lines 530--533
 [] [] 
 []


Underfull \vbox (badness 10000) detected at line 533
 []


Overfull \hbox (3.0pt too wide) in paragraph at lines 536--536
|[][][][][][][]| 
 []


Overfull \hbox (1.71077pt too wide) in alignment at lines 539--542
 [] [] 
 []


Underfull \vbox (badness 10000) detected at line 542
 []

[10]
Overfull \hbox (1.71077pt too wide) in alignment at lines 545--548
 [] [] 
 []


Underfull \vbox (badness 10000) detected at line 548
 []


Overfull \hbox (3.0pt too wide) in paragraph at lines 551--551
|[][][][][][][]| 
 []


Overfull \hbox (1.71077pt too wide) in alignment at lines 554--557
 [] [] 
 []


Underfull \vbox (badness 10000) detected at line 557
 []


Overfull \hbox (1.71077pt too wide) in alignment at lines 560--563
 [] [] 
 []


Underfull \vbox (badness 10000) detected at line 563
 []


Overfull \hbox (1.71077pt too wide) in alignment at lines 566--569
 [] [] 
 []


Underfull \vbox (badness 10000) detected at line 569
 []


Overfull \hbox (1.71077pt too wide) in alignment at lines 572--575
 [] [] 
 []


Underfull \vbox (badness 10000) detected at line 575
 []

[11]
Overfull \hbox (3.0pt too wide) in paragraph at lines 584--584
|[][][][][][][]| 
 []

<Figures/Legend1.png, id=343, 458.71375pt x 432.61626pt>
File: Figures/Legend1.png Graphic file (type png)

<use Figures/Legend1.png>
Package pdftex.def Info: Figures/Legend1.png used on input line 589.
(pdftex.def)             Requested size: 229.35631pt x 216.3076pt.

<Figures/UserDiagram.png, id=344, 1081.03876pt x 673.51625pt>
File: Figures/UserDiagram.png Graphic file (type png)

<use Figures/UserDiagram.png>
Package pdftex.def Info: Figures/UserDiagram.png used on input line 595.
(pdftex.def)             Requested size: 459.44363pt x 286.24576pt.
 [12 <./Figures/Legend1.png> <./Figures/UserDiagram.png>] <Figures/DataFlowDiag
ram.png, id=352, 771.88374pt x 894.34125pt>
File: Figures/DataFlowDiagram.png Graphic file (type png)

<use Figures/DataFlowDiagram.png>
Package pdftex.def Info: Figures/DataFlowDiagram.png used on input line 602.
(pdftex.def)             Requested size: 482.42615pt x 558.96191pt.

Overfull \hbox (12.67113pt too wide) in paragraph at lines 602--603
 [][] 
 []

[13 <./Figures/DataFlowDiagram.png>]
Overfull \hbox (3.0pt too wide) in paragraph at lines 611--611
|[][][][][][][]| 
 []


Overfull \hbox (3.0pt too wide) in paragraph at lines 614--614
|[][][][][][][]| 
 []


Underfull \hbox (badness 1635) in paragraph at lines 634--634
[]|\T1/cmr/m/n/10.95 Subject to scope def-i-ni-tion
 []


Underfull \hbox (badness 1845) in paragraph at lines 640--640
[]|\T1/cmr/m/n/10.95 Ensures Food Safety Stan-
 []


Underfull \hbox (badness 3919) in paragraph at lines 655--655
[]|\T1/cmr/m/n/10.95 Administrator can over-ride
 []


Underfull \hbox (badness 6691) in paragraph at lines 655--655
[]|\T1/cmr/m/n/10.95 Restrictions on when the
 []


Underfull \hbox (badness 1960) in paragraph at lines 655--655
\T1/cmr/m/n/10.95 home base may be im-ple-
 []


Underfull \hbox (badness 1635) in paragraph at lines 661--661
[]|\T1/cmr/m/n/10.95 Subject to scope def-i-ni-tion
 []


Underfull \hbox (badness 10000) in paragraph at lines 661--661
[]|\T1/cmr/m/n/10.95 Orders might be ful-filled
 []


Underfull \vbox (badness 10000) detected at line 662
 []


Overfull \hbox (3.0pt too wide) in paragraph at lines 665--665
|[][][][][][][]| 
 []


Underfull \vbox (badness 10000) detected at line 677
 []


Overfull \hbox (3.0pt too wide) in paragraph at lines 680--680
|[][][][][][][]| 
 []


Underfull \hbox (badness 1635) in paragraph at lines 688--688
[]|\T1/cmr/m/n/10.95 Subject to scope def-i-ni-tion
 []


Underfull \hbox (badness 10000) in paragraph at lines 688--688
[]|\T1/cmr/m/n/10.95 Requirement may be re-
 []


Underfull \hbox (badness 1635) in paragraph at lines 691--691
[]|\T1/cmr/m/n/10.95 Subject to scope def-i-ni-tion
 []


Underfull \hbox (badness 10000) in paragraph at lines 691--691
[]|\T1/cmr/m/n/10.95 Requirement may be re-
 []


Underfull \hbox (badness 1635) in paragraph at lines 694--694
[]|\T1/cmr/m/n/10.95 Subject to scope def-i-ni-tion
 []


Underfull \hbox (badness 10000) in paragraph at lines 694--694
[]|\T1/cmr/m/n/10.95 Requirement may be re-
 []


Underfull \vbox (badness 10000) detected at line 698
 []

[14]
Overfull \hbox (3.0pt too wide) in paragraph at lines 706--706
|[][][][][][][]| 
 []


Overfull \hbox (3.0pt too wide) in paragraph at lines 709--709
|[][][][][][][]| 
 []


Overfull \hbox (3.0pt too wide) in paragraph at lines 712--712
|[][][][][][][]| 
 []


Overfull \hbox (1.71077pt too wide) in alignment at lines 714--721
 [] [] 
 []


Underfull \vbox (badness 10000) detected at line 721
 []


Overfull \hbox (3.0pt too wide) in paragraph at lines 724--724
|[][][][][][][]| 
 []


Overfull \hbox (1.71077pt too wide) in alignment at lines 726--731
 [] [] 
 []


Underfull \vbox (badness 10000) detected at line 731
 []


Overfull \hbox (3.0pt too wide) in paragraph at lines 735--735
|[][][][][][][]| 
 []


Overfull \hbox (3.0pt too wide) in paragraph at lines 738--738
|[][][][][][][]| 
 []


Overfull \hbox (1.71077pt too wide) in alignment at lines 739--744
 [] [] 
 []


Underfull \vbox (badness 10000) detected at line 744
 []

[15]
Overfull \hbox (3.0pt too wide) in paragraph at lines 748--748
|[][][][][][][]| 
 []


Overfull \hbox (3.0pt too wide) in paragraph at lines 754--754
|[][][][][][][]| 
 []


Overfull \hbox (1.71077pt too wide) in alignment at lines 756--759
 [] [] 
 []


Underfull \vbox (badness 10000) detected at line 759
 []


Overfull \hbox (3.0pt too wide) in paragraph at lines 762--762
|[][][][][][][]| 
 []


Overfull \hbox (1.71077pt too wide) in alignment at lines 764--767
 [] [] 
 []


Underfull \vbox (badness 10000) detected at line 767
 []


Overfull \hbox (3.0pt too wide) in paragraph at lines 769--769
|[][][][][][][]| 
 []


Overfull \hbox (1.71077pt too wide) in alignment at lines 771--774
 [] [] 
 []


Underfull \vbox (badness 10000) detected at line 774
 []


Overfull \hbox (3.0pt too wide) in paragraph at lines 778--778
|[][][][][][][]| 
 []


Overfull \hbox (1.71077pt too wide) in alignment at lines 780--783
 [] [] 
 []


Underfull \vbox (badness 10000) detected at line 783
 []


Overfull \hbox (3.0pt too wide) in paragraph at lines 786--786
|[][][][][][][]| 
 []


Overfull \hbox (1.71077pt too wide) in alignment at lines 788--797
 [] [] 
 []


Underfull \vbox (badness 10000) detected at line 797
 []

[16]
Overfull \hbox (3.0pt too wide) in paragraph at lines 801--801
|[][][][][][][]| 
 []


Overfull \hbox (1.71077pt too wide) in alignment at lines 803--810
 [] [] 
 []


Underfull \vbox (badness 10000) detected at line 810
 []


Overfull \hbox (3.0pt too wide) in paragraph at lines 813--813
|[][][][][][][]| 
 []


Overfull \hbox (1.71077pt too wide) in alignment at lines 815--822
 [] [] 
 []


Underfull \vbox (badness 10000) detected at line 822
 []


Overfull \hbox (3.0pt too wide) in paragraph at lines 825--825
|[][][][][][][]| 
 []


Overfull \hbox (1.71077pt too wide) in alignment at lines 827--830
 [] [] 
 []


Underfull \vbox (badness 10000) detected at line 830
 []


Overfull \hbox (3.0pt too wide) in paragraph at lines 833--833
|[][][][][][][]| 
 []

[17]
Overfull \hbox (3.0pt too wide) in paragraph at lines 840--840
|[][][][][][][]| 
 []


Overfull \hbox (1.71077pt too wide) in alignment at lines 842--845
 [] [] 
 []


Underfull \vbox (badness 10000) detected at line 845
 []


Overfull \hbox (3.0pt too wide) in paragraph at lines 848--848
|[][][][][][][]| 
 []


Overfull \hbox (1.71077pt too wide) in alignment at lines 850--853
 [] [] 
 []


Underfull \vbox (badness 10000) detected at line 853
 []


Overfull \hbox (3.0pt too wide) in paragraph at lines 855--855
|[][][][][][][]| 
 []


Overfull \hbox (1.71077pt too wide) in alignment at lines 857--860
 [] [] 
 []


Underfull \vbox (badness 10000) detected at line 860
 []


Overfull \hbox (3.0pt too wide) in paragraph at lines 862--862
|[][][][][][][]| 
 []


Overfull \hbox (3.0pt too wide) in paragraph at lines 865--865
|[][][][][][][]| 
 []


Overfull \hbox (3.0pt too wide) in paragraph at lines 872--872
|[][][][][][][]| 
 []


Overfull \hbox (3.0pt too wide) in paragraph at lines 879--879
|[][][][][][][]| 
 []


Overfull \hbox (3.0pt too wide) in paragraph at lines 882--882
|[][][][][][][]| 
 []


Overfull \hbox (1.71077pt too wide) in alignment at lines 884--890
 [] [] 
 []


Underfull \vbox (badness 10000) detected at line 890
 []

[18]
Overfull \hbox (3.0pt too wide) in paragraph at lines 894--894
|[][][][][][][]| 
 []


Overfull \hbox (1.71077pt too wide) in alignment at lines 896--901
 [] [] 
 []


Underfull \vbox (badness 10000) detected at line 901
 []


Overfull \hbox (3.0pt too wide) in paragraph at lines 904--904
|[][][][][][][]| 
 []


Overfull \hbox (3.0pt too wide) in paragraph at lines 911--911
|[][][][][][][]| 
 []


Overfull \hbox (3.0pt too wide) in paragraph at lines 914--914
|[][][][][][][]| 
 []


Overfull \hbox (1.71077pt too wide) in alignment at lines 916--919
 [] [] 
 []


Underfull \vbox (badness 10000) detected at line 919
 []


Overfull \hbox (3.0pt too wide) in paragraph at lines 922--922
|[][][][][][][]| 
 []


Overfull \hbox (1.71077pt too wide) in alignment at lines 924--927
 [] [] 
 []


Underfull \vbox (badness 10000) detected at line 927
 []


Overfull \hbox (3.0pt too wide) in paragraph at lines 930--930
|[][][][][][][]| 
 []


Overfull \hbox (1.71077pt too wide) in alignment at lines 932--937
 [] [] 
 []


Underfull \vbox (badness 10000) detected at line 937
 []


Overfull \hbox (3.0pt too wide) in paragraph at lines 940--940
|[][][][][][][]| 
 []


Overfull \hbox (3.0pt too wide) in paragraph at lines 947--947
|[][][][][][][]| 
 []


Overfull \hbox (1.71077pt too wide) in alignment at lines 949--952
 [] [] 
 []


Underfull \vbox (badness 10000) detected at line 952
 []

[19]
Overfull \hbox (3.0pt too wide) in paragraph at lines 956--956
|[][][][][][][]| 
 []


Overfull \hbox (3.0pt too wide) in paragraph at lines 959--959
|[][][][][][][]| 
 []


Overfull \hbox (3.0pt too wide) in paragraph at lines 965--965
|[][][][][][][]| 
 []


Overfull \hbox (3.0pt too wide) in paragraph at lines 971--971
|[][][][][][][]| 
 []


Overfull \hbox (3.0pt too wide) in paragraph at lines 974--974
|[][][][][][][]| 
 []


Overfull \hbox (1.71077pt too wide) in alignment at lines 976--983
 [] [] 
 []


Underfull \vbox (badness 10000) detected at line 983
 []


Overfull \hbox (3.0pt too wide) in paragraph at lines 986--986
|[][][][][][][]| 
 []


Overfull \hbox (1.71077pt too wide) in alignment at lines 988--991
 [] [] 
 []


Underfull \vbox (badness 10000) detected at line 991
 []


Overfull \hbox (3.0pt too wide) in paragraph at lines 996--996
|[][][][][][][]| 
 []


Overfull \hbox (3.0pt too wide) in paragraph at lines 999--999
|[][][][][][][]| 
 []


Overfull \hbox (3.0pt too wide) in paragraph at lines 1009--1009
|[][][][][][][]| 
 []


Overfull \hbox (3.0pt too wide) in paragraph at lines 1012--1012
|[][][][][][][]| 
 []

[20]
Overfull \hbox (3.0pt too wide) in paragraph at lines 1031--1031
|[][][][][][][]| 
 []


Overfull \hbox (3.0pt too wide) in paragraph at lines 1044--1044
|[][][][][][][]| 
 []


Overfull \hbox (3.0pt too wide) in paragraph at lines 1066--1066
|[][][][][][][]| 
 []


AED: lastpage setting LastPage
[21]
Package atveryend Info: Empty hook `BeforeClearDocument' on input line 1074.
Package atveryend Info: Empty hook `AfterLastShipout' on input line 1074.
 (./Sys_Requirements.aux)
Package atveryend Info: Executing hook `AtVeryEndDocument' on input line 1074.
Package atveryend Info: Executing hook `AtEndAfterFileList' on input line 1074.

Package rerunfilecheck Info: File `Sys_Requirements.out' has not changed.
(rerunfilecheck)             Checksum: E590A87513D66477D2AAEC6BC3852B51;2556.
Package atveryend Info: Empty hook `AtVeryVeryEnd' on input line 1074.
 ) 
Here is how much of TeX's memory you used:
 8941 strings out of 493089
 131287 string characters out of 6134842
 346717 words of memory out of 5000000
 12107 multiletter control sequences out of 15000+600000
 36487 words of font info for 42 fonts, out of 8000000 for 9000
 1141 hyphenation exceptions out of 8191
 41i,12n,43p,458b,486s stack positions out of 5000i,500n,10000p,200000b,80000s
{/usr/local/texlive/2015/texmf-dist/fonts/enc/dvips/cm-super/cm-super-ts1.enc
}{/usr/local/texlive/2015/texmf-dist/fonts/enc/dvips/cm-super/cm-super-t1.enc}{
/usr/local/texlive/2015/texmf-dist/fonts/enc/dvips/cabin/cbn_aojlca.enc}</usr/l
ocal/texlive/2015/texmf-dist/fonts/type1/impallari/cabin/Cabin-Regular.pfb></us
r/local/texlive/2015/texmf-dist/fonts/type1/public/cm-super/sfbx1095.pfb></usr/
local/texlive/2015/texmf-dist/fonts/type1/public/cm-super/sfbx1200.pfb></usr/lo
cal/texlive/2015/texmf-dist/fonts/type1/public/cm-super/sfbx1440.pfb></usr/loca
l/texlive/2015/texmf-dist/fonts/type1/public/cm-super/sfcc1200.pfb></usr/local/
texlive/2015/texmf-dist/fonts/type1/public/cm-super/sfrm0800.pfb></usr/local/te
xlive/2015/texmf-dist/fonts/type1/public/cm-super/sfrm1095.pfb></usr/local/texl
ive/2015/texmf-dist/fonts/type1/public/cm-super/sfrm1440.pfb></usr/local/texliv
e/2015/texmf-dist/fonts/type1/public/cm-super/sfxc1440.pfb>
Output written on Sys_Requirements.pdf (21 pages, 342663 bytes).
PDF statistics:
 545 PDF objects out of 1000 (max. 8388607)
 497 compressed objects within 5 object streams
 173 named destinations out of 1000 (max. 500000)
 312 words of extra memory for PDF output out of 10000 (max. 10000000)

