\BOOKMARK [1][-]{section.1}{Revisions}{}% 1
\BOOKMARK [1][-]{section.2}{Purpose}{}% 2
\BOOKMARK [2][-]{subsection.2.1}{Scope}{section.2}% 3
\BOOKMARK [2][-]{subsection.2.2}{Context Diagram}{section.2}% 4
\BOOKMARK [2][-]{subsection.2.3}{Diagram of Components}{section.2}% 5
\BOOKMARK [2][-]{subsection.2.4}{Assumptions}{section.2}% 6
\BOOKMARK [2][-]{subsection.2.5}{Components to Requirements}{section.2}% 7
\BOOKMARK [1][-]{section.3}{System Variables}{}% 8
\BOOKMARK [2][-]{subsection.3.1}{Monitored and Controlled Variables}{section.3}% 9
\BOOKMARK [2][-]{subsection.3.2}{Constants}{section.3}% 10
\BOOKMARK [1][-]{section.4}{Behaviour Overview}{}% 11
\BOOKMARK [1][-]{section.5}{Component Traceability}{}% 12
\BOOKMARK [1][-]{section.6}{Component Overview}{}% 13
\BOOKMARK [2][-]{subsection.6.1}{Ordering System Module}{section.6}% 14
\BOOKMARK [2][-]{subsection.6.2}{Manager Login Page Module}{section.6}% 15
\BOOKMARK [2][-]{subsection.6.3}{Manager Station Map Software Module}{section.6}% 16
\BOOKMARK [2][-]{subsection.6.4}{Manager Station Request Software Module}{section.6}% 17
\BOOKMARK [2][-]{subsection.6.5}{Back End Web Service Module}{section.6}% 18
\BOOKMARK [2][-]{subsection.6.6}{Alfred Manager Module}{section.6}% 19
\BOOKMARK [2][-]{subsection.6.7}{Alfred Drive-Train Module}{section.6}% 20
\BOOKMARK [2][-]{subsection.6.8}{Alfred Pumping System Module}{section.6}% 21
\BOOKMARK [2][-]{subsection.6.9}{Alfred Image Processing Module }{section.6}% 22
\BOOKMARK [1][-]{section.7}{Likelihood of Change}{}% 23
\BOOKMARK [1][-]{section.8}{Normal Operation}{}% 24
\BOOKMARK [1][-]{section.9}{Undesired Event Handling}{}% 25
\BOOKMARK [1][-]{section.10}{ClientApp}{}% 26
\BOOKMARK [2][-]{subsection.10.1}{Purpose}{section.10}% 27
\BOOKMARK [2][-]{subsection.10.2}{Scope}{section.10}% 28
\BOOKMARK [2][-]{subsection.10.3}{Module Decomposition}{section.10}% 29
\BOOKMARK [2][-]{subsection.10.4}{Uses Relation}{section.10}% 30
\BOOKMARK [2][-]{subsection.10.5}{MIS}{section.10}% 31
\BOOKMARK [2][-]{subsection.10.6}{MID}{section.10}% 32
\BOOKMARK [1][-]{section.11}{Manager System}{}% 33
\BOOKMARK [2][-]{subsection.11.1}{Purpose}{section.11}% 34
\BOOKMARK [2][-]{subsection.11.2}{Scope}{section.11}% 35
\BOOKMARK [2][-]{subsection.11.3}{Module Decomposition}{section.11}% 36
\BOOKMARK [2][-]{subsection.11.4}{Uses Relation}{section.11}% 37
\BOOKMARK [2][-]{subsection.11.5}{MIS}{section.11}% 38
\BOOKMARK [2][-]{subsection.11.6}{MID}{section.11}% 39
\BOOKMARK [1][-]{section.12}{Alfred System}{}% 40
\BOOKMARK [2][-]{subsection.12.1}{Purpose}{section.12}% 41
\BOOKMARK [2][-]{subsection.12.2}{Scope}{section.12}% 42
\BOOKMARK [2][-]{subsection.12.3}{Module Decomposition}{section.12}% 43
\BOOKMARK [2][-]{subsection.12.4}{Uses Relation}{section.12}% 44
\BOOKMARK [2][-]{subsection.12.5}{MIS}{section.12}% 45
\BOOKMARK [2][-]{subsection.12.6}{MID}{section.12}% 46
\BOOKMARK [1][-]{section.13}{Pumping System}{}% 47
\BOOKMARK [2][-]{subsection.13.1}{Purpose}{section.13}% 48
\BOOKMARK [2][-]{subsection.13.2}{Scope}{section.13}% 49
\BOOKMARK [2][-]{subsection.13.3}{Module Decomposition}{section.13}% 50
\BOOKMARK [2][-]{subsection.13.4}{Uses Relation}{section.13}% 51
\BOOKMARK [2][-]{subsection.13.5}{MIS}{section.13}% 52
\BOOKMARK [2][-]{subsection.13.6}{MID}{section.13}% 53
\BOOKMARK [1][-]{section.14}{Server}{}% 54
\BOOKMARK [2][-]{subsection.14.1}{Purpose}{section.14}% 55
\BOOKMARK [2][-]{subsection.14.2}{Scope}{section.14}% 56
\BOOKMARK [2][-]{subsection.14.3}{Module Decomposition}{section.14}% 57
\BOOKMARK [2][-]{subsection.14.4}{Uses Relation}{section.14}% 58
\BOOKMARK [2][-]{subsection.14.5}{MIS}{section.14}% 59
\BOOKMARK [2][-]{subsection.14.6}{MID}{section.14}% 60
\BOOKMARK [1][-]{section.15}{Scheduling}{}% 61
\BOOKMARK [1][-]{section.16}{Design Notes}{}% 62
\BOOKMARK [1][-]{section.17}{References}{}% 63
