\BOOKMARK [1][-]{section.1}{Revisions}{}% 1
\BOOKMARK [1][-]{section.2}{Introduction}{}% 2
\BOOKMARK [2][-]{subsection.2.1}{Document Purpose}{section.2}% 3
\BOOKMARK [2][-]{subsection.2.2}{Scope}{section.2}% 4
\BOOKMARK [2][-]{subsection.2.3}{Definitions}{section.2}% 5
\BOOKMARK [1][-]{section.3}{Component Overview}{}% 6
\BOOKMARK [2][-]{subsection.3.1}{Drink Ordering System}{section.3}% 7
\BOOKMARK [2][-]{subsection.3.2}{Login System}{section.3}% 8
\BOOKMARK [2][-]{subsection.3.3}{Administrative Map System}{section.3}% 9
\BOOKMARK [2][-]{subsection.3.4}{Error Management System}{section.3}% 10
\BOOKMARK [2][-]{subsection.3.5}{Backend Server System}{section.3}% 11
\BOOKMARK [2][-]{subsection.3.6}{Alfred Manager System}{section.3}% 12
\BOOKMARK [2][-]{subsection.3.7}{Drivetrain Subsystem}{section.3}% 13
\BOOKMARK [2][-]{subsection.3.8}{Alfred Pumping System}{section.3}% 14
\BOOKMARK [2][-]{subsection.3.9}{Image Processing Subsystem}{section.3}% 15
\BOOKMARK [1][-]{section.4}{Safety Considerations}{}% 16
\BOOKMARK [2][-]{subsection.4.1}{Drink Ordering System}{section.4}% 17
\BOOKMARK [2][-]{subsection.4.2}{Login System}{section.4}% 18
\BOOKMARK [2][-]{subsection.4.3}{Administrative Map System}{section.4}% 19
\BOOKMARK [2][-]{subsection.4.4}{Error Management System}{section.4}% 20
\BOOKMARK [2][-]{subsection.4.5}{Backend Server System}{section.4}% 21
\BOOKMARK [2][-]{subsection.4.6}{Alfred Manager System}{section.4}% 22
\BOOKMARK [2][-]{subsection.4.7}{Drivetrain Subsystem}{section.4}% 23
\BOOKMARK [2][-]{subsection.4.8}{Alfred Pumping System}{section.4}% 24
\BOOKMARK [2][-]{subsection.4.9}{Image Processing Subsystem}{section.4}% 25
\BOOKMARK [1][-]{section.5}{Correlation Between Hazard Functions and Requirements}{}% 26
\BOOKMARK [1][-]{section.6}{FMEA Worksheet}{}% 27
